
--- Job June2018_Bugflow.gms Start 05/07/21 00:57:47 33.2.0 r4f23b21 WEX-WEI x86 64bit/MS Windows
--- Applying:
    C:\GAMS\33\gmsprmNT.txt
--- GAMS Parameters defined
    Input "E:\Class project\GCD_BugFlowExperiment\June 2018\Linear Weekend-Weekday - Price-Senstivity\June2018_Bugflow.gms"
    PageWidth 80
    PageSize 0
    PageContr 3
    Action CE
    ScrDir "E:\Class project\GCD_BugFlowExperiment\June 2018\Linear Weekend-Weekday - Price-Senstivity\225a\"
    SysDir C:\GAMS\33\
    WorkDir "E:\Class project\GCD_BugFlowExperiment\June 2018\Linear Weekend-Weekday - Price-Senstivity\"
    LogOption 3
    DFormat 0
    TFormat 0
    ErrorLog 99
    IDE 1
Licensee: Small MUD - 5 User License                     G200622/0001AP-GEN
          Utah State University, Utah Water Research Laboratory      DC7087
          C:\GAMS\33\gamslice.txt
GAMS 33.2.0   Copyright (C) 1987-2020 GAMS Development. All rights reserved
--- Starting compilation
--- June2018_Bugflow.gms(83) 3 Mb
--- call GDXXRW.EXE input=June2018.xls output=PriceSen_June.gdx set=d rng=day!A1 Rdim=1  par=Inflow rng=inflow!A1 Rdim=1  par=initstorage rng=initstorage!A1 Rdim=0  par=maxstorage rng=maxstorage!A1 Rdim=0   par=minstorage rng=minstorage!A1 Rdim=0  par=max

GDXXRW           33.2.0 r4f23b21 Released Dec 01, 2020 WEI x86 64bit/MS Window
Input file : E:\Class project\GCD_BugFlowExperiment\June 2018\Linear Weekend-Weekday - Price-Senstivity\June2018.xls
Output file: E:\Class project\GCD_BugFlowExperiment\June 2018\Linear Weekend-Weekday - Price-Senstivity\PriceSen_June.gdx
Total time = 860 Ms
--- June2018_Bugflow.gms(86) 3 Mb
--- GDXin=E:\Class project\GCD_BugFlowExperiment\June 2018\Linear Weekend-Weekday - Price-Senstivity\PriceSen_June.gdx
--- June2018_Bugflow.gms(269) 3 Mb
--- Starting execution: elapsed 0:00:01.064
--- June2018_Bugflow.gms(211) 4 Mb
--- Generating LP model Model2
--- June2018_Bugflow.gms(224) 4 Mb
--- LOOPS tot_vol = V1
---       case = case1
---   21 rows  12 columns  39 non-zeroes
--- Executing CPLEX (Solvelink=2): elapsed 0:00:01.068

IBM ILOG CPLEX   33.2.0 r4f23b21 Released Dec 01, 2020 WEI x86 64bit/MS Window

--- GAMS/Cplex licensed for continuous and discrete problems.
--- GMO memory 0.50 Mb (peak 0.50 Mb)
--- Dictionary memory 0.00 Mb
--- Cplex 12.10.0.0 link memory 0.00 Mb (peak 0.00 Mb)
--- Starting Cplex

Version identifier: 12.10.0.0 | 2019-11-26 | 843d4de2ae
CPXPARAM_Advance                                 0
CPXPARAM_Simplex_Display                         2
CPXPARAM_Threads                                 6
CPXPARAM_Parallel                                1
CPXPARAM_MIP_Display                             4
CPXPARAM_TimeLimit                               20000
CPXPARAM_MIP_Tolerances_AbsMIPGap                0
CPXPARAM_MIP_Tolerances_MIPGap                   0.001
Tried aggregator 1 time.
LP Presolve eliminated 20 rows and 12 columns.
All rows and columns eliminated.
Presolve time = 0.00 sec. (0.01 ticks)

--- LP status (1): optimal.
--- Cplex Time: 0.00sec (det. 0.02 ticks)


Optimal solution found
Objective:     17830883.196402

--- Reading solution for model Model2
--- Executing after solve: elapsed 0:00:01.213
--- June2018_Bugflow.gms(211) 4 Mb
--- Generating LP model Model2
--- June2018_Bugflow.gms(224) 4 Mb
--- LOOPS tot_vol = V1
---       case = case2
---   21 rows  12 columns  39 non-zeroes
--- Executing CPLEX (Solvelink=2): elapsed 0:00:01.215

IBM ILOG CPLEX   33.2.0 r4f23b21 Released Dec 01, 2020 WEI x86 64bit/MS Window

--- GAMS/Cplex licensed for continuous and discrete problems.
--- GMO memory 0.50 Mb (peak 0.50 Mb)
--- Dictionary memory 0.00 Mb
--- Cplex 12.10.0.0 link memory 0.00 Mb (peak 0.00 Mb)
--- Starting Cplex

Version identifier: 12.10.0.0 | 2019-11-26 | 843d4de2ae
CPXPARAM_Advance                                 2
CPXPARAM_Simplex_Display                         2
CPXPARAM_Threads                                 6
CPXPARAM_Parallel                                1
CPXPARAM_MIP_Display                             4
CPXPARAM_TimeLimit                               20000
CPXPARAM_MIP_Tolerances_AbsMIPGap                0
CPXPARAM_MIP_Tolerances_MIPGap                   0.001
Tried aggregator 1 time.
LP Presolve eliminated 16 rows and 8 columns.
Aggregator did 4 substitutions.
All rows and columns eliminated.
Presolve time = 0.00 sec. (0.01 ticks)

--- LP status (1): optimal.
--- Cplex Time: 0.00sec (det. 0.02 ticks)


Optimal solution found
Objective:     17901469.395485

--- Reading solution for model Model2
--- Executing after solve: elapsed 0:00:01.361
--- June2018_Bugflow.gms(211) 4 Mb
--- Generating LP model Model2
--- June2018_Bugflow.gms(224) 4 Mb
--- LOOPS tot_vol = V1
---       case = case3
---   21 rows  12 columns  39 non-zeroes
--- Executing CPLEX (Solvelink=2): elapsed 0:00:01.363

IBM ILOG CPLEX   33.2.0 r4f23b21 Released Dec 01, 2020 WEI x86 64bit/MS Window

--- GAMS/Cplex licensed for continuous and discrete problems.
--- GMO memory 0.50 Mb (peak 0.50 Mb)
--- Dictionary memory 0.00 Mb
--- Cplex 12.10.0.0 link memory 0.00 Mb (peak 0.00 Mb)
--- Starting Cplex

Version identifier: 12.10.0.0 | 2019-11-26 | 843d4de2ae
CPXPARAM_Advance                                 2
CPXPARAM_Simplex_Display                         2
CPXPARAM_Threads                                 6
CPXPARAM_Parallel                                1
CPXPARAM_MIP_Display                             4
CPXPARAM_TimeLimit                               20000
CPXPARAM_MIP_Tolerances_AbsMIPGap                0
CPXPARAM_MIP_Tolerances_MIPGap                   0.001
Tried aggregator 1 time.
LP Presolve eliminated 16 rows and 8 columns.
Aggregator did 4 substitutions.
All rows and columns eliminated.
Presolve time = 0.00 sec. (0.01 ticks)

--- LP status (1): optimal.
--- Cplex Time: 0.08sec (det. 0.02 ticks)


Optimal solution found
Objective:     17945585.769912

--- Reading solution for model Model2
--- Executing after solve: elapsed 0:00:01.496
--- June2018_Bugflow.gms(211) 4 Mb
--- Generating LP model Model2
--- June2018_Bugflow.gms(224) 4 Mb
--- LOOPS tot_vol = V1
---       case = case4
---   21 rows  12 columns  39 non-zeroes
--- Executing CPLEX (Solvelink=2): elapsed 0:00:01.500

IBM ILOG CPLEX   33.2.0 r4f23b21 Released Dec 01, 2020 WEI x86 64bit/MS Window

--- GAMS/Cplex licensed for continuous and discrete problems.
--- GMO memory 0.50 Mb (peak 0.50 Mb)
--- Dictionary memory 0.00 Mb
--- Cplex 12.10.0.0 link memory 0.00 Mb (peak 0.00 Mb)
--- Starting Cplex

Version identifier: 12.10.0.0 | 2019-11-26 | 843d4de2ae
CPXPARAM_Advance                                 2
CPXPARAM_Simplex_Display                         2
CPXPARAM_Threads                                 6
CPXPARAM_Parallel                                1
CPXPARAM_MIP_Display                             4
CPXPARAM_TimeLimit                               20000
CPXPARAM_MIP_Tolerances_AbsMIPGap                0
CPXPARAM_MIP_Tolerances_MIPGap                   0.001
Tried aggregator 1 time.
LP Presolve eliminated 16 rows and 8 columns.
Aggregator did 4 substitutions.
All rows and columns eliminated.
Presolve time = 0.00 sec. (0.01 ticks)

--- LP status (1): optimal.
--- Cplex Time: 0.08sec (det. 0.02 ticks)


Optimal solution found
Objective:     17970521.111979

--- Reading solution for model Model2
--- Executing after solve: elapsed 0:00:01.640
--- June2018_Bugflow.gms(211) 4 Mb
--- Generating LP model Model2
--- June2018_Bugflow.gms(224) 4 Mb
--- LOOPS tot_vol = V1
---       case = case5
---   21 rows  12 columns  39 non-zeroes
--- Executing CPLEX (Solvelink=2): elapsed 0:00:01.644

IBM ILOG CPLEX   33.2.0 r4f23b21 Released Dec 01, 2020 WEI x86 64bit/MS Window

--- GAMS/Cplex licensed for continuous and discrete problems.
--- GMO memory 0.50 Mb (peak 0.50 Mb)
--- Dictionary memory 0.00 Mb
--- Cplex 12.10.0.0 link memory 0.00 Mb (peak 0.00 Mb)
--- Starting Cplex

Version identifier: 12.10.0.0 | 2019-11-26 | 843d4de2ae
CPXPARAM_Advance                                 2
CPXPARAM_Simplex_Display                         2
CPXPARAM_Threads                                 6
CPXPARAM_Parallel                                1
CPXPARAM_MIP_Display                             4
CPXPARAM_TimeLimit                               20000
CPXPARAM_MIP_Tolerances_AbsMIPGap                0
CPXPARAM_MIP_Tolerances_MIPGap                   0.001
Tried aggregator 1 time.
LP Presolve eliminated 16 rows and 8 columns.
Aggregator did 4 substitutions.
All rows and columns eliminated.
Presolve time = 0.00 sec. (0.01 ticks)

--- LP status (1): optimal.
--- Cplex Time: 0.00sec (det. 0.02 ticks)


Optimal solution found
Objective:     17997723.303325

--- Reading solution for model Model2
--- Executing after solve: elapsed 0:00:01.868
--- June2018_Bugflow.gms(211) 4 Mb
--- Generating LP model Model1
--- June2018_Bugflow.gms(223) 4 Mb
--- LOOPS tot_vol = V1
---       case = case6
---   21 rows  12 columns  39 non-zeroes
--- Executing CPLEX (Solvelink=2): elapsed 0:00:01.870

IBM ILOG CPLEX   33.2.0 r4f23b21 Released Dec 01, 2020 WEI x86 64bit/MS Window

--- GAMS/Cplex licensed for continuous and discrete problems.
--- GMO memory 0.50 Mb (peak 0.50 Mb)
--- Dictionary memory 0.00 Mb
--- Cplex 12.10.0.0 link memory 0.00 Mb (peak 0.00 Mb)
--- Starting Cplex

Version identifier: 12.10.0.0 | 2019-11-26 | 843d4de2ae
CPXPARAM_Advance                                 2
CPXPARAM_Simplex_Display                         2
CPXPARAM_Threads                                 6
CPXPARAM_Parallel                                1
CPXPARAM_MIP_Display                             4
CPXPARAM_TimeLimit                               20000
CPXPARAM_MIP_Tolerances_AbsMIPGap                0
CPXPARAM_MIP_Tolerances_MIPGap                   0.001
Tried aggregator 1 time.
LP Presolve eliminated 16 rows and 8 columns.
Aggregator did 4 substitutions.
All rows and columns eliminated.
Presolve time = 0.00 sec. (0.01 ticks)

--- LP status (1): optimal.
--- Cplex Time: 0.00sec (det. 0.02 ticks)


Optimal solution found
Objective:     17990049.599325

--- Reading solution for model Model1
--- Executing after solve: elapsed 0:00:02.018
--- June2018_Bugflow.gms(211) 4 Mb
--- Generating LP model Model1
--- June2018_Bugflow.gms(223) 4 Mb
--- LOOPS tot_vol = V1
---       case = case7
---   21 rows  12 columns  39 non-zeroes
--- Executing CPLEX (Solvelink=2): elapsed 0:00:02.021

IBM ILOG CPLEX   33.2.0 r4f23b21 Released Dec 01, 2020 WEI x86 64bit/MS Window

--- GAMS/Cplex licensed for continuous and discrete problems.
--- GMO memory 0.50 Mb (peak 0.50 Mb)
--- Dictionary memory 0.00 Mb
--- Cplex 12.10.0.0 link memory 0.00 Mb (peak 0.00 Mb)
--- Starting Cplex

Version identifier: 12.10.0.0 | 2019-11-26 | 843d4de2ae
CPXPARAM_Advance                                 2
CPXPARAM_Simplex_Display                         2
CPXPARAM_Threads                                 6
CPXPARAM_Parallel                                1
CPXPARAM_MIP_Display                             4
CPXPARAM_TimeLimit                               20000
CPXPARAM_MIP_Tolerances_AbsMIPGap                0
CPXPARAM_MIP_Tolerances_MIPGap                   0.001
Tried aggregator 1 time.
LP Presolve eliminated 16 rows and 8 columns.
Aggregator did 4 substitutions.
All rows and columns eliminated.
Presolve time = 0.00 sec. (0.01 ticks)

--- LP status (1): optimal.
--- Cplex Time: 0.08sec (det. 0.02 ticks)


Optimal solution found
Objective:     17982375.895325

--- Reading solution for model Model1
--- Executing after solve: elapsed 0:00:02.134
--- June2018_Bugflow.gms(211) 4 Mb
--- Generating LP model Model1
--- June2018_Bugflow.gms(223) 4 Mb
--- LOOPS tot_vol = V1
---       case = case8
---   21 rows  12 columns  39 non-zeroes
--- Executing CPLEX (Solvelink=2): elapsed 0:00:02.136

IBM ILOG CPLEX   33.2.0 r4f23b21 Released Dec 01, 2020 WEI x86 64bit/MS Window

--- GAMS/Cplex licensed for continuous and discrete problems.
--- GMO memory 0.50 Mb (peak 0.50 Mb)
--- Dictionary memory 0.00 Mb
--- Cplex 12.10.0.0 link memory 0.00 Mb (peak 0.00 Mb)
--- Starting Cplex

Version identifier: 12.10.0.0 | 2019-11-26 | 843d4de2ae
CPXPARAM_Advance                                 2
CPXPARAM_Simplex_Display                         2
CPXPARAM_Threads                                 6
CPXPARAM_Parallel                                1
CPXPARAM_MIP_Display                             4
CPXPARAM_TimeLimit                               20000
CPXPARAM_MIP_Tolerances_AbsMIPGap                0
CPXPARAM_MIP_Tolerances_MIPGap                   0.001
Tried aggregator 1 time.
LP Presolve eliminated 14 rows and 6 columns.
Aggregator did 4 substitutions.
Reduced LP has 2 rows, 2 columns, and 4 nonzeros.
Presolve time = 0.00 sec. (0.01 ticks)

Iteration      Dual Objective            In Variable           Out Variable
     1        17967028.487325         release(pHigh)EQc_UnSteadyOutfl artif
     2        17940883.952124          release(pLow)EQ6_Rampup_rate(p slack

--- LP status (1): optimal.
--- Cplex Time: 0.09sec (det. 0.03 ticks)


Optimal solution found
Objective:     17940883.952124

--- Reading solution for model Model1
--- Executing after solve: elapsed 0:00:02.272
--- June2018_Bugflow.gms(211) 4 Mb
--- Generating LP model Model1
--- June2018_Bugflow.gms(223) 4 Mb
--- LOOPS tot_vol = V1
---       case = case9
---   21 rows  12 columns  39 non-zeroes
--- Executing CPLEX (Solvelink=2): elapsed 0:00:02.274

IBM ILOG CPLEX   33.2.0 r4f23b21 Released Dec 01, 2020 WEI x86 64bit/MS Window

--- GAMS/Cplex licensed for continuous and discrete problems.
--- GMO memory 0.50 Mb (peak 0.50 Mb)
--- Dictionary memory 0.00 Mb
--- Cplex 12.10.0.0 link memory 0.00 Mb (peak 0.00 Mb)
--- Starting Cplex

Version identifier: 12.10.0.0 | 2019-11-26 | 843d4de2ae
CPXPARAM_Advance                                 2
CPXPARAM_Simplex_Display                         2
CPXPARAM_Threads                                 6
CPXPARAM_Parallel                                1
CPXPARAM_MIP_Display                             4
CPXPARAM_TimeLimit                               20000
CPXPARAM_MIP_Tolerances_AbsMIPGap                0
CPXPARAM_MIP_Tolerances_MIPGap                   0.001
Tried aggregator 1 time.
LP Presolve eliminated 14 rows and 6 columns.
Aggregator did 4 substitutions.
Reduced LP has 2 rows, 2 columns, and 4 nonzeros.
Presolve time = 0.00 sec. (0.01 ticks)

Iteration      Dual Objective            In Variable           Out Variable
     1        17944007.375325         release(pHigh)EQc_UnSteadyOutfl artif
     2        17818063.476391          release(pLow)EQ6_Rampup_rate(p slack

--- LP status (1): optimal.
--- Cplex Time: 0.08sec (det. 0.03 ticks)


Optimal solution found
Objective:     17818063.476391

--- Reading solution for model Model1
--- Executing after solve: elapsed 0:00:02.405
--- June2018_Bugflow.gms(211) 4 Mb
--- Generating LP model Model1
--- June2018_Bugflow.gms(223) 4 Mb
--- LOOPS tot_vol = V1
---       case = case10
---   21 rows  12 columns  39 non-zeroes
--- Executing CPLEX (Solvelink=2): elapsed 0:00:02.407

IBM ILOG CPLEX   33.2.0 r4f23b21 Released Dec 01, 2020 WEI x86 64bit/MS Window

--- GAMS/Cplex licensed for continuous and discrete problems.
--- GMO memory 0.50 Mb (peak 0.50 Mb)
--- Dictionary memory 0.00 Mb
--- Cplex 12.10.0.0 link memory 0.00 Mb (peak 0.00 Mb)
--- Starting Cplex

Version identifier: 12.10.0.0 | 2019-11-26 | 843d4de2ae
CPXPARAM_Advance                                 2
CPXPARAM_Simplex_Display                         2
CPXPARAM_Threads                                 6
CPXPARAM_Parallel                                1
CPXPARAM_MIP_Display                             4
CPXPARAM_TimeLimit                               20000
CPXPARAM_MIP_Tolerances_AbsMIPGap                0
CPXPARAM_MIP_Tolerances_MIPGap                   0.001
Tried aggregator 1 time.
LP Presolve eliminated 14 rows and 6 columns.
Aggregator did 4 substitutions.
Reduced LP has 2 rows, 2 columns, and 4 nonzeros.
Presolve time = 0.00 sec. (0.01 ticks)

Iteration      Dual Objective            In Variable           Out Variable
     1        17905638.855325         release(pHigh)EQc_UnSteadyOutfl artif
     2        17613362.683502          release(pLow)EQ6_Rampup_rate(p slack

--- LP status (1): optimal.
--- Cplex Time: 0.09sec (det. 0.03 ticks)


Optimal solution found
Objective:     17613362.683502

--- Reading solution for model Model1
--- Executing after solve: elapsed 0:00:02.541
--- June2018_Bugflow.gms(211) 4 Mb
--- Generating LP model Model1
--- June2018_Bugflow.gms(223) 4 Mb
--- LOOPS tot_vol = V1
---       case = case11
---   21 rows  12 columns  39 non-zeroes
--- Executing CPLEX (Solvelink=2): elapsed 0:00:02.543

IBM ILOG CPLEX   33.2.0 r4f23b21 Released Dec 01, 2020 WEI x86 64bit/MS Window

--- GAMS/Cplex licensed for continuous and discrete problems.
--- GMO memory 0.50 Mb (peak 0.50 Mb)
--- Dictionary memory 0.00 Mb
--- Cplex 12.10.0.0 link memory 0.00 Mb (peak 0.00 Mb)
--- Starting Cplex

Version identifier: 12.10.0.0 | 2019-11-26 | 843d4de2ae
CPXPARAM_Advance                                 2
CPXPARAM_Simplex_Display                         2
CPXPARAM_Threads                                 6
CPXPARAM_Parallel                                1
CPXPARAM_MIP_Display                             4
CPXPARAM_TimeLimit                               20000
CPXPARAM_MIP_Tolerances_AbsMIPGap                0
CPXPARAM_MIP_Tolerances_MIPGap                   0.001
Tried aggregator 1 time.
LP Presolve eliminated 15 rows and 7 columns.
Aggregator did 5 substitutions.
All rows and columns eliminated.
Presolve time = 0.00 sec. (0.01 ticks)

--- LP status (1): optimal.
--- Cplex Time: 0.06sec (det. 0.02 ticks)


Optimal solution found
Objective:     17408661.890613

--- Reading solution for model Model1
--- Executing after solve: elapsed 0:00:02.661
--- June2018_Bugflow.gms(211) 4 Mb
--- Generating LP model Model1
--- June2018_Bugflow.gms(223) 4 Mb
--- LOOPS tot_vol = V1
---       case = case12
---   21 rows  12 columns  35 non-zeroes
--- Executing CPLEX (Solvelink=2): elapsed 0:00:02.663

IBM ILOG CPLEX   33.2.0 r4f23b21 Released Dec 01, 2020 WEI x86 64bit/MS Window

--- GAMS/Cplex licensed for continuous and discrete problems.
--- GMO memory 0.50 Mb (peak 0.50 Mb)
--- Dictionary memory 0.00 Mb
--- Cplex 12.10.0.0 link memory 0.00 Mb (peak 0.00 Mb)
--- Starting Cplex

Version identifier: 12.10.0.0 | 2019-11-26 | 843d4de2ae
CPXPARAM_Advance                                 2
CPXPARAM_Simplex_Display                         2
CPXPARAM_Threads                                 6
CPXPARAM_Parallel                                1
CPXPARAM_MIP_Display                             4
CPXPARAM_TimeLimit                               20000
CPXPARAM_MIP_Tolerances_AbsMIPGap                0
CPXPARAM_MIP_Tolerances_MIPGap                   0.001
Tried aggregator 1 time.
LP Presolve eliminated 20 rows and 12 columns.
All rows and columns eliminated.
Presolve time = 0.00 sec. (0.01 ticks)

--- LP status (1): optimal.
--- Cplex Time: 0.00sec (det. 0.02 ticks)


Optimal solution found
Objective:     17203961.097724

--- Reading solution for model Model1
--- Executing after solve: elapsed 0:00:02.814
--- June2018_Bugflow.gms(211) 4 Mb
--- Generating LP model Model2
--- June2018_Bugflow.gms(224) 4 Mb
--- LOOPS tot_vol = V2
---       case = case1
---   21 rows  12 columns  39 non-zeroes
--- Executing CPLEX (Solvelink=2): elapsed 0:00:02.821

IBM ILOG CPLEX   33.2.0 r4f23b21 Released Dec 01, 2020 WEI x86 64bit/MS Window

--- GAMS/Cplex licensed for continuous and discrete problems.
--- GMO memory 0.50 Mb (peak 0.50 Mb)
--- Dictionary memory 0.00 Mb
--- Cplex 12.10.0.0 link memory 0.00 Mb (peak 0.00 Mb)
--- Starting Cplex

Version identifier: 12.10.0.0 | 2019-11-26 | 843d4de2ae
CPXPARAM_Advance                                 2
CPXPARAM_Simplex_Display                         2
CPXPARAM_Threads                                 6
CPXPARAM_Parallel                                1
CPXPARAM_MIP_Display                             4
CPXPARAM_TimeLimit                               20000
CPXPARAM_MIP_Tolerances_AbsMIPGap                0
CPXPARAM_MIP_Tolerances_MIPGap                   0.001
Tried aggregator 1 time.
LP Presolve eliminated 19 rows and 11 columns.
Aggregator did 1 substitutions.
All rows and columns eliminated.
Presolve time = 0.00 sec. (0.01 ticks)

--- LP status (1): optimal.
--- Cplex Time: 0.03sec (det. 0.02 ticks)


Optimal solution found
Objective:     20562051.095304

--- Reading solution for model Model2
--- Executing after solve: elapsed 0:00:02.925
--- June2018_Bugflow.gms(211) 4 Mb
--- Generating LP model Model2
--- June2018_Bugflow.gms(224) 4 Mb
--- LOOPS tot_vol = V2
---       case = case2
---   21 rows  12 columns  39 non-zeroes
--- Executing CPLEX (Solvelink=2): elapsed 0:00:02.927

IBM ILOG CPLEX   33.2.0 r4f23b21 Released Dec 01, 2020 WEI x86 64bit/MS Window

--- GAMS/Cplex licensed for continuous and discrete problems.
--- GMO memory 0.50 Mb (peak 0.50 Mb)
--- Dictionary memory 0.00 Mb
--- Cplex 12.10.0.0 link memory 0.00 Mb (peak 0.00 Mb)
--- Starting Cplex

Version identifier: 12.10.0.0 | 2019-11-26 | 843d4de2ae
CPXPARAM_Advance                                 2
CPXPARAM_Simplex_Display                         2
CPXPARAM_Threads                                 6
CPXPARAM_Parallel                                1
CPXPARAM_MIP_Display                             4
CPXPARAM_TimeLimit                               20000
CPXPARAM_MIP_Tolerances_AbsMIPGap                0
CPXPARAM_MIP_Tolerances_MIPGap                   0.001
Tried aggregator 1 time.
LP Presolve eliminated 14 rows and 6 columns.
Aggregator did 4 substitutions.
Reduced LP has 2 rows, 2 columns, and 4 nonzeros.
Presolve time = 0.00 sec. (0.01 ticks)

Iteration      Dual Objective            In Variable           Out Variable
     1        20685206.003455         release(pHigh)EQc_UnSteadyOutfl artif
     2        20562202.204993          release(pLow)EQ6_Rampup_rate(p slack

--- LP status (1): optimal.
--- Cplex Time: 0.08sec (det. 0.03 ticks)


Optimal solution found
Objective:     20562202.204993

--- Reading solution for model Model2
--- Executing after solve: elapsed 0:00:03.071
--- June2018_Bugflow.gms(211) 4 Mb
--- Generating LP model Model2
--- June2018_Bugflow.gms(224) 4 Mb
--- LOOPS tot_vol = V2
---       case = case3
---   21 rows  12 columns  39 non-zeroes
--- Executing CPLEX (Solvelink=2): elapsed 0:00:03.075

IBM ILOG CPLEX   33.2.0 r4f23b21 Released Dec 01, 2020 WEI x86 64bit/MS Window

--- GAMS/Cplex licensed for continuous and discrete problems.
--- GMO memory 0.50 Mb (peak 0.50 Mb)
--- Dictionary memory 0.00 Mb
--- Cplex 12.10.0.0 link memory 0.00 Mb (peak 0.00 Mb)
--- Starting Cplex

Version identifier: 12.10.0.0 | 2019-11-26 | 843d4de2ae
CPXPARAM_Advance                                 2
CPXPARAM_Simplex_Display                         2
CPXPARAM_Threads                                 6
CPXPARAM_Parallel                                1
CPXPARAM_MIP_Display                             4
CPXPARAM_TimeLimit                               20000
CPXPARAM_MIP_Tolerances_AbsMIPGap                0
CPXPARAM_MIP_Tolerances_MIPGap                   0.001
Tried aggregator 1 time.
LP Presolve eliminated 14 rows and 6 columns.
Aggregator did 4 substitutions.
Reduced LP has 2 rows, 2 columns, and 4 nonzeros.
Presolve time = 0.00 sec. (0.01 ticks)

Iteration      Dual Objective            In Variable           Out Variable
     1        20756527.838185         release(pHigh)EQc_UnSteadyOutfl artif
     2        20562277.759837          release(pLow)EQ6_Rampup_rate(p slack

--- LP status (1): optimal.
--- Cplex Time: 0.06sec (det. 0.03 ticks)


Optimal solution found
Objective:     20562277.759837

--- Reading solution for model Model2
--- Executing after solve: elapsed 0:00:03.188
--- June2018_Bugflow.gms(211) 4 Mb
--- Generating LP model Model2
--- June2018_Bugflow.gms(224) 4 Mb
--- LOOPS tot_vol = V2
---       case = case4
---   21 rows  12 columns  39 non-zeroes
--- Executing CPLEX (Solvelink=2): elapsed 0:00:03.191

IBM ILOG CPLEX   33.2.0 r4f23b21 Released Dec 01, 2020 WEI x86 64bit/MS Window

--- GAMS/Cplex licensed for continuous and discrete problems.
--- GMO memory 0.50 Mb (peak 0.50 Mb)
--- Dictionary memory 0.00 Mb
--- Cplex 12.10.0.0 link memory 0.00 Mb (peak 0.00 Mb)
--- Starting Cplex

Version identifier: 12.10.0.0 | 2019-11-26 | 843d4de2ae
CPXPARAM_Advance                                 2
CPXPARAM_Simplex_Display                         2
CPXPARAM_Threads                                 6
CPXPARAM_Parallel                                1
CPXPARAM_MIP_Display                             4
CPXPARAM_TimeLimit                               20000
CPXPARAM_MIP_Tolerances_AbsMIPGap                0
CPXPARAM_MIP_Tolerances_MIPGap                   0.001
Tried aggregator 1 time.
LP Presolve eliminated 14 rows and 6 columns.
Aggregator did 4 substitutions.
Reduced LP has 2 rows, 2 columns, and 4 nonzeros.
Presolve time = 0.00 sec. (0.01 ticks)

Iteration      Dual Objective            In Variable           Out Variable
     1        20796840.179554         release(pHigh)EQc_UnSteadyOutfl artif
     2        20562315.537259          release(pLow)EQ6_Rampup_rate(p slack

--- LP status (1): optimal.
--- Cplex Time: 0.09sec (det. 0.03 ticks)


Optimal solution found
Objective:     20562315.537259

--- Reading solution for model Model2
--- Executing after solve: elapsed 0:00:03.339
--- June2018_Bugflow.gms(211) 4 Mb
--- Generating LP model Model2
--- June2018_Bugflow.gms(224) 4 Mb
--- LOOPS tot_vol = V2
---       case = case5
---   21 rows  12 columns  39 non-zeroes
--- Executing CPLEX (Solvelink=2): elapsed 0:00:03.346

IBM ILOG CPLEX   33.2.0 r4f23b21 Released Dec 01, 2020 WEI x86 64bit/MS Window

--- GAMS/Cplex licensed for continuous and discrete problems.
--- GMO memory 0.50 Mb (peak 0.50 Mb)
--- Dictionary memory 0.00 Mb
--- Cplex 12.10.0.0 link memory 0.00 Mb (peak 0.00 Mb)
--- Starting Cplex

Version identifier: 12.10.0.0 | 2019-11-26 | 843d4de2ae
CPXPARAM_Advance                                 2
CPXPARAM_Simplex_Display                         2
CPXPARAM_Threads                                 6
CPXPARAM_Parallel                                1
CPXPARAM_MIP_Display                             4
CPXPARAM_TimeLimit                               20000
CPXPARAM_MIP_Tolerances_AbsMIPGap                0
CPXPARAM_MIP_Tolerances_MIPGap                   0.001
Tried aggregator 1 time.
LP Presolve eliminated 14 rows and 6 columns.
Aggregator did 4 substitutions.
Reduced LP has 2 rows, 2 columns, and 4 nonzeros.
Presolve time = 0.00 sec. (0.01 ticks)

Iteration      Dual Objective            In Variable           Out Variable
     1        20840817.279229         release(pHigh)EQc_UnSteadyOutfl artif
     2        20562353.314682          release(pLow)EQ6_Rampup_rate(p slack

--- LP status (1): optimal.
--- Cplex Time: 0.03sec (det. 0.03 ticks)


Optimal solution found
Objective:     20562353.314682

--- Reading solution for model Model2
--- Executing after solve: elapsed 0:00:03.482
--- June2018_Bugflow.gms(211) 4 Mb
--- Generating LP model Model1
--- June2018_Bugflow.gms(223) 4 Mb
--- LOOPS tot_vol = V2
---       case = case6
---   21 rows  12 columns  39 non-zeroes
--- Executing CPLEX (Solvelink=2): elapsed 0:00:03.487

IBM ILOG CPLEX   33.2.0 r4f23b21 Released Dec 01, 2020 WEI x86 64bit/MS Window

--- GAMS/Cplex licensed for continuous and discrete problems.
--- GMO memory 0.50 Mb (peak 0.50 Mb)
--- Dictionary memory 0.00 Mb
--- Cplex 12.10.0.0 link memory 0.00 Mb (peak 0.00 Mb)
--- Starting Cplex

Version identifier: 12.10.0.0 | 2019-11-26 | 843d4de2ae
CPXPARAM_Advance                                 2
CPXPARAM_Simplex_Display                         2
CPXPARAM_Threads                                 6
CPXPARAM_Parallel                                1
CPXPARAM_MIP_Display                             4
CPXPARAM_TimeLimit                               20000
CPXPARAM_MIP_Tolerances_AbsMIPGap                0
CPXPARAM_MIP_Tolerances_MIPGap                   0.001
Tried aggregator 1 time.
LP Presolve eliminated 14 rows and 6 columns.
Aggregator did 4 substitutions.
Reduced LP has 2 rows, 2 columns, and 4 nonzeros.
Presolve time = 0.00 sec. (0.01 ticks)

Iteration      Dual Objective            In Variable           Out Variable
     1        20833143.575229         release(pHigh)EQc_UnSteadyOutfl artif
     2        20521413.156104          release(pLow)EQ6_Rampup_rate(p slack

--- LP status (1): optimal.
--- Cplex Time: 0.05sec (det. 0.03 ticks)


Optimal solution found
Objective:     20521413.156104

--- Reading solution for model Model1
--- Executing after solve: elapsed 0:00:03.621
--- June2018_Bugflow.gms(211) 4 Mb
--- Generating LP model Model1
--- June2018_Bugflow.gms(223) 4 Mb
--- LOOPS tot_vol = V2
---       case = case7
---   21 rows  12 columns  39 non-zeroes
--- Executing CPLEX (Solvelink=2): elapsed 0:00:03.631

IBM ILOG CPLEX   33.2.0 r4f23b21 Released Dec 01, 2020 WEI x86 64bit/MS Window

--- GAMS/Cplex licensed for continuous and discrete problems.
--- GMO memory 0.50 Mb (peak 0.50 Mb)
--- Dictionary memory 0.00 Mb
--- Cplex 12.10.0.0 link memory 0.00 Mb (peak 0.00 Mb)
--- Starting Cplex

Version identifier: 12.10.0.0 | 2019-11-26 | 843d4de2ae
CPXPARAM_Advance                                 2
CPXPARAM_Simplex_Display                         2
CPXPARAM_Threads                                 6
CPXPARAM_Parallel                                1
CPXPARAM_MIP_Display                             4
CPXPARAM_TimeLimit                               20000
CPXPARAM_MIP_Tolerances_AbsMIPGap                0
CPXPARAM_MIP_Tolerances_MIPGap                   0.001
Tried aggregator 1 time.
LP Presolve eliminated 14 rows and 6 columns.
Aggregator did 4 substitutions.
Reduced LP has 2 rows, 2 columns, and 4 nonzeros.
Presolve time = 0.00 sec. (0.01 ticks)

Iteration      Dual Objective            In Variable           Out Variable
     1        20825469.871229         release(pHigh)EQc_UnSteadyOutfl artif
     2        20480472.997526          release(pLow)EQ6_Rampup_rate(p slack

--- LP status (1): optimal.
--- Cplex Time: 0.03sec (det. 0.03 ticks)


Optimal solution found
Objective:     20480472.997526

--- Reading solution for model Model1
--- Executing after solve: elapsed 0:00:03.729
--- June2018_Bugflow.gms(211) 4 Mb
--- Generating LP model Model1
--- June2018_Bugflow.gms(223) 4 Mb
--- LOOPS tot_vol = V2
---       case = case8
---   21 rows  12 columns  39 non-zeroes
--- Executing CPLEX (Solvelink=2): elapsed 0:00:03.732

IBM ILOG CPLEX   33.2.0 r4f23b21 Released Dec 01, 2020 WEI x86 64bit/MS Window

--- GAMS/Cplex licensed for continuous and discrete problems.
--- GMO memory 0.50 Mb (peak 0.50 Mb)
--- Dictionary memory 0.00 Mb
--- Cplex 12.10.0.0 link memory 0.00 Mb (peak 0.00 Mb)
--- Starting Cplex

Version identifier: 12.10.0.0 | 2019-11-26 | 843d4de2ae
CPXPARAM_Advance                                 2
CPXPARAM_Simplex_Display                         2
CPXPARAM_Threads                                 6
CPXPARAM_Parallel                                1
CPXPARAM_MIP_Display                             4
CPXPARAM_TimeLimit                               20000
CPXPARAM_MIP_Tolerances_AbsMIPGap                0
CPXPARAM_MIP_Tolerances_MIPGap                   0.001
Tried aggregator 1 time.
LP Presolve eliminated 14 rows and 6 columns.
Aggregator did 4 substitutions.
Reduced LP has 2 rows, 2 columns, and 4 nonzeros.
Presolve time = 0.00 sec. (0.01 ticks)

Iteration      Dual Objective            In Variable           Out Variable
     1        20810122.463229         release(pHigh)EQc_UnSteadyOutfl artif
     2        20398592.680371          release(pLow)EQ6_Rampup_rate(p slack

--- LP status (1): optimal.
--- Cplex Time: 0.08sec (det. 0.03 ticks)


Optimal solution found
Objective:     20398592.680371

--- Reading solution for model Model1
--- Executing after solve: elapsed 0:00:03.865
--- June2018_Bugflow.gms(211) 4 Mb
--- Generating LP model Model1
--- June2018_Bugflow.gms(223) 4 Mb
--- LOOPS tot_vol = V2
---       case = case9
---   21 rows  12 columns  39 non-zeroes
--- Executing CPLEX (Solvelink=2): elapsed 0:00:03.867

IBM ILOG CPLEX   33.2.0 r4f23b21 Released Dec 01, 2020 WEI x86 64bit/MS Window

--- GAMS/Cplex licensed for continuous and discrete problems.
--- GMO memory 0.50 Mb (peak 0.50 Mb)
--- Dictionary memory 0.00 Mb
--- Cplex 12.10.0.0 link memory 0.00 Mb (peak 0.00 Mb)
--- Starting Cplex

Version identifier: 12.10.0.0 | 2019-11-26 | 843d4de2ae
CPXPARAM_Advance                                 2
CPXPARAM_Simplex_Display                         2
CPXPARAM_Threads                                 6
CPXPARAM_Parallel                                1
CPXPARAM_MIP_Display                             4
CPXPARAM_TimeLimit                               20000
CPXPARAM_MIP_Tolerances_AbsMIPGap                0
CPXPARAM_MIP_Tolerances_MIPGap                   0.001
Tried aggregator 1 time.
LP Presolve eliminated 14 rows and 6 columns.
Aggregator did 4 substitutions.
Reduced LP has 2 rows, 2 columns, and 4 nonzeros.
Presolve time = 0.00 sec. (0.01 ticks)

Iteration      Dual Objective            In Variable           Out Variable
     1        20787101.351229         release(pHigh)EQc_UnSteadyOutfl artif
     2        20275772.204637          release(pLow)EQ6_Rampup_rate(p slack

--- LP status (1): optimal.
--- Cplex Time: 0.08sec (det. 0.03 ticks)


Optimal solution found
Objective:     20275772.204637

--- Reading solution for model Model1
--- Executing after solve: elapsed 0:00:04.012
--- June2018_Bugflow.gms(211) 4 Mb
--- Generating LP model Model1
--- June2018_Bugflow.gms(223) 4 Mb
--- LOOPS tot_vol = V2
---       case = case10
---   21 rows  12 columns  39 non-zeroes
--- Executing CPLEX (Solvelink=2): elapsed 0:00:04.016

IBM ILOG CPLEX   33.2.0 r4f23b21 Released Dec 01, 2020 WEI x86 64bit/MS Window

--- GAMS/Cplex licensed for continuous and discrete problems.
--- GMO memory 0.50 Mb (peak 0.50 Mb)
--- Dictionary memory 0.00 Mb
--- Cplex 12.10.0.0 link memory 0.00 Mb (peak 0.00 Mb)
--- Starting Cplex

Version identifier: 12.10.0.0 | 2019-11-26 | 843d4de2ae
CPXPARAM_Advance                                 2
CPXPARAM_Simplex_Display                         2
CPXPARAM_Threads                                 6
CPXPARAM_Parallel                                1
CPXPARAM_MIP_Display                             4
CPXPARAM_TimeLimit                               20000
CPXPARAM_MIP_Tolerances_AbsMIPGap                0
CPXPARAM_MIP_Tolerances_MIPGap                   0.001
Tried aggregator 1 time.
LP Presolve eliminated 14 rows and 6 columns.
Aggregator did 4 substitutions.
Reduced LP has 2 rows, 2 columns, and 4 nonzeros.
Presolve time = 0.00 sec. (0.01 ticks)

Iteration      Dual Objective            In Variable           Out Variable
     1        20748732.831229         release(pHigh)EQc_UnSteadyOutfl artif
     2        20071071.411748          release(pLow)EQ6_Rampup_rate(p slack

--- LP status (1): optimal.
--- Cplex Time: 0.06sec (det. 0.03 ticks)


Optimal solution found
Objective:     20071071.411748

--- Reading solution for model Model1
--- Executing after solve: elapsed 0:00:04.126
--- June2018_Bugflow.gms(211) 4 Mb
--- Generating LP model Model1
--- June2018_Bugflow.gms(223) 4 Mb
--- LOOPS tot_vol = V2
---       case = case11
---   21 rows  12 columns  39 non-zeroes
--- Executing CPLEX (Solvelink=2): elapsed 0:00:04.128

IBM ILOG CPLEX   33.2.0 r4f23b21 Released Dec 01, 2020 WEI x86 64bit/MS Window

--- GAMS/Cplex licensed for continuous and discrete problems.
--- GMO memory 0.50 Mb (peak 0.50 Mb)
--- Dictionary memory 0.00 Mb
--- Cplex 12.10.0.0 link memory 0.00 Mb (peak 0.00 Mb)
--- Starting Cplex

Version identifier: 12.10.0.0 | 2019-11-26 | 843d4de2ae
CPXPARAM_Advance                                 2
CPXPARAM_Simplex_Display                         2
CPXPARAM_Threads                                 6
CPXPARAM_Parallel                                1
CPXPARAM_MIP_Display                             4
CPXPARAM_TimeLimit                               20000
CPXPARAM_MIP_Tolerances_AbsMIPGap                0
CPXPARAM_MIP_Tolerances_MIPGap                   0.001
Tried aggregator 1 time.
LP Presolve eliminated 15 rows and 7 columns.
Aggregator did 5 substitutions.
All rows and columns eliminated.
Presolve time = 0.00 sec. (0.01 ticks)

--- LP status (1): optimal.
--- Cplex Time: 0.00sec (det. 0.02 ticks)


Optimal solution found
Objective:     19866370.618859

--- Reading solution for model Model1
--- Executing after solve: elapsed 0:00:04.267
--- June2018_Bugflow.gms(211) 4 Mb
--- Generating LP model Model1
--- June2018_Bugflow.gms(223) 4 Mb
--- LOOPS tot_vol = V2
---       case = case12
---   21 rows  12 columns  35 non-zeroes
--- Executing CPLEX (Solvelink=2): elapsed 0:00:04.273

IBM ILOG CPLEX   33.2.0 r4f23b21 Released Dec 01, 2020 WEI x86 64bit/MS Window

--- GAMS/Cplex licensed for continuous and discrete problems.
--- GMO memory 0.50 Mb (peak 0.50 Mb)
--- Dictionary memory 0.00 Mb
--- Cplex 12.10.0.0 link memory 0.00 Mb (peak 0.00 Mb)
--- Starting Cplex

Version identifier: 12.10.0.0 | 2019-11-26 | 843d4de2ae
CPXPARAM_Advance                                 2
CPXPARAM_Simplex_Display                         2
CPXPARAM_Threads                                 6
CPXPARAM_Parallel                                1
CPXPARAM_MIP_Display                             4
CPXPARAM_TimeLimit                               20000
CPXPARAM_MIP_Tolerances_AbsMIPGap                0
CPXPARAM_MIP_Tolerances_MIPGap                   0.001
Tried aggregator 1 time.
LP Presolve eliminated 20 rows and 12 columns.
All rows and columns eliminated.
Presolve time = 0.00 sec. (0.01 ticks)

--- LP status (1): optimal.
--- Cplex Time: 0.06sec (det. 0.02 ticks)


Optimal solution found
Objective:     19661669.825971

--- Reading solution for model Model1
--- Executing after solve: elapsed 0:00:04.381
--- June2018_Bugflow.gms(211) 4 Mb
--- Generating LP model Model2
--- June2018_Bugflow.gms(224) 4 Mb
--- LOOPS tot_vol = V3
---       case = case1
---   21 rows  12 columns  39 non-zeroes
--- Executing CPLEX (Solvelink=2): elapsed 0:00:04.383

IBM ILOG CPLEX   33.2.0 r4f23b21 Released Dec 01, 2020 WEI x86 64bit/MS Window

--- GAMS/Cplex licensed for continuous and discrete problems.
--- GMO memory 0.50 Mb (peak 0.50 Mb)
--- Dictionary memory 0.00 Mb
--- Cplex 12.10.0.0 link memory 0.00 Mb (peak 0.00 Mb)
--- Starting Cplex

Version identifier: 12.10.0.0 | 2019-11-26 | 843d4de2ae
CPXPARAM_Advance                                 2
CPXPARAM_Simplex_Display                         2
CPXPARAM_Threads                                 6
CPXPARAM_Parallel                                1
CPXPARAM_MIP_Display                             4
CPXPARAM_TimeLimit                               20000
CPXPARAM_MIP_Tolerances_AbsMIPGap                0
CPXPARAM_MIP_Tolerances_MIPGap                   0.001
Tried aggregator 1 time.
LP Presolve eliminated 19 rows and 11 columns.
Aggregator did 1 substitutions.
All rows and columns eliminated.
Presolve time = 0.00 sec. (0.01 ticks)

--- LP status (1): optimal.
--- Cplex Time: 0.00sec (det. 0.02 ticks)


Optimal solution found
Objective:     23019759.823550

--- Reading solution for model Model2
--- Executing after solve: elapsed 0:00:04.519
--- June2018_Bugflow.gms(211) 4 Mb
--- Generating LP model Model2
--- June2018_Bugflow.gms(224) 4 Mb
--- LOOPS tot_vol = V3
---       case = case2
---   21 rows  12 columns  39 non-zeroes
--- Executing CPLEX (Solvelink=2): elapsed 0:00:04.521

IBM ILOG CPLEX   33.2.0 r4f23b21 Released Dec 01, 2020 WEI x86 64bit/MS Window

--- GAMS/Cplex licensed for continuous and discrete problems.
--- GMO memory 0.50 Mb (peak 0.50 Mb)
--- Dictionary memory 0.00 Mb
--- Cplex 12.10.0.0 link memory 0.00 Mb (peak 0.00 Mb)
--- Starting Cplex

Version identifier: 12.10.0.0 | 2019-11-26 | 843d4de2ae
CPXPARAM_Advance                                 2
CPXPARAM_Simplex_Display                         2
CPXPARAM_Threads                                 6
CPXPARAM_Parallel                                1
CPXPARAM_MIP_Display                             4
CPXPARAM_TimeLimit                               20000
CPXPARAM_MIP_Tolerances_AbsMIPGap                0
CPXPARAM_MIP_Tolerances_MIPGap                   0.001
Tried aggregator 1 time.
LP Presolve eliminated 14 rows and 6 columns.
Aggregator did 4 substitutions.
Reduced LP has 2 rows, 2 columns, and 4 nonzeros.
Presolve time = 0.00 sec. (0.01 ticks)

Iteration      Dual Objective            In Variable           Out Variable
     1        23468942.611425         release(pHigh)EQc_UnSteadyOutfl artif
     2        23019910.933239          release(pLow)EQ6_Rampup_rate(p slack

--- LP status (1): optimal.
--- Cplex Time: 0.08sec (det. 0.03 ticks)


Optimal solution found
Objective:     23019910.933239

--- Reading solution for model Model2
--- Executing after solve: elapsed 0:00:04.689
--- June2018_Bugflow.gms(211) 4 Mb
--- Generating LP model Model2
--- June2018_Bugflow.gms(224) 4 Mb
--- LOOPS tot_vol = V3
---       case = case3
---   21 rows  12 columns  39 non-zeroes
--- Executing CPLEX (Solvelink=2): elapsed 0:00:04.691

IBM ILOG CPLEX   33.2.0 r4f23b21 Released Dec 01, 2020 WEI x86 64bit/MS Window

--- GAMS/Cplex licensed for continuous and discrete problems.
--- GMO memory 0.50 Mb (peak 0.50 Mb)
--- Dictionary memory 0.00 Mb
--- Cplex 12.10.0.0 link memory 0.00 Mb (peak 0.00 Mb)
--- Starting Cplex

Version identifier: 12.10.0.0 | 2019-11-26 | 843d4de2ae
CPXPARAM_Advance                                 2
CPXPARAM_Simplex_Display                         2
CPXPARAM_Threads                                 6
CPXPARAM_Parallel                                1
CPXPARAM_MIP_Display                             4
CPXPARAM_TimeLimit                               20000
CPXPARAM_MIP_Tolerances_AbsMIPGap                0
CPXPARAM_MIP_Tolerances_MIPGap                   0.001
Tried aggregator 1 time.
LP Presolve eliminated 14 rows and 6 columns.
Aggregator did 4 substitutions.
Reduced LP has 2 rows, 2 columns, and 4 nonzeros.
Presolve time = 0.00 sec. (0.01 ticks)

Iteration      Dual Objective            In Variable           Out Variable
     1        23567469.906458         release(pHigh)EQc_UnSteadyOutfl artif
     2        23019986.488084          release(pLow)EQ6_Rampup_rate(p slack

--- LP status (1): optimal.
--- Cplex Time: 0.05sec (det. 0.03 ticks)


Optimal solution found
Objective:     23019986.488084

--- Reading solution for model Model2
--- Executing after solve: elapsed 0:00:04.769
--- June2018_Bugflow.gms(211) 4 Mb
--- Generating LP model Model2
--- June2018_Bugflow.gms(224) 4 Mb
--- LOOPS tot_vol = V3
---       case = case4
---   21 rows  12 columns  39 non-zeroes
--- Executing CPLEX (Solvelink=2): elapsed 0:00:04.771

IBM ILOG CPLEX   33.2.0 r4f23b21 Released Dec 01, 2020 WEI x86 64bit/MS Window

--- GAMS/Cplex licensed for continuous and discrete problems.
--- GMO memory 0.50 Mb (peak 0.50 Mb)
--- Dictionary memory 0.00 Mb
--- Cplex 12.10.0.0 link memory 0.00 Mb (peak 0.00 Mb)
--- Starting Cplex

Version identifier: 12.10.0.0 | 2019-11-26 | 843d4de2ae
CPXPARAM_Advance                                 2
CPXPARAM_Simplex_Display                         2
CPXPARAM_Threads                                 6
CPXPARAM_Parallel                                1
CPXPARAM_MIP_Display                             4
CPXPARAM_TimeLimit                               20000
CPXPARAM_MIP_Tolerances_AbsMIPGap                0
CPXPARAM_MIP_Tolerances_MIPGap                   0.001
Tried aggregator 1 time.
LP Presolve eliminated 14 rows and 6 columns.
Aggregator did 4 substitutions.
Reduced LP has 2 rows, 2 columns, and 4 nonzeros.
Presolve time = 0.00 sec. (0.01 ticks)

Iteration      Dual Objective            In Variable           Out Variable
     1        23623159.247128         release(pHigh)EQc_UnSteadyOutfl artif
     2        23020024.265506          release(pLow)EQ6_Rampup_rate(p slack

--- LP status (1): optimal.
--- Cplex Time: 0.08sec (det. 0.03 ticks)


Optimal solution found
Objective:     23020024.265506

--- Reading solution for model Model2
--- Executing after solve: elapsed 0:00:04.891
--- June2018_Bugflow.gms(211) 4 Mb
--- Generating LP model Model2
--- June2018_Bugflow.gms(224) 4 Mb
--- LOOPS tot_vol = V3
---       case = case5
---   21 rows  12 columns  39 non-zeroes
--- Executing CPLEX (Solvelink=2): elapsed 0:00:04.894

IBM ILOG CPLEX   33.2.0 r4f23b21 Released Dec 01, 2020 WEI x86 64bit/MS Window

--- GAMS/Cplex licensed for continuous and discrete problems.
--- GMO memory 0.50 Mb (peak 0.50 Mb)
--- Dictionary memory 0.00 Mb
--- Cplex 12.10.0.0 link memory 0.00 Mb (peak 0.00 Mb)
--- Starting Cplex

Version identifier: 12.10.0.0 | 2019-11-26 | 843d4de2ae
CPXPARAM_Advance                                 2
CPXPARAM_Simplex_Display                         2
CPXPARAM_Threads                                 6
CPXPARAM_Parallel                                1
CPXPARAM_MIP_Display                             4
CPXPARAM_TimeLimit                               20000
CPXPARAM_MIP_Tolerances_AbsMIPGap                0
CPXPARAM_MIP_Tolerances_MIPGap                   0.001
Tried aggregator 1 time.
LP Presolve eliminated 14 rows and 6 columns.
Aggregator did 4 substitutions.
Reduced LP has 2 rows, 2 columns, and 4 nonzeros.
Presolve time = 0.00 sec. (0.01 ticks)

Iteration      Dual Objective            In Variable           Out Variable
     1        23683911.255133         release(pHigh)EQc_UnSteadyOutfl artif
     2        23020062.042928          release(pLow)EQ6_Rampup_rate(p slack

--- LP status (1): optimal.
--- Cplex Time: 0.08sec (det. 0.03 ticks)


Optimal solution found
Objective:     23020062.042928

--- Reading solution for model Model2
--- Executing after solve: elapsed 0:00:05.048
--- June2018_Bugflow.gms(211) 4 Mb
--- Generating LP model Model1
--- June2018_Bugflow.gms(223) 4 Mb
--- LOOPS tot_vol = V3
---       case = case6
---   21 rows  12 columns  39 non-zeroes
--- Executing CPLEX (Solvelink=2): elapsed 0:00:05.052

IBM ILOG CPLEX   33.2.0 r4f23b21 Released Dec 01, 2020 WEI x86 64bit/MS Window

--- GAMS/Cplex licensed for continuous and discrete problems.
--- GMO memory 0.50 Mb (peak 0.50 Mb)
--- Dictionary memory 0.00 Mb
--- Cplex 12.10.0.0 link memory 0.00 Mb (peak 0.00 Mb)
--- Starting Cplex

Version identifier: 12.10.0.0 | 2019-11-26 | 843d4de2ae
CPXPARAM_Advance                                 2
CPXPARAM_Simplex_Display                         2
CPXPARAM_Threads                                 6
CPXPARAM_Parallel                                1
CPXPARAM_MIP_Display                             4
CPXPARAM_TimeLimit                               20000
CPXPARAM_MIP_Tolerances_AbsMIPGap                0
CPXPARAM_MIP_Tolerances_MIPGap                   0.001
Tried aggregator 1 time.
LP Presolve eliminated 14 rows and 6 columns.
Aggregator did 4 substitutions.
Reduced LP has 2 rows, 2 columns, and 4 nonzeros.
Presolve time = 0.00 sec. (0.01 ticks)

Iteration      Dual Objective            In Variable           Out Variable
     1        23676237.551133         release(pHigh)EQc_UnSteadyOutfl artif
     2        22979121.884350          release(pLow)EQ6_Rampup_rate(p slack

--- LP status (1): optimal.
--- Cplex Time: 0.08sec (det. 0.03 ticks)


Optimal solution found
Objective:     22979121.884350

--- Reading solution for model Model1
--- Executing after solve: elapsed 0:00:05.185
--- June2018_Bugflow.gms(211) 4 Mb
--- Generating LP model Model1
--- June2018_Bugflow.gms(223) 4 Mb
--- LOOPS tot_vol = V3
---       case = case7
---   21 rows  12 columns  39 non-zeroes
--- Executing CPLEX (Solvelink=2): elapsed 0:00:05.188

IBM ILOG CPLEX   33.2.0 r4f23b21 Released Dec 01, 2020 WEI x86 64bit/MS Window

--- GAMS/Cplex licensed for continuous and discrete problems.
--- GMO memory 0.50 Mb (peak 0.50 Mb)
--- Dictionary memory 0.00 Mb
--- Cplex 12.10.0.0 link memory 0.00 Mb (peak 0.00 Mb)
--- Starting Cplex

Version identifier: 12.10.0.0 | 2019-11-26 | 843d4de2ae
CPXPARAM_Advance                                 2
CPXPARAM_Simplex_Display                         2
CPXPARAM_Threads                                 6
CPXPARAM_Parallel                                1
CPXPARAM_MIP_Display                             4
CPXPARAM_TimeLimit                               20000
CPXPARAM_MIP_Tolerances_AbsMIPGap                0
CPXPARAM_MIP_Tolerances_MIPGap                   0.001
Tried aggregator 1 time.
LP Presolve eliminated 14 rows and 6 columns.
Aggregator did 4 substitutions.
Reduced LP has 2 rows, 2 columns, and 4 nonzeros.
Presolve time = 0.00 sec. (0.01 ticks)

Iteration      Dual Objective            In Variable           Out Variable
     1        23668563.847133         release(pHigh)EQc_UnSteadyOutfl artif
     2        22938181.725772          release(pLow)EQ6_Rampup_rate(p slack

--- LP status (1): optimal.
--- Cplex Time: 0.09sec (det. 0.03 ticks)


Optimal solution found
Objective:     22938181.725772

--- Reading solution for model Model1
--- Executing after solve: elapsed 0:00:05.324
--- June2018_Bugflow.gms(211) 4 Mb
--- Generating LP model Model1
--- June2018_Bugflow.gms(223) 4 Mb
--- LOOPS tot_vol = V3
---       case = case8
---   21 rows  12 columns  39 non-zeroes
--- Executing CPLEX (Solvelink=2): elapsed 0:00:05.326

IBM ILOG CPLEX   33.2.0 r4f23b21 Released Dec 01, 2020 WEI x86 64bit/MS Window

--- GAMS/Cplex licensed for continuous and discrete problems.
--- GMO memory 0.50 Mb (peak 0.50 Mb)
--- Dictionary memory 0.00 Mb
--- Cplex 12.10.0.0 link memory 0.00 Mb (peak 0.00 Mb)
--- Starting Cplex

Version identifier: 12.10.0.0 | 2019-11-26 | 843d4de2ae
CPXPARAM_Advance                                 2
CPXPARAM_Simplex_Display                         2
CPXPARAM_Threads                                 6
CPXPARAM_Parallel                                1
CPXPARAM_MIP_Display                             4
CPXPARAM_TimeLimit                               20000
CPXPARAM_MIP_Tolerances_AbsMIPGap                0
CPXPARAM_MIP_Tolerances_MIPGap                   0.001
Tried aggregator 1 time.
LP Presolve eliminated 14 rows and 6 columns.
Aggregator did 4 substitutions.
Reduced LP has 2 rows, 2 columns, and 4 nonzeros.
Presolve time = 0.00 sec. (0.01 ticks)

Iteration      Dual Objective            In Variable           Out Variable
     1        23653216.439133         release(pHigh)EQc_UnSteadyOutfl artif
     2        22856301.408617          release(pLow)EQ6_Rampup_rate(p slack

--- LP status (1): optimal.
--- Cplex Time: 0.08sec (det. 0.03 ticks)


Optimal solution found
Objective:     22856301.408617

--- Reading solution for model Model1
--- Executing after solve: elapsed 0:00:05.463
--- June2018_Bugflow.gms(211) 4 Mb
--- Generating LP model Model1
--- June2018_Bugflow.gms(223) 4 Mb
--- LOOPS tot_vol = V3
---       case = case9
---   21 rows  12 columns  39 non-zeroes
--- Executing CPLEX (Solvelink=2): elapsed 0:00:05.466

IBM ILOG CPLEX   33.2.0 r4f23b21 Released Dec 01, 2020 WEI x86 64bit/MS Window

--- GAMS/Cplex licensed for continuous and discrete problems.
--- GMO memory 0.50 Mb (peak 0.50 Mb)
--- Dictionary memory 0.00 Mb
--- Cplex 12.10.0.0 link memory 0.00 Mb (peak 0.00 Mb)
--- Starting Cplex

Version identifier: 12.10.0.0 | 2019-11-26 | 843d4de2ae
CPXPARAM_Advance                                 2
CPXPARAM_Simplex_Display                         2
CPXPARAM_Threads                                 6
CPXPARAM_Parallel                                1
CPXPARAM_MIP_Display                             4
CPXPARAM_TimeLimit                               20000
CPXPARAM_MIP_Tolerances_AbsMIPGap                0
CPXPARAM_MIP_Tolerances_MIPGap                   0.001
Tried aggregator 1 time.
LP Presolve eliminated 14 rows and 6 columns.
Aggregator did 4 substitutions.
Reduced LP has 2 rows, 2 columns, and 4 nonzeros.
Presolve time = 0.00 sec. (0.01 ticks)

Iteration      Dual Objective            In Variable           Out Variable
     1        23630195.327133         release(pHigh)EQc_UnSteadyOutfl artif
     2        22733480.932884          release(pLow)EQ6_Rampup_rate(p slack

--- LP status (1): optimal.
--- Cplex Time: 0.06sec (det. 0.03 ticks)


Optimal solution found
Objective:     22733480.932884

--- Reading solution for model Model1
--- Executing after solve: elapsed 0:00:05.579
--- June2018_Bugflow.gms(211) 4 Mb
--- Generating LP model Model1
--- June2018_Bugflow.gms(223) 4 Mb
--- LOOPS tot_vol = V3
---       case = case10
---   21 rows  12 columns  39 non-zeroes
--- Executing CPLEX (Solvelink=2): elapsed 0:00:05.581

IBM ILOG CPLEX   33.2.0 r4f23b21 Released Dec 01, 2020 WEI x86 64bit/MS Window

--- GAMS/Cplex licensed for continuous and discrete problems.
--- GMO memory 0.50 Mb (peak 0.50 Mb)
--- Dictionary memory 0.00 Mb
--- Cplex 12.10.0.0 link memory 0.00 Mb (peak 0.00 Mb)
--- Starting Cplex

Version identifier: 12.10.0.0 | 2019-11-26 | 843d4de2ae
CPXPARAM_Advance                                 2
CPXPARAM_Simplex_Display                         2
CPXPARAM_Threads                                 6
CPXPARAM_Parallel                                1
CPXPARAM_MIP_Display                             4
CPXPARAM_TimeLimit                               20000
CPXPARAM_MIP_Tolerances_AbsMIPGap                0
CPXPARAM_MIP_Tolerances_MIPGap                   0.001
Tried aggregator 1 time.
LP Presolve eliminated 15 rows and 7 columns.
Aggregator did 5 substitutions.
All rows and columns eliminated.
Presolve time = 0.00 sec. (0.01 ticks)

--- LP status (1): optimal.
--- Cplex Time: 0.00sec (det. 0.02 ticks)


Optimal solution found
Objective:     22528780.139995

--- Reading solution for model Model1
--- Executing after solve: elapsed 0:00:05.711
--- June2018_Bugflow.gms(211) 4 Mb
--- Generating LP model Model1
--- June2018_Bugflow.gms(223) 4 Mb
--- LOOPS tot_vol = V3
---       case = case11
---   21 rows  12 columns  39 non-zeroes
--- Executing CPLEX (Solvelink=2): elapsed 0:00:05.713

IBM ILOG CPLEX   33.2.0 r4f23b21 Released Dec 01, 2020 WEI x86 64bit/MS Window

--- GAMS/Cplex licensed for continuous and discrete problems.
--- GMO memory 0.50 Mb (peak 0.50 Mb)
--- Dictionary memory 0.00 Mb
--- Cplex 12.10.0.0 link memory 0.00 Mb (peak 0.00 Mb)
--- Starting Cplex

Version identifier: 12.10.0.0 | 2019-11-26 | 843d4de2ae
CPXPARAM_Advance                                 2
CPXPARAM_Simplex_Display                         2
CPXPARAM_Threads                                 6
CPXPARAM_Parallel                                1
CPXPARAM_MIP_Display                             4
CPXPARAM_TimeLimit                               20000
CPXPARAM_MIP_Tolerances_AbsMIPGap                0
CPXPARAM_MIP_Tolerances_MIPGap                   0.001
Tried aggregator 1 time.
LP Presolve eliminated 15 rows and 7 columns.
Aggregator did 5 substitutions.
All rows and columns eliminated.
Presolve time = 0.00 sec. (0.01 ticks)

--- LP status (1): optimal.
--- Cplex Time: 0.00sec (det. 0.02 ticks)


Optimal solution found
Objective:     22324079.347106

--- Reading solution for model Model1
--- Executing after solve: elapsed 0:00:05.866
--- June2018_Bugflow.gms(211) 4 Mb
--- Generating LP model Model1
--- June2018_Bugflow.gms(223) 4 Mb
--- LOOPS tot_vol = V3
---       case = case12
---   21 rows  12 columns  35 non-zeroes
--- Executing CPLEX (Solvelink=2): elapsed 0:00:05.870

IBM ILOG CPLEX   33.2.0 r4f23b21 Released Dec 01, 2020 WEI x86 64bit/MS Window

--- GAMS/Cplex licensed for continuous and discrete problems.
--- GMO memory 0.50 Mb (peak 0.50 Mb)
--- Dictionary memory 0.00 Mb
--- Cplex 12.10.0.0 link memory 0.00 Mb (peak 0.00 Mb)
--- Starting Cplex

Version identifier: 12.10.0.0 | 2019-11-26 | 843d4de2ae
CPXPARAM_Advance                                 2
CPXPARAM_Simplex_Display                         2
CPXPARAM_Threads                                 6
CPXPARAM_Parallel                                1
CPXPARAM_MIP_Display                             4
CPXPARAM_TimeLimit                               20000
CPXPARAM_MIP_Tolerances_AbsMIPGap                0
CPXPARAM_MIP_Tolerances_MIPGap                   0.001
Tried aggregator 1 time.
LP Presolve eliminated 20 rows and 12 columns.
All rows and columns eliminated.
Presolve time = 0.00 sec. (0.01 ticks)

--- LP status (1): optimal.
--- Cplex Time: 0.06sec (det. 0.02 ticks)


Optimal solution found
Objective:     22119378.554217

--- Reading solution for model Model1
--- Executing after solve: elapsed 0:00:05.984
--- June2018_Bugflow.gms(211) 4 Mb
--- Generating LP model Model2
--- June2018_Bugflow.gms(224) 4 Mb
--- LOOPS tot_vol = V4
---       case = case1
---   21 rows  12 columns  39 non-zeroes
--- Executing CPLEX (Solvelink=2): elapsed 0:00:05.987

IBM ILOG CPLEX   33.2.0 r4f23b21 Released Dec 01, 2020 WEI x86 64bit/MS Window

--- GAMS/Cplex licensed for continuous and discrete problems.
--- GMO memory 0.50 Mb (peak 0.50 Mb)
--- Dictionary memory 0.00 Mb
--- Cplex 12.10.0.0 link memory 0.00 Mb (peak 0.00 Mb)
--- Starting Cplex

Version identifier: 12.10.0.0 | 2019-11-26 | 843d4de2ae
CPXPARAM_Advance                                 2
CPXPARAM_Simplex_Display                         2
CPXPARAM_Threads                                 6
CPXPARAM_Parallel                                1
CPXPARAM_MIP_Display                             4
CPXPARAM_TimeLimit                               20000
CPXPARAM_MIP_Tolerances_AbsMIPGap                0
CPXPARAM_MIP_Tolerances_MIPGap                   0.001
Tried aggregator 1 time.
LP Presolve eliminated 19 rows and 11 columns.
Aggregator did 1 substitutions.
All rows and columns eliminated.
Presolve time = 0.00 sec. (0.01 ticks)

--- LP status (1): optimal.
--- Cplex Time: 0.02sec (det. 0.02 ticks)


Optimal solution found
Objective:     25477468.551797

--- Reading solution for model Model2
--- Executing after solve: elapsed 0:00:06.118
--- June2018_Bugflow.gms(211) 4 Mb
--- Generating LP model Model2
--- June2018_Bugflow.gms(224) 4 Mb
--- LOOPS tot_vol = V4
---       case = case2
---   21 rows  12 columns  39 non-zeroes
--- Executing CPLEX (Solvelink=2): elapsed 0:00:06.120

IBM ILOG CPLEX   33.2.0 r4f23b21 Released Dec 01, 2020 WEI x86 64bit/MS Window

--- GAMS/Cplex licensed for continuous and discrete problems.
--- GMO memory 0.50 Mb (peak 0.50 Mb)
--- Dictionary memory 0.00 Mb
--- Cplex 12.10.0.0 link memory 0.00 Mb (peak 0.00 Mb)
--- Starting Cplex

Version identifier: 12.10.0.0 | 2019-11-26 | 843d4de2ae
CPXPARAM_Advance                                 2
CPXPARAM_Simplex_Display                         2
CPXPARAM_Threads                                 6
CPXPARAM_Parallel                                1
CPXPARAM_MIP_Display                             4
CPXPARAM_TimeLimit                               20000
CPXPARAM_MIP_Tolerances_AbsMIPGap                0
CPXPARAM_MIP_Tolerances_MIPGap                   0.001
Tried aggregator 1 time.
LP Presolve eliminated 14 rows and 6 columns.
Aggregator did 4 substitutions.
Reduced LP has 2 rows, 2 columns, and 4 nonzeros.
Presolve time = 0.00 sec. (0.01 ticks)

Iteration      Dual Objective            In Variable           Out Variable
     1        26252679.219396         release(pHigh)EQc_UnSteadyOutfl artif
     2        25477619.661485          release(pLow)EQ6_Rampup_rate(p slack

--- LP status (1): optimal.
--- Cplex Time: 0.08sec (det. 0.03 ticks)


Optimal solution found
Objective:     25477619.661485

--- Reading solution for model Model2
--- Executing after solve: elapsed 0:00:06.255
--- June2018_Bugflow.gms(211) 4 Mb
--- Generating LP model Model2
--- June2018_Bugflow.gms(224) 4 Mb
--- LOOPS tot_vol = V4
---       case = case3
---   21 rows  12 columns  39 non-zeroes
--- Executing CPLEX (Solvelink=2): elapsed 0:00:06.256

IBM ILOG CPLEX   33.2.0 r4f23b21 Released Dec 01, 2020 WEI x86 64bit/MS Window

--- GAMS/Cplex licensed for continuous and discrete problems.
--- GMO memory 0.50 Mb (peak 0.50 Mb)
--- Dictionary memory 0.00 Mb
--- Cplex 12.10.0.0 link memory 0.00 Mb (peak 0.00 Mb)
--- Starting Cplex

Version identifier: 12.10.0.0 | 2019-11-26 | 843d4de2ae
CPXPARAM_Advance                                 2
CPXPARAM_Simplex_Display                         2
CPXPARAM_Threads                                 6
CPXPARAM_Parallel                                1
CPXPARAM_MIP_Display                             4
CPXPARAM_TimeLimit                               20000
CPXPARAM_MIP_Tolerances_AbsMIPGap                0
CPXPARAM_MIP_Tolerances_MIPGap                   0.001
Tried aggregator 1 time.
LP Presolve eliminated 14 rows and 6 columns.
Aggregator did 4 substitutions.
Reduced LP has 2 rows, 2 columns, and 4 nonzeros.
Presolve time = 0.00 sec. (0.01 ticks)

Iteration      Dual Objective            In Variable           Out Variable
     1        26378411.974731         release(pHigh)EQc_UnSteadyOutfl artif
     2        25477695.216330          release(pLow)EQ6_Rampup_rate(p slack

--- LP status (1): optimal.
--- Cplex Time: 0.08sec (det. 0.03 ticks)


Optimal solution found
Objective:     25477695.216330

--- Reading solution for model Model2
--- Executing after solve: elapsed 0:00:06.388
--- June2018_Bugflow.gms(211) 4 Mb
--- Generating LP model Model2
--- June2018_Bugflow.gms(224) 4 Mb
--- LOOPS tot_vol = V4
---       case = case4
---   21 rows  12 columns  39 non-zeroes
--- Executing CPLEX (Solvelink=2): elapsed 0:00:06.390

IBM ILOG CPLEX   33.2.0 r4f23b21 Released Dec 01, 2020 WEI x86 64bit/MS Window

--- GAMS/Cplex licensed for continuous and discrete problems.
--- GMO memory 0.50 Mb (peak 0.50 Mb)
--- Dictionary memory 0.00 Mb
--- Cplex 12.10.0.0 link memory 0.00 Mb (peak 0.00 Mb)
--- Starting Cplex

Version identifier: 12.10.0.0 | 2019-11-26 | 843d4de2ae
CPXPARAM_Advance                                 2
CPXPARAM_Simplex_Display                         2
CPXPARAM_Threads                                 6
CPXPARAM_Parallel                                1
CPXPARAM_MIP_Display                             4
CPXPARAM_TimeLimit                               20000
CPXPARAM_MIP_Tolerances_AbsMIPGap                0
CPXPARAM_MIP_Tolerances_MIPGap                   0.001
Tried aggregator 1 time.
LP Presolve eliminated 14 rows and 6 columns.
Aggregator did 4 substitutions.
Reduced LP has 2 rows, 2 columns, and 4 nonzeros.
Presolve time = 0.00 sec. (0.01 ticks)

Iteration      Dual Objective            In Variable           Out Variable
     1        26449478.314703         release(pHigh)EQc_UnSteadyOutfl artif
     2        25477732.993752          release(pLow)EQ6_Rampup_rate(p slack

--- LP status (1): optimal.
--- Cplex Time: 0.08sec (det. 0.03 ticks)


Optimal solution found
Objective:     25477732.993752

--- Reading solution for model Model2
--- Executing after solve: elapsed 0:00:06.524
--- June2018_Bugflow.gms(211) 4 Mb
--- Generating LP model Model2
--- June2018_Bugflow.gms(224) 4 Mb
--- LOOPS tot_vol = V4
---       case = case5
---   21 rows  12 columns  39 non-zeroes
--- Executing CPLEX (Solvelink=2): elapsed 0:00:06.527

IBM ILOG CPLEX   33.2.0 r4f23b21 Released Dec 01, 2020 WEI x86 64bit/MS Window

--- GAMS/Cplex licensed for continuous and discrete problems.
--- GMO memory 0.50 Mb (peak 0.50 Mb)
--- Dictionary memory 0.00 Mb
--- Cplex 12.10.0.0 link memory 0.00 Mb (peak 0.00 Mb)
--- Starting Cplex

Version identifier: 12.10.0.0 | 2019-11-26 | 843d4de2ae
CPXPARAM_Advance                                 2
CPXPARAM_Simplex_Display                         2
CPXPARAM_Threads                                 6
CPXPARAM_Parallel                                1
CPXPARAM_MIP_Display                             4
CPXPARAM_TimeLimit                               20000
CPXPARAM_MIP_Tolerances_AbsMIPGap                0
CPXPARAM_MIP_Tolerances_MIPGap                   0.001
Tried aggregator 1 time.
LP Presolve eliminated 14 rows and 6 columns.
Aggregator did 4 substitutions.
Reduced LP has 2 rows, 2 columns, and 4 nonzeros.
Presolve time = 0.00 sec. (0.01 ticks)

Iteration      Dual Objective            In Variable           Out Variable
     1        26527005.231036         release(pHigh)EQc_UnSteadyOutfl artif
     2        25477770.771174          release(pLow)EQ6_Rampup_rate(p slack

--- LP status (1): optimal.
--- Cplex Time: 0.06sec (det. 0.03 ticks)


Optimal solution found
Objective:     25477770.771174

--- Reading solution for model Model2
--- Executing after solve: elapsed 0:00:06.643
--- June2018_Bugflow.gms(211) 4 Mb
--- Generating LP model Model1
--- June2018_Bugflow.gms(223) 4 Mb
--- LOOPS tot_vol = V4
---       case = case6
---   21 rows  12 columns  39 non-zeroes
--- Executing CPLEX (Solvelink=2): elapsed 0:00:06.644

IBM ILOG CPLEX   33.2.0 r4f23b21 Released Dec 01, 2020 WEI x86 64bit/MS Window

--- GAMS/Cplex licensed for continuous and discrete problems.
--- GMO memory 0.50 Mb (peak 0.50 Mb)
--- Dictionary memory 0.00 Mb
--- Cplex 12.10.0.0 link memory 0.00 Mb (peak 0.00 Mb)
--- Starting Cplex

Version identifier: 12.10.0.0 | 2019-11-26 | 843d4de2ae
CPXPARAM_Advance                                 2
CPXPARAM_Simplex_Display                         2
CPXPARAM_Threads                                 6
CPXPARAM_Parallel                                1
CPXPARAM_MIP_Display                             4
CPXPARAM_TimeLimit                               20000
CPXPARAM_MIP_Tolerances_AbsMIPGap                0
CPXPARAM_MIP_Tolerances_MIPGap                   0.001
Tried aggregator 1 time.
LP Presolve eliminated 14 rows and 6 columns.
Aggregator did 4 substitutions.
Reduced LP has 2 rows, 2 columns, and 4 nonzeros.
Presolve time = 0.00 sec. (0.01 ticks)

Iteration      Dual Objective            In Variable           Out Variable
     1        26519331.527036         release(pHigh)EQc_UnSteadyOutfl artif
     2        25436830.612597          release(pLow)EQ6_Rampup_rate(p slack

--- LP status (1): optimal.
--- Cplex Time: 0.09sec (det. 0.03 ticks)


Optimal solution found
Objective:     25436830.612597

--- Reading solution for model Model1
--- Executing after solve: elapsed 0:00:06.784
--- June2018_Bugflow.gms(211) 4 Mb
--- Generating LP model Model1
--- June2018_Bugflow.gms(223) 4 Mb
--- LOOPS tot_vol = V4
---       case = case7
---   21 rows  12 columns  39 non-zeroes
--- Executing CPLEX (Solvelink=2): elapsed 0:00:06.788

IBM ILOG CPLEX   33.2.0 r4f23b21 Released Dec 01, 2020 WEI x86 64bit/MS Window

--- GAMS/Cplex licensed for continuous and discrete problems.
--- GMO memory 0.50 Mb (peak 0.50 Mb)
--- Dictionary memory 0.00 Mb
--- Cplex 12.10.0.0 link memory 0.00 Mb (peak 0.00 Mb)
--- Starting Cplex

Version identifier: 12.10.0.0 | 2019-11-26 | 843d4de2ae
CPXPARAM_Advance                                 2
CPXPARAM_Simplex_Display                         2
CPXPARAM_Threads                                 6
CPXPARAM_Parallel                                1
CPXPARAM_MIP_Display                             4
CPXPARAM_TimeLimit                               20000
CPXPARAM_MIP_Tolerances_AbsMIPGap                0
CPXPARAM_MIP_Tolerances_MIPGap                   0.001
Tried aggregator 1 time.
LP Presolve eliminated 14 rows and 6 columns.
Aggregator did 4 substitutions.
Reduced LP has 2 rows, 2 columns, and 4 nonzeros.
Presolve time = 0.00 sec. (0.01 ticks)

Iteration      Dual Objective            In Variable           Out Variable
     1        26511657.823036         release(pHigh)EQc_UnSteadyOutfl artif
     2        25395890.454019          release(pLow)EQ6_Rampup_rate(p slack

--- LP status (1): optimal.
--- Cplex Time: 0.06sec (det. 0.03 ticks)


Optimal solution found
Objective:     25395890.454019

--- Reading solution for model Model1
--- Executing after solve: elapsed 0:00:06.899
--- June2018_Bugflow.gms(211) 4 Mb
--- Generating LP model Model1
--- June2018_Bugflow.gms(223) 4 Mb
--- LOOPS tot_vol = V4
---       case = case8
---   21 rows  12 columns  39 non-zeroes
--- Executing CPLEX (Solvelink=2): elapsed 0:00:06.901

IBM ILOG CPLEX   33.2.0 r4f23b21 Released Dec 01, 2020 WEI x86 64bit/MS Window

--- GAMS/Cplex licensed for continuous and discrete problems.
--- GMO memory 0.50 Mb (peak 0.50 Mb)
--- Dictionary memory 0.00 Mb
--- Cplex 12.10.0.0 link memory 0.00 Mb (peak 0.00 Mb)
--- Starting Cplex

Version identifier: 12.10.0.0 | 2019-11-26 | 843d4de2ae
CPXPARAM_Advance                                 2
CPXPARAM_Simplex_Display                         2
CPXPARAM_Threads                                 6
CPXPARAM_Parallel                                1
CPXPARAM_MIP_Display                             4
CPXPARAM_TimeLimit                               20000
CPXPARAM_MIP_Tolerances_AbsMIPGap                0
CPXPARAM_MIP_Tolerances_MIPGap                   0.001
Tried aggregator 1 time.
LP Presolve eliminated 14 rows and 6 columns.
Aggregator did 4 substitutions.
Reduced LP has 2 rows, 2 columns, and 4 nonzeros.
Presolve time = 0.00 sec. (0.01 ticks)

Iteration      Dual Objective            In Variable           Out Variable
     1        26496310.415036         release(pHigh)EQc_UnSteadyOutfl artif
     2        25314010.136863          release(pLow)EQ6_Rampup_rate(p slack

--- LP status (1): optimal.
--- Cplex Time: 0.08sec (det. 0.03 ticks)


Optimal solution found
Objective:     25314010.136863

--- Reading solution for model Model1
--- Executing after solve: elapsed 0:00:07.036
--- June2018_Bugflow.gms(211) 4 Mb
--- Generating LP model Model1
--- June2018_Bugflow.gms(223) 4 Mb
--- LOOPS tot_vol = V4
---       case = case9
---   21 rows  12 columns  39 non-zeroes
--- Executing CPLEX (Solvelink=2): elapsed 0:00:07.039

IBM ILOG CPLEX   33.2.0 r4f23b21 Released Dec 01, 2020 WEI x86 64bit/MS Window

--- GAMS/Cplex licensed for continuous and discrete problems.
--- GMO memory 0.50 Mb (peak 0.50 Mb)
--- Dictionary memory 0.00 Mb
--- Cplex 12.10.0.0 link memory 0.00 Mb (peak 0.00 Mb)
--- Starting Cplex

Version identifier: 12.10.0.0 | 2019-11-26 | 843d4de2ae
CPXPARAM_Advance                                 2
CPXPARAM_Simplex_Display                         2
CPXPARAM_Threads                                 6
CPXPARAM_Parallel                                1
CPXPARAM_MIP_Display                             4
CPXPARAM_TimeLimit                               20000
CPXPARAM_MIP_Tolerances_AbsMIPGap                0
CPXPARAM_MIP_Tolerances_MIPGap                   0.001
Tried aggregator 1 time.
LP Presolve eliminated 15 rows and 7 columns.
Aggregator did 5 substitutions.
All rows and columns eliminated.
Presolve time = 0.00 sec. (0.01 ticks)

--- LP status (1): optimal.
--- Cplex Time: 0.06sec (det. 0.02 ticks)


Optimal solution found
Objective:     25191189.661130

--- Reading solution for model Model1
--- Executing after solve: elapsed 0:00:07.165
--- June2018_Bugflow.gms(211) 4 Mb
--- Generating LP model Model1
--- June2018_Bugflow.gms(223) 4 Mb
--- LOOPS tot_vol = V4
---       case = case10
---   21 rows  12 columns  39 non-zeroes
--- Executing CPLEX (Solvelink=2): elapsed 0:00:07.167

IBM ILOG CPLEX   33.2.0 r4f23b21 Released Dec 01, 2020 WEI x86 64bit/MS Window

--- GAMS/Cplex licensed for continuous and discrete problems.
--- GMO memory 0.50 Mb (peak 0.50 Mb)
--- Dictionary memory 0.00 Mb
--- Cplex 12.10.0.0 link memory 0.00 Mb (peak 0.00 Mb)
--- Starting Cplex

Version identifier: 12.10.0.0 | 2019-11-26 | 843d4de2ae
CPXPARAM_Advance                                 2
CPXPARAM_Simplex_Display                         2
CPXPARAM_Threads                                 6
CPXPARAM_Parallel                                1
CPXPARAM_MIP_Display                             4
CPXPARAM_TimeLimit                               20000
CPXPARAM_MIP_Tolerances_AbsMIPGap                0
CPXPARAM_MIP_Tolerances_MIPGap                   0.001
Tried aggregator 1 time.
LP Presolve eliminated 15 rows and 7 columns.
Aggregator did 5 substitutions.
All rows and columns eliminated.
Presolve time = 0.00 sec. (0.01 ticks)

--- LP status (1): optimal.
--- Cplex Time: 0.06sec (det. 0.02 ticks)


Optimal solution found
Objective:     24986488.868241

--- Reading solution for model Model1
--- Executing after solve: elapsed 0:00:07.286
--- June2018_Bugflow.gms(211) 4 Mb
--- Generating LP model Model1
--- June2018_Bugflow.gms(223) 4 Mb
--- LOOPS tot_vol = V4
---       case = case11
---   21 rows  12 columns  39 non-zeroes
--- Executing CPLEX (Solvelink=2): elapsed 0:00:07.290

IBM ILOG CPLEX   33.2.0 r4f23b21 Released Dec 01, 2020 WEI x86 64bit/MS Window

--- GAMS/Cplex licensed for continuous and discrete problems.
--- GMO memory 0.50 Mb (peak 0.50 Mb)
--- Dictionary memory 0.00 Mb
--- Cplex 12.10.0.0 link memory 0.00 Mb (peak 0.00 Mb)
--- Starting Cplex

Version identifier: 12.10.0.0 | 2019-11-26 | 843d4de2ae
CPXPARAM_Advance                                 2
CPXPARAM_Simplex_Display                         2
CPXPARAM_Threads                                 6
CPXPARAM_Parallel                                1
CPXPARAM_MIP_Display                             4
CPXPARAM_TimeLimit                               20000
CPXPARAM_MIP_Tolerances_AbsMIPGap                0
CPXPARAM_MIP_Tolerances_MIPGap                   0.001
Tried aggregator 1 time.
LP Presolve eliminated 15 rows and 7 columns.
Aggregator did 5 substitutions.
All rows and columns eliminated.
Presolve time = 0.00 sec. (0.01 ticks)

--- LP status (1): optimal.
--- Cplex Time: 0.00sec (det. 0.02 ticks)


Optimal solution found
Objective:     24781788.075352

--- Reading solution for model Model1
--- Executing after solve: elapsed 0:00:07.421
--- June2018_Bugflow.gms(211) 4 Mb
--- Generating LP model Model1
--- June2018_Bugflow.gms(223) 4 Mb
--- LOOPS tot_vol = V4
---       case = case12
---   21 rows  12 columns  35 non-zeroes
--- Executing CPLEX (Solvelink=2): elapsed 0:00:07.425

IBM ILOG CPLEX   33.2.0 r4f23b21 Released Dec 01, 2020 WEI x86 64bit/MS Window

--- GAMS/Cplex licensed for continuous and discrete problems.
--- GMO memory 0.50 Mb (peak 0.50 Mb)
--- Dictionary memory 0.00 Mb
--- Cplex 12.10.0.0 link memory 0.00 Mb (peak 0.00 Mb)
--- Starting Cplex

Version identifier: 12.10.0.0 | 2019-11-26 | 843d4de2ae
CPXPARAM_Advance                                 2
CPXPARAM_Simplex_Display                         2
CPXPARAM_Threads                                 6
CPXPARAM_Parallel                                1
CPXPARAM_MIP_Display                             4
CPXPARAM_TimeLimit                               20000
CPXPARAM_MIP_Tolerances_AbsMIPGap                0
CPXPARAM_MIP_Tolerances_MIPGap                   0.001
Tried aggregator 1 time.
LP Presolve eliminated 20 rows and 12 columns.
All rows and columns eliminated.
Presolve time = 0.00 sec. (0.01 ticks)

--- LP status (1): optimal.
--- Cplex Time: 0.08sec (det. 0.02 ticks)


Optimal solution found
Objective:     24577087.282463

--- Reading solution for model Model1
--- Executing after solve: elapsed 0:00:07.541
--- June2018_Bugflow.gms(211) 4 Mb
--- Generating LP model Model2
--- June2018_Bugflow.gms(224) 4 Mb
--- LOOPS tot_vol = V5
---       case = case1
---   21 rows  12 columns  39 non-zeroes
--- Executing CPLEX (Solvelink=2): elapsed 0:00:07.543

IBM ILOG CPLEX   33.2.0 r4f23b21 Released Dec 01, 2020 WEI x86 64bit/MS Window

--- GAMS/Cplex licensed for continuous and discrete problems.
--- GMO memory 0.50 Mb (peak 0.50 Mb)
--- Dictionary memory 0.00 Mb
--- Cplex 12.10.0.0 link memory 0.00 Mb (peak 0.00 Mb)
--- Starting Cplex

Version identifier: 12.10.0.0 | 2019-11-26 | 843d4de2ae
CPXPARAM_Advance                                 2
CPXPARAM_Simplex_Display                         2
CPXPARAM_Threads                                 6
CPXPARAM_Parallel                                1
CPXPARAM_MIP_Display                             4
CPXPARAM_TimeLimit                               20000
CPXPARAM_MIP_Tolerances_AbsMIPGap                0
CPXPARAM_MIP_Tolerances_MIPGap                   0.001
Tried aggregator 1 time.
LP Presolve eliminated 19 rows and 11 columns.
Aggregator did 1 substitutions.
All rows and columns eliminated.
Presolve time = 0.00 sec. (0.01 ticks)

--- LP status (1): optimal.
--- Cplex Time: 0.00sec (det. 0.02 ticks)


Optimal solution found
Objective:     27935177.280043

--- Reading solution for model Model2
--- Executing after solve: elapsed 0:00:07.673
--- June2018_Bugflow.gms(211) 4 Mb
--- Generating LP model Model2
--- June2018_Bugflow.gms(224) 4 Mb
--- LOOPS tot_vol = V5
---       case = case2
---   21 rows  12 columns  39 non-zeroes
--- Executing CPLEX (Solvelink=2): elapsed 0:00:07.675

IBM ILOG CPLEX   33.2.0 r4f23b21 Released Dec 01, 2020 WEI x86 64bit/MS Window

--- GAMS/Cplex licensed for continuous and discrete problems.
--- GMO memory 0.50 Mb (peak 0.50 Mb)
--- Dictionary memory 0.00 Mb
--- Cplex 12.10.0.0 link memory 0.00 Mb (peak 0.00 Mb)
--- Starting Cplex

Version identifier: 12.10.0.0 | 2019-11-26 | 843d4de2ae
CPXPARAM_Advance                                 2
CPXPARAM_Simplex_Display                         2
CPXPARAM_Threads                                 6
CPXPARAM_Parallel                                1
CPXPARAM_MIP_Display                             4
CPXPARAM_TimeLimit                               20000
CPXPARAM_MIP_Tolerances_AbsMIPGap                0
CPXPARAM_MIP_Tolerances_MIPGap                   0.001
Tried aggregator 1 time.
LP Presolve eliminated 15 rows and 7 columns.
Aggregator did 5 substitutions.
All rows and columns eliminated.
Presolve time = 0.00 sec. (0.01 ticks)

--- LP status (1): optimal.
--- Cplex Time: 0.00sec (det. 0.02 ticks)


Optimal solution found
Objective:     27935328.389732

--- Reading solution for model Model2
--- Executing after solve: elapsed 0:00:07.814
--- June2018_Bugflow.gms(211) 4 Mb
--- Generating LP model Model2
--- June2018_Bugflow.gms(224) 4 Mb
--- LOOPS tot_vol = V5
---       case = case3
---   21 rows  12 columns  39 non-zeroes
--- Executing CPLEX (Solvelink=2): elapsed 0:00:07.818

IBM ILOG CPLEX   33.2.0 r4f23b21 Released Dec 01, 2020 WEI x86 64bit/MS Window

--- GAMS/Cplex licensed for continuous and discrete problems.
--- GMO memory 0.50 Mb (peak 0.50 Mb)
--- Dictionary memory 0.00 Mb
--- Cplex 12.10.0.0 link memory 0.00 Mb (peak 0.00 Mb)
--- Starting Cplex

Version identifier: 12.10.0.0 | 2019-11-26 | 843d4de2ae
CPXPARAM_Advance                                 2
CPXPARAM_Simplex_Display                         2
CPXPARAM_Threads                                 6
CPXPARAM_Parallel                                1
CPXPARAM_MIP_Display                             4
CPXPARAM_TimeLimit                               20000
CPXPARAM_MIP_Tolerances_AbsMIPGap                0
CPXPARAM_MIP_Tolerances_MIPGap                   0.001
Tried aggregator 1 time.
LP Presolve eliminated 14 rows and 6 columns.
Aggregator did 4 substitutions.
Reduced LP has 2 rows, 2 columns, and 4 nonzeros.
Presolve time = 0.00 sec. (0.01 ticks)

Iteration      Dual Objective            In Variable           Out Variable
     1        29189354.043004         release(pHigh)EQc_UnSteadyOutfl artif
     2        27935403.944576          release(pLow)EQ6_Rampup_rate(p slack

--- LP status (1): optimal.
--- Cplex Time: 0.06sec (det. 0.03 ticks)


Optimal solution found
Objective:     27935403.944576

--- Reading solution for model Model2
--- Executing after solve: elapsed 0:00:07.930
--- June2018_Bugflow.gms(211) 4 Mb
--- Generating LP model Model2
--- June2018_Bugflow.gms(224) 4 Mb
--- LOOPS tot_vol = V5
---       case = case4
---   21 rows  12 columns  39 non-zeroes
--- Executing CPLEX (Solvelink=2): elapsed 0:00:07.932

IBM ILOG CPLEX   33.2.0 r4f23b21 Released Dec 01, 2020 WEI x86 64bit/MS Window

--- GAMS/Cplex licensed for continuous and discrete problems.
--- GMO memory 0.50 Mb (peak 0.50 Mb)
--- Dictionary memory 0.00 Mb
--- Cplex 12.10.0.0 link memory 0.00 Mb (peak 0.00 Mb)
--- Starting Cplex

Version identifier: 12.10.0.0 | 2019-11-26 | 843d4de2ae
CPXPARAM_Advance                                 2
CPXPARAM_Simplex_Display                         2
CPXPARAM_Threads                                 6
CPXPARAM_Parallel                                1
CPXPARAM_MIP_Display                             4
CPXPARAM_TimeLimit                               20000
CPXPARAM_MIP_Tolerances_AbsMIPGap                0
CPXPARAM_MIP_Tolerances_MIPGap                   0.001
Tried aggregator 1 time.
LP Presolve eliminated 14 rows and 6 columns.
Aggregator did 4 substitutions.
Reduced LP has 2 rows, 2 columns, and 4 nonzeros.
Presolve time = 0.00 sec. (0.01 ticks)

Iteration      Dual Objective            In Variable           Out Variable
     1        29275797.382278         release(pHigh)EQc_UnSteadyOutfl artif
     2        27935441.721998          release(pLow)EQ6_Rampup_rate(p slack

--- LP status (1): optimal.
--- Cplex Time: 0.08sec (det. 0.03 ticks)


Optimal solution found
Objective:     27935441.721998

--- Reading solution for model Model2
--- Executing after solve: elapsed 0:00:08.081
--- June2018_Bugflow.gms(211) 4 Mb
--- Generating LP model Model2
--- June2018_Bugflow.gms(224) 4 Mb
--- LOOPS tot_vol = V5
---       case = case5
---   21 rows  12 columns  39 non-zeroes
--- Executing CPLEX (Solvelink=2): elapsed 0:00:08.087

IBM ILOG CPLEX   33.2.0 r4f23b21 Released Dec 01, 2020 WEI x86 64bit/MS Window

--- GAMS/Cplex licensed for continuous and discrete problems.
--- GMO memory 0.50 Mb (peak 0.50 Mb)
--- Dictionary memory 0.00 Mb
--- Cplex 12.10.0.0 link memory 0.00 Mb (peak 0.00 Mb)
--- Starting Cplex

Version identifier: 12.10.0.0 | 2019-11-26 | 843d4de2ae
CPXPARAM_Advance                                 2
CPXPARAM_Simplex_Display                         2
CPXPARAM_Threads                                 6
CPXPARAM_Parallel                                1
CPXPARAM_MIP_Display                             4
CPXPARAM_TimeLimit                               20000
CPXPARAM_MIP_Tolerances_AbsMIPGap                0
CPXPARAM_MIP_Tolerances_MIPGap                   0.001
Tried aggregator 1 time.
LP Presolve eliminated 14 rows and 6 columns.
Aggregator did 4 substitutions.
Reduced LP has 2 rows, 2 columns, and 4 nonzeros.
Presolve time = 0.00 sec. (0.01 ticks)

Iteration      Dual Objective            In Variable           Out Variable
     1        29370099.206940         release(pHigh)EQc_UnSteadyOutfl artif
     2        27935479.499421          release(pLow)EQ6_Rampup_rate(p slack

--- LP status (1): optimal.
--- Cplex Time: 0.06sec (det. 0.03 ticks)


Optimal solution found
Objective:     27935479.499421

--- Reading solution for model Model2
--- Executing after solve: elapsed 0:00:08.221
--- June2018_Bugflow.gms(211) 4 Mb
--- Generating LP model Model1
--- June2018_Bugflow.gms(223) 4 Mb
--- LOOPS tot_vol = V5
---       case = case6
---   21 rows  12 columns  39 non-zeroes
--- Executing CPLEX (Solvelink=2): elapsed 0:00:08.225

IBM ILOG CPLEX   33.2.0 r4f23b21 Released Dec 01, 2020 WEI x86 64bit/MS Window

--- GAMS/Cplex licensed for continuous and discrete problems.
--- GMO memory 0.50 Mb (peak 0.50 Mb)
--- Dictionary memory 0.00 Mb
--- Cplex 12.10.0.0 link memory 0.00 Mb (peak 0.00 Mb)
--- Starting Cplex

Version identifier: 12.10.0.0 | 2019-11-26 | 843d4de2ae
CPXPARAM_Advance                                 2
CPXPARAM_Simplex_Display                         2
CPXPARAM_Threads                                 6
CPXPARAM_Parallel                                1
CPXPARAM_MIP_Display                             4
CPXPARAM_TimeLimit                               20000
CPXPARAM_MIP_Tolerances_AbsMIPGap                0
CPXPARAM_MIP_Tolerances_MIPGap                   0.001
Tried aggregator 1 time.
LP Presolve eliminated 14 rows and 6 columns.
Aggregator did 4 substitutions.
Reduced LP has 2 rows, 2 columns, and 4 nonzeros.
Presolve time = 0.00 sec. (0.01 ticks)

Iteration      Dual Objective            In Variable           Out Variable
     1        29362425.502940         release(pHigh)EQc_UnSteadyOutfl artif
     2        27894539.340843          release(pLow)EQ6_Rampup_rate(p slack

--- LP status (1): optimal.
--- Cplex Time: 0.05sec (det. 0.03 ticks)


Optimal solution found
Objective:     27894539.340843

--- Reading solution for model Model1
--- Executing after solve: elapsed 0:00:08.332
--- June2018_Bugflow.gms(211) 4 Mb
--- Generating LP model Model1
--- June2018_Bugflow.gms(223) 4 Mb
--- LOOPS tot_vol = V5
---       case = case7
---   21 rows  12 columns  39 non-zeroes
--- Executing CPLEX (Solvelink=2): elapsed 0:00:08.335

IBM ILOG CPLEX   33.2.0 r4f23b21 Released Dec 01, 2020 WEI x86 64bit/MS Window

--- GAMS/Cplex licensed for continuous and discrete problems.
--- GMO memory 0.50 Mb (peak 0.50 Mb)
--- Dictionary memory 0.00 Mb
--- Cplex 12.10.0.0 link memory 0.00 Mb (peak 0.00 Mb)
--- Starting Cplex

Version identifier: 12.10.0.0 | 2019-11-26 | 843d4de2ae
CPXPARAM_Advance                                 2
CPXPARAM_Simplex_Display                         2
CPXPARAM_Threads                                 6
CPXPARAM_Parallel                                1
CPXPARAM_MIP_Display                             4
CPXPARAM_TimeLimit                               20000
CPXPARAM_MIP_Tolerances_AbsMIPGap                0
CPXPARAM_MIP_Tolerances_MIPGap                   0.001
Tried aggregator 1 time.
LP Presolve eliminated 14 rows and 6 columns.
Aggregator did 4 substitutions.
Reduced LP has 2 rows, 2 columns, and 4 nonzeros.
Presolve time = 0.00 sec. (0.01 ticks)

Iteration      Dual Objective            In Variable           Out Variable
     1        29354751.798940         release(pHigh)EQc_UnSteadyOutfl artif
     2        27853599.182265          release(pLow)EQ6_Rampup_rate(p slack

--- LP status (1): optimal.
--- Cplex Time: 0.06sec (det. 0.03 ticks)


Optimal solution found
Objective:     27853599.182265

--- Reading solution for model Model1
--- Executing after solve: elapsed 0:00:08.452
--- June2018_Bugflow.gms(211) 4 Mb
--- Generating LP model Model1
--- June2018_Bugflow.gms(223) 4 Mb
--- LOOPS tot_vol = V5
---       case = case8
---   21 rows  12 columns  39 non-zeroes
--- Executing CPLEX (Solvelink=2): elapsed 0:00:08.454

IBM ILOG CPLEX   33.2.0 r4f23b21 Released Dec 01, 2020 WEI x86 64bit/MS Window

--- GAMS/Cplex licensed for continuous and discrete problems.
--- GMO memory 0.50 Mb (peak 0.50 Mb)
--- Dictionary memory 0.00 Mb
--- Cplex 12.10.0.0 link memory 0.00 Mb (peak 0.00 Mb)
--- Starting Cplex

Version identifier: 12.10.0.0 | 2019-11-26 | 843d4de2ae
CPXPARAM_Advance                                 2
CPXPARAM_Simplex_Display                         2
CPXPARAM_Threads                                 6
CPXPARAM_Parallel                                1
CPXPARAM_MIP_Display                             4
CPXPARAM_TimeLimit                               20000
CPXPARAM_MIP_Tolerances_AbsMIPGap                0
CPXPARAM_MIP_Tolerances_MIPGap                   0.001
Tried aggregator 1 time.
LP Presolve eliminated 15 rows and 7 columns.
Aggregator did 5 substitutions.
All rows and columns eliminated.
Presolve time = 0.00 sec. (0.01 ticks)

--- LP status (1): optimal.
--- Cplex Time: 0.02sec (det. 0.02 ticks)


Optimal solution found
Objective:     27771718.865110

--- Reading solution for model Model1
--- Executing after solve: elapsed 0:00:08.569
--- June2018_Bugflow.gms(211) 4 Mb
--- Generating LP model Model1
--- June2018_Bugflow.gms(223) 4 Mb
--- LOOPS tot_vol = V5
---       case = case9
---   21 rows  12 columns  39 non-zeroes
--- Executing CPLEX (Solvelink=2): elapsed 0:00:08.571

IBM ILOG CPLEX   33.2.0 r4f23b21 Released Dec 01, 2020 WEI x86 64bit/MS Window

--- GAMS/Cplex licensed for continuous and discrete problems.
--- GMO memory 0.50 Mb (peak 0.50 Mb)
--- Dictionary memory 0.00 Mb
--- Cplex 12.10.0.0 link memory 0.00 Mb (peak 0.00 Mb)
--- Starting Cplex

Version identifier: 12.10.0.0 | 2019-11-26 | 843d4de2ae
CPXPARAM_Advance                                 2
CPXPARAM_Simplex_Display                         2
CPXPARAM_Threads                                 6
CPXPARAM_Parallel                                1
CPXPARAM_MIP_Display                             4
CPXPARAM_TimeLimit                               20000
CPXPARAM_MIP_Tolerances_AbsMIPGap                0
CPXPARAM_MIP_Tolerances_MIPGap                   0.001
Tried aggregator 1 time.
LP Presolve eliminated 15 rows and 7 columns.
Aggregator did 5 substitutions.
All rows and columns eliminated.
Presolve time = 0.00 sec. (0.01 ticks)

--- LP status (1): optimal.
--- Cplex Time: 0.00sec (det. 0.02 ticks)


Optimal solution found
Objective:     27648898.389376

--- Reading solution for model Model1
--- Executing after solve: elapsed 0:00:08.703
--- June2018_Bugflow.gms(211) 4 Mb
--- Generating LP model Model1
--- June2018_Bugflow.gms(223) 4 Mb
--- LOOPS tot_vol = V5
---       case = case10
---   21 rows  12 columns  39 non-zeroes
--- Executing CPLEX (Solvelink=2): elapsed 0:00:08.706

IBM ILOG CPLEX   33.2.0 r4f23b21 Released Dec 01, 2020 WEI x86 64bit/MS Window

--- GAMS/Cplex licensed for continuous and discrete problems.
--- GMO memory 0.50 Mb (peak 0.50 Mb)
--- Dictionary memory 0.00 Mb
--- Cplex 12.10.0.0 link memory 0.00 Mb (peak 0.00 Mb)
--- Starting Cplex

Version identifier: 12.10.0.0 | 2019-11-26 | 843d4de2ae
CPXPARAM_Advance                                 2
CPXPARAM_Simplex_Display                         2
CPXPARAM_Threads                                 6
CPXPARAM_Parallel                                1
CPXPARAM_MIP_Display                             4
CPXPARAM_TimeLimit                               20000
CPXPARAM_MIP_Tolerances_AbsMIPGap                0
CPXPARAM_MIP_Tolerances_MIPGap                   0.001
Tried aggregator 1 time.
LP Presolve eliminated 15 rows and 7 columns.
Aggregator did 5 substitutions.
All rows and columns eliminated.
Presolve time = 0.00 sec. (0.01 ticks)

--- LP status (1): optimal.
--- Cplex Time: 0.02sec (det. 0.02 ticks)


Optimal solution found
Objective:     27444197.596487

--- Reading solution for model Model1
--- Executing after solve: elapsed 0:00:08.837
--- June2018_Bugflow.gms(211) 4 Mb
--- Generating LP model Model1
--- June2018_Bugflow.gms(223) 4 Mb
--- LOOPS tot_vol = V5
---       case = case11
---   21 rows  12 columns  39 non-zeroes
--- Executing CPLEX (Solvelink=2): elapsed 0:00:08.840

IBM ILOG CPLEX   33.2.0 r4f23b21 Released Dec 01, 2020 WEI x86 64bit/MS Window

--- GAMS/Cplex licensed for continuous and discrete problems.
--- GMO memory 0.50 Mb (peak 0.50 Mb)
--- Dictionary memory 0.00 Mb
--- Cplex 12.10.0.0 link memory 0.00 Mb (peak 0.00 Mb)
--- Starting Cplex

Version identifier: 12.10.0.0 | 2019-11-26 | 843d4de2ae
CPXPARAM_Advance                                 2
CPXPARAM_Simplex_Display                         2
CPXPARAM_Threads                                 6
CPXPARAM_Parallel                                1
CPXPARAM_MIP_Display                             4
CPXPARAM_TimeLimit                               20000
CPXPARAM_MIP_Tolerances_AbsMIPGap                0
CPXPARAM_MIP_Tolerances_MIPGap                   0.001
Tried aggregator 1 time.
LP Presolve eliminated 15 rows and 7 columns.
Aggregator did 5 substitutions.
All rows and columns eliminated.
Presolve time = 0.00 sec. (0.01 ticks)

--- LP status (1): optimal.
--- Cplex Time: 0.00sec (det. 0.02 ticks)


Optimal solution found
Objective:     27239496.803598

--- Reading solution for model Model1
--- Executing after solve: elapsed 0:00:08.972
--- June2018_Bugflow.gms(211) 4 Mb
--- Generating LP model Model1
--- June2018_Bugflow.gms(223) 4 Mb
--- LOOPS tot_vol = V5
---       case = case12
---   21 rows  12 columns  35 non-zeroes
--- Executing CPLEX (Solvelink=2): elapsed 0:00:08.974

IBM ILOG CPLEX   33.2.0 r4f23b21 Released Dec 01, 2020 WEI x86 64bit/MS Window

--- GAMS/Cplex licensed for continuous and discrete problems.
--- GMO memory 0.50 Mb (peak 0.50 Mb)
--- Dictionary memory 0.00 Mb
--- Cplex 12.10.0.0 link memory 0.00 Mb (peak 0.00 Mb)
--- Starting Cplex

Version identifier: 12.10.0.0 | 2019-11-26 | 843d4de2ae
CPXPARAM_Advance                                 2
CPXPARAM_Simplex_Display                         2
CPXPARAM_Threads                                 6
CPXPARAM_Parallel                                1
CPXPARAM_MIP_Display                             4
CPXPARAM_TimeLimit                               20000
CPXPARAM_MIP_Tolerances_AbsMIPGap                0
CPXPARAM_MIP_Tolerances_MIPGap                   0.001
Tried aggregator 1 time.
LP Presolve eliminated 20 rows and 12 columns.
All rows and columns eliminated.
Presolve time = 0.02 sec. (0.01 ticks)

--- LP status (1): optimal.
--- Cplex Time: 0.02sec (det. 0.02 ticks)


Optimal solution found
Objective:     27034796.010710

--- Reading solution for model Model1
--- Executing after solve: elapsed 0:00:09.110
--- June2018_Bugflow.gms(266) 4 Mb
--- GDX File (execute_unload) E:\Class project\GCD_BugFlowExperiment\June 2018\Linear Weekend-Weekday - Price-Senstivity\PriceSen_June.gdx
--- June2018_Bugflow.gms(268) 4 Mb
GDX2XLS          33.2.0 r4f23b21 Released Dec 01, 2020 WEI x86 64bit/MS Window
Output file: E:\Class project\GCD_BugFlowExperiment\June 2018\Linear Weekend-Weekday - Price-Senstivity\PriceSen_June.xlsx
(Created backup file)
*** Status: Normal completion
--- Job June2018_Bugflow.gms Stop 05/07/21 00:58:07 elapsed 0:00:19.459
