
--- Job April2018_Wknd.gms Start 06/16/21 23:18:03 33.2.0 r4f23b21 WEX-WEI x86 64bit/MS Windows
--- Applying:
    C:\GAMS\33\gmsprmNT.txt
--- GAMS Parameters defined
    Input "E:\Class project\GCD_BugFlowExperiment\April 2018\Weekend-Weekday\April2018_Wknd.gms"
    PageWidth 80
    PageSize 0
    PageContr 3
    Action CE
    ScrDir "E:\Class project\GCD_BugFlowExperiment\June 2018\Saturday Model\225a\"
    SysDir C:\GAMS\33\
    WorkDir "E:\Class project\GCD_BugFlowExperiment\June 2018\Saturday Model\"
    LogOption 3
    DFormat 0
    TFormat 0
    ErrorLog 99
    IDE 1
Licensee: Small MUD - 5 User License                     G200622/0001AP-GEN
          Utah State University, Utah Water Research Laboratory      DC7087
          C:\GAMS\33\gamslice.txt
GAMS 33.2.0   Copyright (C) 1987-2020 GAMS Development. All rights reserved
--- Starting compilation
--- April2018_Wknd.gms(80) 3 Mb
--- call GDXXRW.EXE input=Input_April2018.xlsx output=April2018(Weekend).gdx set=d rng=day!A1 Rdim=1 par=Inflow rng=inflow!A1 Rdim=1  par=evap rng=Evaporation!A1 Rdim=1

GDXXRW           33.2.0 r4f23b21 Released Dec 01, 2020 WEI x86 64bit/MS Window
**** Input file not found = E:\Class project\GCD_BugFlowExperiment\June 2018\Saturday Model\Input_April2018.xlsx
Total time = 672 Ms
--- April2018_Wknd.gms(83) 3 Mb
*** GDXIN failed E:\Class project\GCD_BugFlowExperiment\June 2018\Saturday Model\April2018(Weekend).gdx
*** Msg: No such file or directory
--- April2018_Wknd.gms(83) 3 Mb 1 Error
*** Error 510 in E:\Class project\GCD_BugFlowExperiment\April 2018\Weekend-Weekday\April2018_Wknd.gms
    Unable to open gdx file for $GDXIN
--- April2018_Wknd.gms(86) 3 Mb 2 Errors
*** Error 502 in E:\Class project\GCD_BugFlowExperiment\April 2018\Weekend-Weekday\April2018_Wknd.gms
    GDXIN  file not open - ignore rest of line
--- April2018_Wknd.gms(87) 3 Mb 3 Errors
*** Error 502 in E:\Class project\GCD_BugFlowExperiment\April 2018\Weekend-Weekday\April2018_Wknd.gms
    GDXIN  file not open - ignore rest of line
--- April2018_Wknd.gms(88) 3 Mb 4 Errors
*** Error 502 in E:\Class project\GCD_BugFlowExperiment\April 2018\Weekend-Weekday\April2018_Wknd.gms
    GDXIN  file not open - ignore rest of line
--- April2018_Wknd.gms(93) 3 Mb 7 Errors
*** Error 141 in E:\Class project\GCD_BugFlowExperiment\April 2018\Weekend-Weekday\April2018_Wknd.gms
    Symbol declared but no values have been assigned. Check for missing
       data definition, assignment, data loading or implicit assignment
       via a solve statement.
       A wild shot: You may have spurious commas in the explanatory
       text of a declaration. Check symbol reference list.
*** Error 141 in E:\Class project\GCD_BugFlowExperiment\April 2018\Weekend-Weekday\April2018_Wknd.gms
    Symbol declared but no values have been assigned. Check for missing
       data definition, assignment, data loading or implicit assignment
       via a solve statement.
       A wild shot: You may have spurious commas in the explanatory
       text of a declaration. Check symbol reference list.
*** Error 141 in E:\Class project\GCD_BugFlowExperiment\April 2018\Weekend-Weekday\April2018_Wknd.gms
    Symbol declared but no values have been assigned. Check for missing
       data definition, assignment, data loading or implicit assignment
       via a solve statement.
       A wild shot: You may have spurious commas in the explanatory
       text of a declaration. Check symbol reference list.
--- April2018_Wknd.gms(215) 3 Mb 8 Errors
*** Error 257 in E:\Class project\GCD_BugFlowExperiment\April 2018\Weekend-Weekday\April2018_Wknd.gms
    Solve statement not checked because of previous errors
--- April2018_Wknd.gms(216) 3 Mb 9 Errors
*** Error 257 in E:\Class project\GCD_BugFlowExperiment\April 2018\Weekend-Weekday\April2018_Wknd.gms
    Solve statement not checked because of previous errors
--- April2018_Wknd.gms(221) 3 Mb 10 Errors
*** Error 141 in E:\Class project\GCD_BugFlowExperiment\April 2018\Weekend-Weekday\April2018_Wknd.gms
    Symbol declared but no values have been assigned. Check for missing
       data definition, assignment, data loading or implicit assignment
       via a solve statement.
       A wild shot: You may have spurious commas in the explanatory
       text of a declaration. Check symbol reference list.
--- April2018_Wknd.gms(233) 3 Mb 11 Errors
*** Error 141 in E:\Class project\GCD_BugFlowExperiment\April 2018\Weekend-Weekday\April2018_Wknd.gms
    Symbol declared but no values have been assigned. Check for missing
       data definition, assignment, data loading or implicit assignment
       via a solve statement.
       A wild shot: You may have spurious commas in the explanatory
       text of a declaration. Check symbol reference list.
--- April2018_Wknd.gms(249) 3 Mb 12 Errors
*** Error 141 in E:\Class project\GCD_BugFlowExperiment\April 2018\Weekend-Weekday\April2018_Wknd.gms
    Symbol declared but no values have been assigned. Check for missing
       data definition, assignment, data loading or implicit assignment
       via a solve statement.
       A wild shot: You may have spurious commas in the explanatory
       text of a declaration. Check symbol reference list.
--- April2018_Wknd.gms(261) 3 Mb 12 Errors
*** Status: Compilation error(s)
--- Job April2018_Wknd.gms Stop 06/16/21 23:18:04 elapsed 0:00:01.380
Exit code = 2
