
--- Job June18_Saturday_Partial_con.gms Start 05/27/21 10:22:52 33.2.0 r4f23b21 WEX-WEI x86 64bit/MS Windows
--- Applying:
    C:\GAMS\33\gmsprmNT.txt
--- GAMS Parameters defined
    Input "E:\Class project\GCD_BugFlowExperiment\June 2018\Saturday Model\June18_Saturday_Partial_con.gms"
    PageWidth 80
    PageSize 0
    PageContr 3
    Action CE
    ScrDir "E:\Class project\GCD_BugFlowExperiment\June 2018\Saturday Model\225a\"
    SysDir C:\GAMS\33\
    WorkDir "E:\Class project\GCD_BugFlowExperiment\June 2018\Saturday Model\"
    LogOption 3
    DFormat 0
    TFormat 0
    ErrorLog 99
    IDE 1
Licensee: Small MUD - 5 User License                     G200622/0001AP-GEN
          Utah State University, Utah Water Research Laboratory      DC7087
          C:\GAMS\33\gamslice.txt
GAMS 33.2.0   Copyright (C) 1987-2020 GAMS Development. All rights reserved
--- Starting compilation
--- June18_Saturday_Partial_con.gms(295) 3 Mb
--- Starting execution: elapsed 0:00:00.009
--- June18_Saturday_Partial_con.gms(240) 4 Mb
--- Generating LP model Model1
--- June18_Saturday_Partial_con.gms(253) 4 Mb
--- LOOPS tot_vol = V1
---       Nu_SteadyDays = case1
---   97 rows  27 columns  183 non-zeroes
--- Executing CPLEX (Solvelink=2): elapsed 0:00:00.107

IBM ILOG CPLEX   33.2.0 r4f23b21 Released Dec 01, 2020 WEI x86 64bit/MS Window

--- GAMS/Cplex licensed for continuous and discrete problems.
--- GMO memory 0.51 Mb (peak 0.51 Mb)
--- Dictionary memory 0.00 Mb
--- Cplex 12.10.0.0 link memory 0.00 Mb (peak 0.01 Mb)
--- Starting Cplex

Version identifier: 12.10.0.0 | 2019-11-26 | 843d4de2ae
CPXPARAM_Advance                                 0
CPXPARAM_Threads                                 1
CPXPARAM_MIP_Display                             4
CPXPARAM_MIP_Tolerances_AbsMIPGap                0
Tried aggregator 1 time.
LP Presolve eliminated 86 rows and 21 columns.
Aggregator did 3 substitutions.
Reduced LP has 7 rows, 3 columns, and 16 nonzeros.
Presolve time = 0.00 sec. (0.05 ticks)

Iteration log . . .
Iteration:     1   Dual objective     =      17177955.182651

--- LP status (1): optimal.
--- Cplex Time: 0.00sec (det. 0.08 ticks)


Optimal solution found
Objective:     16945414.215171

--- Reading solution for model Model1
--- Executing after solve: elapsed 0:00:00.205
--- June18_Saturday_Partial_con.gms(240) 4 Mb
--- Generating LP model Model1
--- June18_Saturday_Partial_con.gms(253) 4 Mb
--- LOOPS tot_vol = V1
---       Nu_SteadyDays = case2
---   104 rows  27 columns  195 non-zeroes
--- Executing CPLEX (Solvelink=2): elapsed 0:00:00.237

IBM ILOG CPLEX   33.2.0 r4f23b21 Released Dec 01, 2020 WEI x86 64bit/MS Window

--- GAMS/Cplex licensed for continuous and discrete problems.
--- GMO memory 0.51 Mb (peak 0.51 Mb)
--- Dictionary memory 0.00 Mb
--- Cplex 12.10.0.0 link memory 0.00 Mb (peak 0.01 Mb)
--- Starting Cplex

Version identifier: 12.10.0.0 | 2019-11-26 | 843d4de2ae
CPXPARAM_Advance                                 0
CPXPARAM_Threads                                 1
CPXPARAM_MIP_Display                             4
CPXPARAM_MIP_Tolerances_AbsMIPGap                0
Tried aggregator 1 time.
LP Presolve eliminated 91 rows and 19 columns.
Aggregator did 5 substitutions.
Reduced LP has 7 rows, 3 columns, and 16 nonzeros.
Presolve time = 0.00 sec. (0.05 ticks)

Iteration log . . .
Iteration:     1   Dual objective     =      17177955.182651

--- LP status (1): optimal.
--- Cplex Time: 0.00sec (det. 0.09 ticks)


Optimal solution found
Objective:     16997535.466503

--- Reading solution for model Model1
--- Executing after solve: elapsed 0:00:00.321
--- June18_Saturday_Partial_con.gms(240) 4 Mb
--- Generating LP model Model1
--- June18_Saturday_Partial_con.gms(253) 4 Mb
--- LOOPS tot_vol = V1
---       Nu_SteadyDays = case3
---   104 rows  27 columns  195 non-zeroes
--- Executing CPLEX (Solvelink=2): elapsed 0:00:00.370

IBM ILOG CPLEX   33.2.0 r4f23b21 Released Dec 01, 2020 WEI x86 64bit/MS Window

--- GAMS/Cplex licensed for continuous and discrete problems.
--- GMO memory 0.51 Mb (peak 0.51 Mb)
--- Dictionary memory 0.00 Mb
--- Cplex 12.10.0.0 link memory 0.00 Mb (peak 0.01 Mb)
--- Starting Cplex

Version identifier: 12.10.0.0 | 2019-11-26 | 843d4de2ae
CPXPARAM_Advance                                 0
CPXPARAM_Threads                                 1
CPXPARAM_MIP_Display                             4
CPXPARAM_MIP_Tolerances_AbsMIPGap                0
Tried aggregator 1 time.
LP Presolve eliminated 91 rows and 19 columns.
Aggregator did 5 substitutions.
Reduced LP has 7 rows, 3 columns, and 16 nonzeros.
Presolve time = 0.00 sec. (0.05 ticks)

Iteration log . . .
Iteration:     1   Dual objective     =      17177955.182651

--- LP status (1): optimal.
--- Cplex Time: 0.00sec (det. 0.09 ticks)


Optimal solution found
Objective:     17053379.664358

--- Reading solution for model Model1
--- Executing after solve: elapsed 0:00:00.428
--- June18_Saturday_Partial_con.gms(240) 4 Mb
--- Generating LP model Model1
--- June18_Saturday_Partial_con.gms(253) 4 Mb
--- LOOPS tot_vol = V1
---       Nu_SteadyDays = case4
---   79 rows  27 columns  147 non-zeroes
--- Executing CPLEX (Solvelink=2): elapsed 0:00:00.498

IBM ILOG CPLEX   33.2.0 r4f23b21 Released Dec 01, 2020 WEI x86 64bit/MS Window

--- GAMS/Cplex licensed for continuous and discrete problems.
--- GMO memory 0.51 Mb (peak 0.51 Mb)
--- Dictionary memory 0.00 Mb
--- Cplex 12.10.0.0 link memory 0.00 Mb (peak 0.01 Mb)
--- Starting Cplex

Version identifier: 12.10.0.0 | 2019-11-26 | 843d4de2ae
CPXPARAM_Advance                                 0
CPXPARAM_Threads                                 1
CPXPARAM_MIP_Display                             4
CPXPARAM_MIP_Tolerances_AbsMIPGap                0
Tried aggregator 1 time.
LP Presolve eliminated 70 rows and 21 columns.
Aggregator did 4 substitutions.
Reduced LP has 4 rows, 2 columns, and 8 nonzeros.
Presolve time = 0.00 sec. (0.04 ticks)

Iteration log . . .
Iteration:     1   Dual objective     =      17177955.182651

--- LP status (1): optimal.
--- Cplex Time: 0.00sec (det. 0.06 ticks)


Optimal solution found
Objective:     17177955.182651

--- Reading solution for model Model1
--- Executing after solve: elapsed 0:00:00.618
--- June18_Saturday_Partial_con.gms(240) 4 Mb
--- Generating LP model Model1
--- June18_Saturday_Partial_con.gms(253) 4 Mb
--- LOOPS tot_vol = V1
---       Nu_SteadyDays = case5
---   102 rows  27 columns  191 non-zeroes
--- Executing CPLEX (Solvelink=2): elapsed 0:00:00.632

IBM ILOG CPLEX   33.2.0 r4f23b21 Released Dec 01, 2020 WEI x86 64bit/MS Window

--- GAMS/Cplex licensed for continuous and discrete problems.
--- GMO memory 0.51 Mb (peak 0.51 Mb)
--- Dictionary memory 0.00 Mb
--- Cplex 12.10.0.0 link memory 0.00 Mb (peak 0.01 Mb)
--- Starting Cplex

Version identifier: 12.10.0.0 | 2019-11-26 | 843d4de2ae
CPXPARAM_Advance                                 0
CPXPARAM_Threads                                 1
CPXPARAM_MIP_Display                             4
CPXPARAM_MIP_Tolerances_AbsMIPGap                0
Tried aggregator 1 time.
LP Presolve eliminated 91 rows and 19 columns.
Aggregator did 6 substitutions.
Reduced LP has 4 rows, 2 columns, and 8 nonzeros.
Presolve time = 0.00 sec. (0.05 ticks)

Iteration log . . .
Iteration:     1   Dual objective     =      17244568.480627

--- LP status (1): optimal.
--- Cplex Time: 0.00sec (det. 0.08 ticks)


Optimal solution found
Objective:     17244568.480627

--- Reading solution for model Model1
--- Executing after solve: elapsed 0:00:00.711
--- June18_Saturday_Partial_con.gms(240) 4 Mb
--- Generating LP model Model1
--- June18_Saturday_Partial_con.gms(253) 4 Mb
--- LOOPS tot_vol = V1
---       Nu_SteadyDays = case6
---   77 rows  27 columns  143 non-zeroes
--- Executing CPLEX (Solvelink=2): elapsed 0:00:00.757

IBM ILOG CPLEX   33.2.0 r4f23b21 Released Dec 01, 2020 WEI x86 64bit/MS Window

--- GAMS/Cplex licensed for continuous and discrete problems.
--- GMO memory 0.51 Mb (peak 0.51 Mb)
--- Dictionary memory 0.00 Mb
--- Cplex 12.10.0.0 link memory 0.00 Mb (peak 0.01 Mb)
--- Starting Cplex

Version identifier: 12.10.0.0 | 2019-11-26 | 843d4de2ae
CPXPARAM_Advance                                 0
CPXPARAM_Threads                                 1
CPXPARAM_MIP_Display                             4
CPXPARAM_MIP_Tolerances_AbsMIPGap                0
Tried aggregator 1 time.
LP Presolve eliminated 71 rows and 22 columns.
Aggregator did 5 substitutions.
All rows and columns eliminated.
Presolve time = 0.00 sec. (0.03 ticks)

--- LP status (1): optimal.
--- Cplex Time: 0.00sec (det. 0.06 ticks)


Optimal solution found
Objective:     17323293.287325

--- Reading solution for model Model1
--- Executing after solve: elapsed 0:00:00.822
--- June18_Saturday_Partial_con.gms(240) 4 Mb
--- Generating LP model Model1
--- June18_Saturday_Partial_con.gms(253) 4 Mb
--- LOOPS tot_vol = V1
---       Nu_SteadyDays = case7
---   94 rows  27 columns  175 non-zeroes
--- Executing CPLEX (Solvelink=2): elapsed 0:00:00.886

IBM ILOG CPLEX   33.2.0 r4f23b21 Released Dec 01, 2020 WEI x86 64bit/MS Window

--- GAMS/Cplex licensed for continuous and discrete problems.
--- GMO memory 0.51 Mb (peak 0.51 Mb)
--- Dictionary memory 0.00 Mb
--- Cplex 12.10.0.0 link memory 0.00 Mb (peak 0.01 Mb)
--- Starting Cplex

Version identifier: 12.10.0.0 | 2019-11-26 | 843d4de2ae
CPXPARAM_Advance                                 0
CPXPARAM_Threads                                 1
CPXPARAM_MIP_Display                             4
CPXPARAM_MIP_Tolerances_AbsMIPGap                0
Tried aggregator 1 time.
LP Presolve eliminated 86 rows and 20 columns.
Aggregator did 7 substitutions.
All rows and columns eliminated.
Presolve time = 0.00 sec. (0.04 ticks)

--- LP status (1): optimal.
--- Cplex Time: 0.00sec (det. 0.07 ticks)


Optimal solution found
Objective:     17323293.287325

--- Reading solution for model Model1
--- Executing after solve: elapsed 0:00:00.982
--- June18_Saturday_Partial_con.gms(240) 4 Mb
--- Generating LP model Model1
--- June18_Saturday_Partial_con.gms(253) 4 Mb
--- LOOPS tot_vol = V1
---       Nu_SteadyDays = case8
---   94 rows  27 columns  175 non-zeroes
--- Executing CPLEX (Solvelink=2): elapsed 0:00:01.015

IBM ILOG CPLEX   33.2.0 r4f23b21 Released Dec 01, 2020 WEI x86 64bit/MS Window

--- GAMS/Cplex licensed for continuous and discrete problems.
--- GMO memory 0.51 Mb (peak 0.51 Mb)
--- Dictionary memory 0.00 Mb
--- Cplex 12.10.0.0 link memory 0.00 Mb (peak 0.01 Mb)
--- Starting Cplex

Version identifier: 12.10.0.0 | 2019-11-26 | 843d4de2ae
CPXPARAM_Advance                                 0
CPXPARAM_Threads                                 1
CPXPARAM_MIP_Display                             4
CPXPARAM_MIP_Tolerances_AbsMIPGap                0
Tried aggregator 1 time.
LP Presolve eliminated 86 rows and 20 columns.
Aggregator did 7 substitutions.
All rows and columns eliminated.
Presolve time = 0.00 sec. (0.04 ticks)

--- LP status (1): optimal.
--- Cplex Time: 0.00sec (det. 0.07 ticks)


Optimal solution found
Objective:     17272381.805365

--- Reading solution for model Model1
--- Executing after solve: elapsed 0:00:01.075
--- June18_Saturday_Partial_con.gms(240) 4 Mb
--- Generating LP model Model1
--- June18_Saturday_Partial_con.gms(253) 4 Mb
--- LOOPS tot_vol = V1
---       Nu_SteadyDays = case9
---   94 rows  27 columns  175 non-zeroes
--- Executing CPLEX (Solvelink=2): elapsed 0:00:01.141

IBM ILOG CPLEX   33.2.0 r4f23b21 Released Dec 01, 2020 WEI x86 64bit/MS Window

--- GAMS/Cplex licensed for continuous and discrete problems.
--- GMO memory 0.51 Mb (peak 0.51 Mb)
--- Dictionary memory 0.00 Mb
--- Cplex 12.10.0.0 link memory 0.00 Mb (peak 0.01 Mb)
--- Starting Cplex

Version identifier: 12.10.0.0 | 2019-11-26 | 843d4de2ae
CPXPARAM_Advance                                 0
CPXPARAM_Threads                                 1
CPXPARAM_MIP_Display                             4
CPXPARAM_MIP_Tolerances_AbsMIPGap                0
Tried aggregator 1 time.
LP Presolve eliminated 86 rows and 20 columns.
Aggregator did 7 substitutions.
All rows and columns eliminated.
Presolve time = 0.00 sec. (0.04 ticks)

--- LP status (1): optimal.
--- Cplex Time: 0.00sec (det. 0.07 ticks)


Optimal solution found
Objective:     16985896.856032

--- Reading solution for model Model1
--- Executing after solve: elapsed 0:00:01.225
--- June18_Saturday_Partial_con.gms(240) 4 Mb
--- Generating LP model Model1
--- June18_Saturday_Partial_con.gms(253) 4 Mb
--- LOOPS tot_vol = V1
---       Nu_SteadyDays = case10
---   94 rows  27 columns  175 non-zeroes
--- Executing CPLEX (Solvelink=2): elapsed 0:00:01.275

IBM ILOG CPLEX   33.2.0 r4f23b21 Released Dec 01, 2020 WEI x86 64bit/MS Window

--- GAMS/Cplex licensed for continuous and discrete problems.
--- GMO memory 0.51 Mb (peak 0.51 Mb)
--- Dictionary memory 0.00 Mb
--- Cplex 12.10.0.0 link memory 0.00 Mb (peak 0.01 Mb)
--- Starting Cplex

Version identifier: 12.10.0.0 | 2019-11-26 | 843d4de2ae
CPXPARAM_Advance                                 0
CPXPARAM_Threads                                 1
CPXPARAM_MIP_Display                             4
CPXPARAM_MIP_Tolerances_AbsMIPGap                0
Tried aggregator 1 time.
LP Presolve eliminated 86 rows and 20 columns.
Aggregator did 7 substitutions.
All rows and columns eliminated.
Presolve time = 0.00 sec. (0.04 ticks)

--- LP status (1): optimal.
--- Cplex Time: 0.02sec (det. 0.07 ticks)


Optimal solution found
Objective:     16699411.906699

--- Reading solution for model Model1
--- Executing after solve: elapsed 0:00:01.353
--- June18_Saturday_Partial_con.gms(240) 4 Mb
--- Generating LP model Model1
--- June18_Saturday_Partial_con.gms(253) 4 Mb
--- LOOPS tot_vol = V1
---       Nu_SteadyDays = case11
---   94 rows  27 columns  175 non-zeroes
--- Executing CPLEX (Solvelink=2): elapsed 0:00:01.400

IBM ILOG CPLEX   33.2.0 r4f23b21 Released Dec 01, 2020 WEI x86 64bit/MS Window

--- GAMS/Cplex licensed for continuous and discrete problems.
--- GMO memory 0.51 Mb (peak 0.51 Mb)
--- Dictionary memory 0.00 Mb
--- Cplex 12.10.0.0 link memory 0.00 Mb (peak 0.01 Mb)
--- Starting Cplex

Version identifier: 12.10.0.0 | 2019-11-26 | 843d4de2ae
CPXPARAM_Advance                                 0
CPXPARAM_Threads                                 1
CPXPARAM_MIP_Display                             4
CPXPARAM_MIP_Tolerances_AbsMIPGap                0
Tried aggregator 1 time.
LP Presolve eliminated 86 rows and 20 columns.
Aggregator did 7 substitutions.
All rows and columns eliminated.
Presolve time = 0.00 sec. (0.04 ticks)

--- LP status (1): optimal.
--- Cplex Time: 0.00sec (det. 0.07 ticks)


Optimal solution found
Objective:     16412926.957365

--- Reading solution for model Model1
--- Executing after solve: elapsed 0:00:01.467
--- June18_Saturday_Partial_con.gms(240) 4 Mb
--- Generating LP model Model1
--- June18_Saturday_Partial_con.gms(253) 4 Mb
--- LOOPS tot_vol = V1
---       Nu_SteadyDays = case12
---   81 rows  27 columns  151 non-zeroes
--- Executing CPLEX (Solvelink=2): elapsed 0:00:01.529

IBM ILOG CPLEX   33.2.0 r4f23b21 Released Dec 01, 2020 WEI x86 64bit/MS Window

--- GAMS/Cplex licensed for continuous and discrete problems.
--- GMO memory 0.51 Mb (peak 0.51 Mb)
--- Dictionary memory 0.00 Mb
--- Cplex 12.10.0.0 link memory 0.00 Mb (peak 0.01 Mb)
--- Starting Cplex

Version identifier: 12.10.0.0 | 2019-11-26 | 843d4de2ae
CPXPARAM_Advance                                 0
CPXPARAM_Threads                                 1
CPXPARAM_MIP_Display                             4
CPXPARAM_MIP_Tolerances_AbsMIPGap                0
Tried aggregator 1 time.
LP Presolve eliminated 75 rows and 22 columns.
Aggregator did 5 substitutions.
All rows and columns eliminated.
Presolve time = 0.00 sec. (0.03 ticks)

--- LP status (1): optimal.
--- Cplex Time: 0.00sec (det. 0.06 ticks)


Optimal solution found
Objective:     16126442.008032

--- Reading solution for model Model1
--- Executing after solve: elapsed 0:00:01.623
--- June18_Saturday_Partial_con.gms(240) 4 Mb
--- Generating LP model Model1
--- June18_Saturday_Partial_con.gms(253) 4 Mb
--- LOOPS tot_vol = V2
---       Nu_SteadyDays = case1
---   97 rows  27 columns  183 non-zeroes
--- Executing CPLEX (Solvelink=2): elapsed 0:00:01.666

IBM ILOG CPLEX   33.2.0 r4f23b21 Released Dec 01, 2020 WEI x86 64bit/MS Window

--- GAMS/Cplex licensed for continuous and discrete problems.
--- GMO memory 0.51 Mb (peak 0.51 Mb)
--- Dictionary memory 0.00 Mb
--- Cplex 12.10.0.0 link memory 0.00 Mb (peak 0.01 Mb)
--- Starting Cplex

Version identifier: 12.10.0.0 | 2019-11-26 | 843d4de2ae
CPXPARAM_Advance                                 0
CPXPARAM_Threads                                 1
CPXPARAM_MIP_Display                             4
CPXPARAM_MIP_Tolerances_AbsMIPGap                0
Tried aggregator 1 time.
LP Presolve eliminated 85 rows and 21 columns.
Aggregator did 2 substitutions.
Reduced LP has 9 rows, 4 columns, and 20 nonzeros.
Presolve time = 0.00 sec. (0.05 ticks)

Iteration log . . .
Iteration:     1   Dual objective     =      20166387.263229

--- LP status (1): optimal.
--- Cplex Time: 0.00sec (det. 0.09 ticks)


Optimal solution found
Objective:     19482028.466018

--- Reading solution for model Model1
--- Executing after solve: elapsed 0:00:01.751
--- June18_Saturday_Partial_con.gms(240) 4 Mb
--- Generating LP model Model1
--- June18_Saturday_Partial_con.gms(253) 4 Mb
--- LOOPS tot_vol = V2
---       Nu_SteadyDays = case2
---   104 rows  27 columns  195 non-zeroes
--- Executing CPLEX (Solvelink=2): elapsed 0:00:01.795

IBM ILOG CPLEX   33.2.0 r4f23b21 Released Dec 01, 2020 WEI x86 64bit/MS Window

--- GAMS/Cplex licensed for continuous and discrete problems.
--- GMO memory 0.51 Mb (peak 0.51 Mb)
--- Dictionary memory 0.00 Mb
--- Cplex 12.10.0.0 link memory 0.00 Mb (peak 0.01 Mb)
--- Starting Cplex

Version identifier: 12.10.0.0 | 2019-11-26 | 843d4de2ae
CPXPARAM_Advance                                 0
CPXPARAM_Threads                                 1
CPXPARAM_MIP_Display                             4
CPXPARAM_MIP_Tolerances_AbsMIPGap                0
Tried aggregator 1 time.
LP Presolve eliminated 90 rows and 19 columns.
Aggregator did 4 substitutions.
Reduced LP has 9 rows, 4 columns, and 20 nonzeros.
Presolve time = 0.01 sec. (0.05 ticks)

Iteration log . . .
Iteration:     1   Dual objective     =      20166387.263229

--- LP status (1): optimal.
--- Cplex Time: 0.01sec (det. 0.09 ticks)


Optimal solution found
Objective:     19531140.171618

--- Reading solution for model Model1
--- Executing after solve: elapsed 0:00:01.878
--- June18_Saturday_Partial_con.gms(240) 4 Mb
--- Generating LP model Model1
--- June18_Saturday_Partial_con.gms(253) 4 Mb
--- LOOPS tot_vol = V2
---       Nu_SteadyDays = case3
---   104 rows  27 columns  195 non-zeroes
--- Executing CPLEX (Solvelink=2): elapsed 0:00:01.921

IBM ILOG CPLEX   33.2.0 r4f23b21 Released Dec 01, 2020 WEI x86 64bit/MS Window

--- GAMS/Cplex licensed for continuous and discrete problems.
--- GMO memory 0.51 Mb (peak 0.51 Mb)
--- Dictionary memory 0.00 Mb
--- Cplex 12.10.0.0 link memory 0.00 Mb (peak 0.01 Mb)
--- Starting Cplex

Version identifier: 12.10.0.0 | 2019-11-26 | 843d4de2ae
CPXPARAM_Advance                                 0
CPXPARAM_Threads                                 1
CPXPARAM_MIP_Display                             4
CPXPARAM_MIP_Tolerances_AbsMIPGap                0
Tried aggregator 1 time.
LP Presolve eliminated 90 rows and 19 columns.
Aggregator did 4 substitutions.
Reduced LP has 9 rows, 4 columns, and 20 nonzeros.
Presolve time = 0.00 sec. (0.05 ticks)

Iteration log . . .
Iteration:     1   Dual objective     =      20166387.263229

--- LP status (1): optimal.
--- Cplex Time: 0.00sec (det. 0.09 ticks)


Optimal solution found
Objective:     19580251.877218

--- Reading solution for model Model1
--- Executing after solve: elapsed 0:00:01.987
--- June18_Saturday_Partial_con.gms(240) 4 Mb
--- Generating LP model Model1
--- June18_Saturday_Partial_con.gms(253) 4 Mb
--- LOOPS tot_vol = V2
---       Nu_SteadyDays = case4
---   79 rows  27 columns  147 non-zeroes
--- Executing CPLEX (Solvelink=2): elapsed 0:00:02.054

IBM ILOG CPLEX   33.2.0 r4f23b21 Released Dec 01, 2020 WEI x86 64bit/MS Window

--- GAMS/Cplex licensed for continuous and discrete problems.
--- GMO memory 0.51 Mb (peak 0.51 Mb)
--- Dictionary memory 0.00 Mb
--- Cplex 12.10.0.0 link memory 0.00 Mb (peak 0.01 Mb)
--- Starting Cplex

Version identifier: 12.10.0.0 | 2019-11-26 | 843d4de2ae
CPXPARAM_Advance                                 0
CPXPARAM_Threads                                 1
CPXPARAM_MIP_Display                             4
CPXPARAM_MIP_Tolerances_AbsMIPGap                0
Tried aggregator 1 time.
LP Presolve eliminated 69 rows and 21 columns.
Aggregator did 3 substitutions.
Reduced LP has 6 rows, 3 columns, and 13 nonzeros.
Presolve time = 0.00 sec. (0.04 ticks)

Iteration log . . .
Iteration:     1   Dual objective     =      20166387.263229

--- LP status (1): optimal.
--- Cplex Time: 0.00sec (det. 0.07 ticks)


Optimal solution found
Objective:     19678475.288418

--- Reading solution for model Model1
--- Executing after solve: elapsed 0:00:02.136
--- June18_Saturday_Partial_con.gms(240) 4 Mb
--- Generating LP model Model1
--- June18_Saturday_Partial_con.gms(253) 4 Mb
--- LOOPS tot_vol = V2
---       Nu_SteadyDays = case5
---   102 rows  27 columns  191 non-zeroes
--- Executing CPLEX (Solvelink=2): elapsed 0:00:02.190

IBM ILOG CPLEX   33.2.0 r4f23b21 Released Dec 01, 2020 WEI x86 64bit/MS Window

--- GAMS/Cplex licensed for continuous and discrete problems.
--- GMO memory 0.51 Mb (peak 0.51 Mb)
--- Dictionary memory 0.00 Mb
--- Cplex 12.10.0.0 link memory 0.00 Mb (peak 0.01 Mb)
--- Starting Cplex

Version identifier: 12.10.0.0 | 2019-11-26 | 843d4de2ae
CPXPARAM_Advance                                 0
CPXPARAM_Threads                                 1
CPXPARAM_MIP_Display                             4
CPXPARAM_MIP_Tolerances_AbsMIPGap                0
Tried aggregator 1 time.
LP Presolve eliminated 90 rows and 19 columns.
Aggregator did 5 substitutions.
Reduced LP has 6 rows, 3 columns, and 13 nonzeros.
Presolve time = 0.00 sec. (0.05 ticks)

Iteration log . . .
Iteration:     1   Dual objective     =      20166387.263229

--- LP status (1): optimal.
--- Cplex Time: 0.00sec (det. 0.09 ticks)


Optimal solution found
Objective:     19684614.251618

--- Reading solution for model Model1
--- Executing after solve: elapsed 0:00:02.268
--- June18_Saturday_Partial_con.gms(240) 4 Mb
--- Generating LP model Model1
--- June18_Saturday_Partial_con.gms(253) 4 Mb
--- LOOPS tot_vol = V2
---       Nu_SteadyDays = case6
---   77 rows  27 columns  143 non-zeroes
--- Executing CPLEX (Solvelink=2): elapsed 0:00:02.328

IBM ILOG CPLEX   33.2.0 r4f23b21 Released Dec 01, 2020 WEI x86 64bit/MS Window

--- GAMS/Cplex licensed for continuous and discrete problems.
--- GMO memory 0.51 Mb (peak 0.51 Mb)
--- Dictionary memory 0.00 Mb
--- Cplex 12.10.0.0 link memory 0.00 Mb (peak 0.01 Mb)
--- Starting Cplex

Version identifier: 12.10.0.0 | 2019-11-26 | 843d4de2ae
CPXPARAM_Advance                                 0
CPXPARAM_Threads                                 1
CPXPARAM_MIP_Display                             4
CPXPARAM_MIP_Tolerances_AbsMIPGap                0
Tried aggregator 1 time.
LP Presolve eliminated 71 rows and 22 columns.
Aggregator did 5 substitutions.
All rows and columns eliminated.
Presolve time = 0.00 sec. (0.03 ticks)

--- LP status (1): optimal.
--- Cplex Time: 0.00sec (det. 0.06 ticks)


Optimal solution found
Objective:     19690753.214818

--- Reading solution for model Model1
--- Executing after solve: elapsed 0:00:02.401
--- June18_Saturday_Partial_con.gms(240) 4 Mb
--- Generating LP model Model1
--- June18_Saturday_Partial_con.gms(253) 4 Mb
--- LOOPS tot_vol = V2
---       Nu_SteadyDays = case7
---   94 rows  27 columns  175 non-zeroes
--- Executing CPLEX (Solvelink=2): elapsed 0:00:02.467

IBM ILOG CPLEX   33.2.0 r4f23b21 Released Dec 01, 2020 WEI x86 64bit/MS Window

--- GAMS/Cplex licensed for continuous and discrete problems.
--- GMO memory 0.51 Mb (peak 0.51 Mb)
--- Dictionary memory 0.00 Mb
--- Cplex 12.10.0.0 link memory 0.00 Mb (peak 0.01 Mb)
--- Starting Cplex

Version identifier: 12.10.0.0 | 2019-11-26 | 843d4de2ae
CPXPARAM_Advance                                 0
CPXPARAM_Threads                                 1
CPXPARAM_MIP_Display                             4
CPXPARAM_MIP_Tolerances_AbsMIPGap                0
Tried aggregator 1 time.
LP Presolve eliminated 86 rows and 20 columns.
Aggregator did 7 substitutions.
All rows and columns eliminated.
Presolve time = 0.00 sec. (0.04 ticks)

--- LP status (1): optimal.
--- Cplex Time: 0.00sec (det. 0.07 ticks)


Optimal solution found
Objective:     19633456.224951

--- Reading solution for model Model1
--- Executing after solve: elapsed 0:00:02.538
--- June18_Saturday_Partial_con.gms(240) 4 Mb
--- Generating LP model Model1
--- June18_Saturday_Partial_con.gms(253) 4 Mb
--- LOOPS tot_vol = V2
---       Nu_SteadyDays = case8
---   94 rows  27 columns  175 non-zeroes
--- Executing CPLEX (Solvelink=2): elapsed 0:00:02.606

IBM ILOG CPLEX   33.2.0 r4f23b21 Released Dec 01, 2020 WEI x86 64bit/MS Window

--- GAMS/Cplex licensed for continuous and discrete problems.
--- GMO memory 0.51 Mb (peak 0.51 Mb)
--- Dictionary memory 0.00 Mb
--- Cplex 12.10.0.0 link memory 0.00 Mb (peak 0.01 Mb)
--- Starting Cplex

Version identifier: 12.10.0.0 | 2019-11-26 | 843d4de2ae
CPXPARAM_Advance                                 0
CPXPARAM_Threads                                 1
CPXPARAM_MIP_Display                             4
CPXPARAM_MIP_Tolerances_AbsMIPGap                0
Tried aggregator 1 time.
LP Presolve eliminated 86 rows and 20 columns.
Aggregator did 7 substitutions.
All rows and columns eliminated.
Presolve time = 0.00 sec. (0.04 ticks)

--- LP status (1): optimal.
--- Cplex Time: 0.00sec (det. 0.07 ticks)


Optimal solution found
Objective:     19576159.235084

--- Reading solution for model Model1
--- Executing after solve: elapsed 0:00:02.687
--- June18_Saturday_Partial_con.gms(240) 4 Mb
--- Generating LP model Model1
--- June18_Saturday_Partial_con.gms(253) 4 Mb
--- LOOPS tot_vol = V2
---       Nu_SteadyDays = case9
---   94 rows  27 columns  175 non-zeroes
--- Executing CPLEX (Solvelink=2): elapsed 0:00:02.748

IBM ILOG CPLEX   33.2.0 r4f23b21 Released Dec 01, 2020 WEI x86 64bit/MS Window

--- GAMS/Cplex licensed for continuous and discrete problems.
--- GMO memory 0.51 Mb (peak 0.51 Mb)
--- Dictionary memory 0.00 Mb
--- Cplex 12.10.0.0 link memory 0.00 Mb (peak 0.01 Mb)
--- Starting Cplex

Version identifier: 12.10.0.0 | 2019-11-26 | 843d4de2ae
CPXPARAM_Advance                                 0
CPXPARAM_Threads                                 1
CPXPARAM_MIP_Display                             4
CPXPARAM_MIP_Tolerances_AbsMIPGap                0
Tried aggregator 1 time.
LP Presolve eliminated 86 rows and 20 columns.
Aggregator did 7 substitutions.
All rows and columns eliminated.
Presolve time = 0.00 sec. (0.04 ticks)

--- LP status (1): optimal.
--- Cplex Time: 0.00sec (det. 0.07 ticks)


Optimal solution found
Objective:     19289674.285751

--- Reading solution for model Model1
--- Executing after solve: elapsed 0:00:02.848
--- June18_Saturday_Partial_con.gms(240) 4 Mb
--- Generating LP model Model1
--- June18_Saturday_Partial_con.gms(253) 4 Mb
--- LOOPS tot_vol = V2
---       Nu_SteadyDays = case10
---   94 rows  27 columns  175 non-zeroes
--- Executing CPLEX (Solvelink=2): elapsed 0:00:02.884

IBM ILOG CPLEX   33.2.0 r4f23b21 Released Dec 01, 2020 WEI x86 64bit/MS Window

--- GAMS/Cplex licensed for continuous and discrete problems.
--- GMO memory 0.51 Mb (peak 0.51 Mb)
--- Dictionary memory 0.00 Mb
--- Cplex 12.10.0.0 link memory 0.00 Mb (peak 0.01 Mb)
--- Starting Cplex

Version identifier: 12.10.0.0 | 2019-11-26 | 843d4de2ae
CPXPARAM_Advance                                 0
CPXPARAM_Threads                                 1
CPXPARAM_MIP_Display                             4
CPXPARAM_MIP_Tolerances_AbsMIPGap                0
Tried aggregator 1 time.
LP Presolve eliminated 86 rows and 20 columns.
Aggregator did 7 substitutions.
All rows and columns eliminated.
Presolve time = 0.00 sec. (0.04 ticks)

--- LP status (1): optimal.
--- Cplex Time: 0.00sec (det. 0.07 ticks)


Optimal solution found
Objective:     19003189.336418

--- Reading solution for model Model1
--- Executing after solve: elapsed 0:00:02.962
--- June18_Saturday_Partial_con.gms(240) 4 Mb
--- Generating LP model Model1
--- June18_Saturday_Partial_con.gms(253) 4 Mb
--- LOOPS tot_vol = V2
---       Nu_SteadyDays = case11
---   94 rows  27 columns  175 non-zeroes
--- Executing CPLEX (Solvelink=2): elapsed 0:00:03.013

IBM ILOG CPLEX   33.2.0 r4f23b21 Released Dec 01, 2020 WEI x86 64bit/MS Window

--- GAMS/Cplex licensed for continuous and discrete problems.
--- GMO memory 0.51 Mb (peak 0.51 Mb)
--- Dictionary memory 0.00 Mb
--- Cplex 12.10.0.0 link memory 0.00 Mb (peak 0.01 Mb)
--- Starting Cplex

Version identifier: 12.10.0.0 | 2019-11-26 | 843d4de2ae
CPXPARAM_Advance                                 0
CPXPARAM_Threads                                 1
CPXPARAM_MIP_Display                             4
CPXPARAM_MIP_Tolerances_AbsMIPGap                0
Tried aggregator 1 time.
LP Presolve eliminated 86 rows and 20 columns.
Aggregator did 7 substitutions.
All rows and columns eliminated.
Presolve time = 0.00 sec. (0.04 ticks)

--- LP status (1): optimal.
--- Cplex Time: 0.00sec (det. 0.07 ticks)


Optimal solution found
Objective:     18716704.387084

--- Reading solution for model Model1
--- Executing after solve: elapsed 0:00:03.090
--- June18_Saturday_Partial_con.gms(240) 4 Mb
--- Generating LP model Model1
--- June18_Saturday_Partial_con.gms(253) 4 Mb
--- LOOPS tot_vol = V2
---       Nu_SteadyDays = case12
---   81 rows  27 columns  151 non-zeroes
--- Executing CPLEX (Solvelink=2): elapsed 0:00:03.142

IBM ILOG CPLEX   33.2.0 r4f23b21 Released Dec 01, 2020 WEI x86 64bit/MS Window

--- GAMS/Cplex licensed for continuous and discrete problems.
--- GMO memory 0.51 Mb (peak 0.51 Mb)
--- Dictionary memory 0.00 Mb
--- Cplex 12.10.0.0 link memory 0.00 Mb (peak 0.01 Mb)
--- Starting Cplex

Version identifier: 12.10.0.0 | 2019-11-26 | 843d4de2ae
CPXPARAM_Advance                                 0
CPXPARAM_Threads                                 1
CPXPARAM_MIP_Display                             4
CPXPARAM_MIP_Tolerances_AbsMIPGap                0
Tried aggregator 1 time.
LP Presolve eliminated 75 rows and 22 columns.
Aggregator did 5 substitutions.
All rows and columns eliminated.
Presolve time = 0.00 sec. (0.03 ticks)

--- LP status (1): optimal.
--- Cplex Time: 0.00sec (det. 0.06 ticks)


Optimal solution found
Objective:     18430219.437751

--- Reading solution for model Model1
--- Executing after solve: elapsed 0:00:03.224
--- June18_Saturday_Partial_con.gms(240) 4 Mb
--- Generating LP model Model1
--- June18_Saturday_Partial_con.gms(253) 4 Mb
--- LOOPS tot_vol = V3
---       Nu_SteadyDays = case1
---   97 rows  27 columns  183 non-zeroes
--- Executing CPLEX (Solvelink=2): elapsed 0:00:03.279

IBM ILOG CPLEX   33.2.0 r4f23b21 Released Dec 01, 2020 WEI x86 64bit/MS Window

--- GAMS/Cplex licensed for continuous and discrete problems.
--- GMO memory 0.51 Mb (peak 0.51 Mb)
--- Dictionary memory 0.00 Mb
--- Cplex 12.10.0.0 link memory 0.00 Mb (peak 0.01 Mb)
--- Starting Cplex

Version identifier: 12.10.0.0 | 2019-11-26 | 843d4de2ae
CPXPARAM_Advance                                 0
CPXPARAM_Threads                                 1
CPXPARAM_MIP_Display                             4
CPXPARAM_MIP_Tolerances_AbsMIPGap                0
Tried aggregator 1 time.
LP Presolve eliminated 85 rows and 21 columns.
Aggregator did 2 substitutions.
Reduced LP has 9 rows, 4 columns, and 20 nonzeros.
Presolve time = 0.00 sec. (0.05 ticks)

Iteration log . . .
Iteration:     1   Dual objective     =      23009481.239133

--- LP status (1): optimal.
--- Cplex Time: 0.00sec (det. 0.09 ticks)


Optimal solution found
Objective:     21785805.895737

--- Reading solution for model Model1
--- Executing after solve: elapsed 0:00:03.361
--- June18_Saturday_Partial_con.gms(240) 4 Mb
--- Generating LP model Model1
--- June18_Saturday_Partial_con.gms(253) 4 Mb
--- LOOPS tot_vol = V3
---       Nu_SteadyDays = case2
---   104 rows  27 columns  195 non-zeroes
--- Executing CPLEX (Solvelink=2): elapsed 0:00:03.409

IBM ILOG CPLEX   33.2.0 r4f23b21 Released Dec 01, 2020 WEI x86 64bit/MS Window

--- GAMS/Cplex licensed for continuous and discrete problems.
--- GMO memory 0.51 Mb (peak 0.51 Mb)
--- Dictionary memory 0.00 Mb
--- Cplex 12.10.0.0 link memory 0.00 Mb (peak 0.01 Mb)
--- Starting Cplex

Version identifier: 12.10.0.0 | 2019-11-26 | 843d4de2ae
CPXPARAM_Advance                                 0
CPXPARAM_Threads                                 1
CPXPARAM_MIP_Display                             4
CPXPARAM_MIP_Tolerances_AbsMIPGap                0
Tried aggregator 1 time.
LP Presolve eliminated 90 rows and 19 columns.
Aggregator did 4 substitutions.
Reduced LP has 9 rows, 4 columns, and 20 nonzeros.
Presolve time = 0.00 sec. (0.05 ticks)

Iteration log . . .
Iteration:     1   Dual objective     =      23009481.239133

--- LP status (1): optimal.
--- Cplex Time: 0.00sec (det. 0.09 ticks)


Optimal solution found
Objective:     21834917.601337

--- Reading solution for model Model1
--- Executing after solve: elapsed 0:00:03.500
--- June18_Saturday_Partial_con.gms(240) 4 Mb
--- Generating LP model Model1
--- June18_Saturday_Partial_con.gms(253) 4 Mb
--- LOOPS tot_vol = V3
---       Nu_SteadyDays = case3
---   104 rows  27 columns  195 non-zeroes
--- Executing CPLEX (Solvelink=2): elapsed 0:00:03.541

IBM ILOG CPLEX   33.2.0 r4f23b21 Released Dec 01, 2020 WEI x86 64bit/MS Window

--- GAMS/Cplex licensed for continuous and discrete problems.
--- GMO memory 0.51 Mb (peak 0.51 Mb)
--- Dictionary memory 0.00 Mb
--- Cplex 12.10.0.0 link memory 0.00 Mb (peak 0.01 Mb)
--- Starting Cplex

Version identifier: 12.10.0.0 | 2019-11-26 | 843d4de2ae
CPXPARAM_Advance                                 0
CPXPARAM_Threads                                 1
CPXPARAM_MIP_Display                             4
CPXPARAM_MIP_Tolerances_AbsMIPGap                0
Tried aggregator 1 time.
LP Presolve eliminated 90 rows and 19 columns.
Aggregator did 4 substitutions.
Reduced LP has 9 rows, 4 columns, and 20 nonzeros.
Presolve time = 0.00 sec. (0.05 ticks)

Iteration log . . .
Iteration:     1   Dual objective     =      23009481.239133

--- LP status (1): optimal.
--- Cplex Time: 0.00sec (det. 0.09 ticks)


Optimal solution found
Objective:     21884029.306937

--- Reading solution for model Model1
--- Executing after solve: elapsed 0:00:03.606
--- June18_Saturday_Partial_con.gms(240) 4 Mb
--- Generating LP model Model1
--- June18_Saturday_Partial_con.gms(253) 4 Mb
--- LOOPS tot_vol = V3
---       Nu_SteadyDays = case4
---   79 rows  27 columns  147 non-zeroes
--- Executing CPLEX (Solvelink=2): elapsed 0:00:03.673

IBM ILOG CPLEX   33.2.0 r4f23b21 Released Dec 01, 2020 WEI x86 64bit/MS Window

--- GAMS/Cplex licensed for continuous and discrete problems.
--- GMO memory 0.51 Mb (peak 0.51 Mb)
--- Dictionary memory 0.00 Mb
--- Cplex 12.10.0.0 link memory 0.00 Mb (peak 0.01 Mb)
--- Starting Cplex

Version identifier: 12.10.0.0 | 2019-11-26 | 843d4de2ae
CPXPARAM_Advance                                 0
CPXPARAM_Threads                                 1
CPXPARAM_MIP_Display                             4
CPXPARAM_MIP_Tolerances_AbsMIPGap                0
Tried aggregator 1 time.
LP Presolve eliminated 69 rows and 21 columns.
Aggregator did 3 substitutions.
Reduced LP has 6 rows, 3 columns, and 13 nonzeros.
Presolve time = 0.00 sec. (0.04 ticks)

Iteration log . . .
Iteration:     1   Dual objective     =      23009481.239133

--- LP status (1): optimal.
--- Cplex Time: 0.00sec (det. 0.07 ticks)


Optimal solution found
Objective:     21982252.718137

--- Reading solution for model Model1
--- Executing after solve: elapsed 0:00:03.745
--- June18_Saturday_Partial_con.gms(240) 4 Mb
--- Generating LP model Model1
--- June18_Saturday_Partial_con.gms(253) 4 Mb
--- LOOPS tot_vol = V3
---       Nu_SteadyDays = case5
---   102 rows  27 columns  191 non-zeroes
--- Executing CPLEX (Solvelink=2): elapsed 0:00:03.808

IBM ILOG CPLEX   33.2.0 r4f23b21 Released Dec 01, 2020 WEI x86 64bit/MS Window

--- GAMS/Cplex licensed for continuous and discrete problems.
--- GMO memory 0.51 Mb (peak 0.51 Mb)
--- Dictionary memory 0.00 Mb
--- Cplex 12.10.0.0 link memory 0.00 Mb (peak 0.01 Mb)
--- Starting Cplex

Version identifier: 12.10.0.0 | 2019-11-26 | 843d4de2ae
CPXPARAM_Advance                                 0
CPXPARAM_Threads                                 1
CPXPARAM_MIP_Display                             4
CPXPARAM_MIP_Tolerances_AbsMIPGap                0
Tried aggregator 1 time.
LP Presolve eliminated 90 rows and 19 columns.
Aggregator did 5 substitutions.
Reduced LP has 6 rows, 3 columns, and 13 nonzeros.
Presolve time = 0.00 sec. (0.05 ticks)

Iteration log . . .
Iteration:     1   Dual objective     =      23009481.239133

--- LP status (1): optimal.
--- Cplex Time: 0.00sec (det. 0.09 ticks)


Optimal solution found
Objective:     21988391.681337

--- Reading solution for model Model1
--- Executing after solve: elapsed 0:00:03.921
--- June18_Saturday_Partial_con.gms(240) 4 Mb
--- Generating LP model Model1
--- June18_Saturday_Partial_con.gms(253) 4 Mb
--- LOOPS tot_vol = V3
---       Nu_SteadyDays = case6
---   77 rows  27 columns  143 non-zeroes
--- Executing CPLEX (Solvelink=2): elapsed 0:00:03.940

IBM ILOG CPLEX   33.2.0 r4f23b21 Released Dec 01, 2020 WEI x86 64bit/MS Window

--- GAMS/Cplex licensed for continuous and discrete problems.
--- GMO memory 0.51 Mb (peak 0.51 Mb)
--- Dictionary memory 0.00 Mb
--- Cplex 12.10.0.0 link memory 0.00 Mb (peak 0.01 Mb)
--- Starting Cplex

Version identifier: 12.10.0.0 | 2019-11-26 | 843d4de2ae
CPXPARAM_Advance                                 0
CPXPARAM_Threads                                 1
CPXPARAM_MIP_Display                             4
CPXPARAM_MIP_Tolerances_AbsMIPGap                0
Tried aggregator 1 time.
LP Presolve eliminated 71 rows and 22 columns.
Aggregator did 5 substitutions.
All rows and columns eliminated.
Presolve time = 0.00 sec. (0.03 ticks)

--- LP status (1): optimal.
--- Cplex Time: 0.00sec (det. 0.06 ticks)


Optimal solution found
Objective:     21994530.644537

--- Reading solution for model Model1
--- Executing after solve: elapsed 0:00:04.029
--- June18_Saturday_Partial_con.gms(240) 4 Mb
--- Generating LP model Model1
--- June18_Saturday_Partial_con.gms(253) 4 Mb
--- LOOPS tot_vol = V3
---       Nu_SteadyDays = case7
---   94 rows  27 columns  175 non-zeroes
--- Executing CPLEX (Solvelink=2): elapsed 0:00:04.066

IBM ILOG CPLEX   33.2.0 r4f23b21 Released Dec 01, 2020 WEI x86 64bit/MS Window

--- GAMS/Cplex licensed for continuous and discrete problems.
--- GMO memory 0.51 Mb (peak 0.51 Mb)
--- Dictionary memory 0.00 Mb
--- Cplex 12.10.0.0 link memory 0.00 Mb (peak 0.01 Mb)
--- Starting Cplex

Version identifier: 12.10.0.0 | 2019-11-26 | 843d4de2ae
CPXPARAM_Advance                                 0
CPXPARAM_Threads                                 1
CPXPARAM_MIP_Display                             4
CPXPARAM_MIP_Tolerances_AbsMIPGap                0
Tried aggregator 1 time.
LP Presolve eliminated 86 rows and 20 columns.
Aggregator did 7 substitutions.
All rows and columns eliminated.
Presolve time = 0.00 sec. (0.04 ticks)

--- LP status (1): optimal.
--- Cplex Time: 0.02sec (det. 0.07 ticks)


Optimal solution found
Objective:     21937233.654670

--- Reading solution for model Model1
--- Executing after solve: elapsed 0:00:04.134
--- June18_Saturday_Partial_con.gms(240) 4 Mb
--- Generating LP model Model1
--- June18_Saturday_Partial_con.gms(253) 4 Mb
--- LOOPS tot_vol = V3
---       Nu_SteadyDays = case8
---   94 rows  27 columns  175 non-zeroes
--- Executing CPLEX (Solvelink=2): elapsed 0:00:04.201

IBM ILOG CPLEX   33.2.0 r4f23b21 Released Dec 01, 2020 WEI x86 64bit/MS Window

--- GAMS/Cplex licensed for continuous and discrete problems.
--- GMO memory 0.51 Mb (peak 0.51 Mb)
--- Dictionary memory 0.00 Mb
--- Cplex 12.10.0.0 link memory 0.00 Mb (peak 0.01 Mb)
--- Starting Cplex

Version identifier: 12.10.0.0 | 2019-11-26 | 843d4de2ae
CPXPARAM_Advance                                 0
CPXPARAM_Threads                                 1
CPXPARAM_MIP_Display                             4
CPXPARAM_MIP_Tolerances_AbsMIPGap                0
Tried aggregator 1 time.
LP Presolve eliminated 86 rows and 20 columns.
Aggregator did 7 substitutions.
All rows and columns eliminated.
Presolve time = 0.00 sec. (0.04 ticks)

--- LP status (1): optimal.
--- Cplex Time: 0.02sec (det. 0.07 ticks)


Optimal solution found
Objective:     21879936.664803

--- Reading solution for model Model1
--- Executing after solve: elapsed 0:00:04.311
--- June18_Saturday_Partial_con.gms(240) 4 Mb
--- Generating LP model Model1
--- June18_Saturday_Partial_con.gms(253) 4 Mb
--- LOOPS tot_vol = V3
---       Nu_SteadyDays = case9
---   94 rows  27 columns  175 non-zeroes
--- Executing CPLEX (Solvelink=2): elapsed 0:00:04.337

IBM ILOG CPLEX   33.2.0 r4f23b21 Released Dec 01, 2020 WEI x86 64bit/MS Window

--- GAMS/Cplex licensed for continuous and discrete problems.
--- GMO memory 0.51 Mb (peak 0.51 Mb)
--- Dictionary memory 0.00 Mb
--- Cplex 12.10.0.0 link memory 0.00 Mb (peak 0.01 Mb)
--- Starting Cplex

Version identifier: 12.10.0.0 | 2019-11-26 | 843d4de2ae
CPXPARAM_Advance                                 0
CPXPARAM_Threads                                 1
CPXPARAM_MIP_Display                             4
CPXPARAM_MIP_Tolerances_AbsMIPGap                0
Tried aggregator 1 time.
LP Presolve eliminated 86 rows and 20 columns.
Aggregator did 7 substitutions.
All rows and columns eliminated.
Presolve time = 0.00 sec. (0.04 ticks)

--- LP status (1): optimal.
--- Cplex Time: 0.00sec (det. 0.07 ticks)


Optimal solution found
Objective:     21593451.715470

--- Reading solution for model Model1
--- Executing after solve: elapsed 0:00:04.401
--- June18_Saturday_Partial_con.gms(240) 4 Mb
--- Generating LP model Model1
--- June18_Saturday_Partial_con.gms(253) 4 Mb
--- LOOPS tot_vol = V3
---       Nu_SteadyDays = case10
---   94 rows  27 columns  175 non-zeroes
--- Executing CPLEX (Solvelink=2): elapsed 0:00:04.466

IBM ILOG CPLEX   33.2.0 r4f23b21 Released Dec 01, 2020 WEI x86 64bit/MS Window

--- GAMS/Cplex licensed for continuous and discrete problems.
--- GMO memory 0.51 Mb (peak 0.51 Mb)
--- Dictionary memory 0.00 Mb
--- Cplex 12.10.0.0 link memory 0.00 Mb (peak 0.01 Mb)
--- Starting Cplex

Version identifier: 12.10.0.0 | 2019-11-26 | 843d4de2ae
CPXPARAM_Advance                                 0
CPXPARAM_Threads                                 1
CPXPARAM_MIP_Display                             4
CPXPARAM_MIP_Tolerances_AbsMIPGap                0
Tried aggregator 1 time.
LP Presolve eliminated 86 rows and 20 columns.
Aggregator did 7 substitutions.
All rows and columns eliminated.
Presolve time = 0.00 sec. (0.04 ticks)

--- LP status (1): optimal.
--- Cplex Time: 0.00sec (det. 0.07 ticks)


Optimal solution found
Objective:     21306966.766137

--- Reading solution for model Model1
--- Executing after solve: elapsed 0:00:04.551
--- June18_Saturday_Partial_con.gms(240) 4 Mb
--- Generating LP model Model1
--- June18_Saturday_Partial_con.gms(253) 4 Mb
--- LOOPS tot_vol = V3
---       Nu_SteadyDays = case11
---   94 rows  27 columns  175 non-zeroes
--- Executing CPLEX (Solvelink=2): elapsed 0:00:04.604

IBM ILOG CPLEX   33.2.0 r4f23b21 Released Dec 01, 2020 WEI x86 64bit/MS Window

--- GAMS/Cplex licensed for continuous and discrete problems.
--- GMO memory 0.51 Mb (peak 0.51 Mb)
--- Dictionary memory 0.00 Mb
--- Cplex 12.10.0.0 link memory 0.00 Mb (peak 0.01 Mb)
--- Starting Cplex

Version identifier: 12.10.0.0 | 2019-11-26 | 843d4de2ae
CPXPARAM_Advance                                 0
CPXPARAM_Threads                                 1
CPXPARAM_MIP_Display                             4
CPXPARAM_MIP_Tolerances_AbsMIPGap                0
Tried aggregator 1 time.
LP Presolve eliminated 86 rows and 20 columns.
Aggregator did 7 substitutions.
All rows and columns eliminated.
Presolve time = 0.00 sec. (0.04 ticks)

--- LP status (1): optimal.
--- Cplex Time: 0.00sec (det. 0.07 ticks)


Optimal solution found
Objective:     21020481.816803

--- Reading solution for model Model1
--- Executing after solve: elapsed 0:00:04.668
--- June18_Saturday_Partial_con.gms(240) 4 Mb
--- Generating LP model Model1
--- June18_Saturday_Partial_con.gms(253) 4 Mb
--- LOOPS tot_vol = V3
---       Nu_SteadyDays = case12
---   81 rows  27 columns  151 non-zeroes
--- Executing CPLEX (Solvelink=2): elapsed 0:00:04.731

IBM ILOG CPLEX   33.2.0 r4f23b21 Released Dec 01, 2020 WEI x86 64bit/MS Window

--- GAMS/Cplex licensed for continuous and discrete problems.
--- GMO memory 0.51 Mb (peak 0.51 Mb)
--- Dictionary memory 0.00 Mb
--- Cplex 12.10.0.0 link memory 0.00 Mb (peak 0.01 Mb)
--- Starting Cplex

Version identifier: 12.10.0.0 | 2019-11-26 | 843d4de2ae
CPXPARAM_Advance                                 0
CPXPARAM_Threads                                 1
CPXPARAM_MIP_Display                             4
CPXPARAM_MIP_Tolerances_AbsMIPGap                0
Tried aggregator 1 time.
LP Presolve eliminated 75 rows and 22 columns.
Aggregator did 5 substitutions.
All rows and columns eliminated.
Presolve time = 0.00 sec. (0.03 ticks)

--- LP status (1): optimal.
--- Cplex Time: 0.00sec (det. 0.06 ticks)


Optimal solution found
Objective:     20733996.867470

--- Reading solution for model Model1
--- Executing after solve: elapsed 0:00:04.806
--- June18_Saturday_Partial_con.gms(240) 4 Mb
--- Generating LP model Model1
--- June18_Saturday_Partial_con.gms(253) 4 Mb
--- LOOPS tot_vol = V4
---       Nu_SteadyDays = case1
---   97 rows  27 columns  183 non-zeroes
--- Executing CPLEX (Solvelink=2): elapsed 0:00:04.854

IBM ILOG CPLEX   33.2.0 r4f23b21 Released Dec 01, 2020 WEI x86 64bit/MS Window

--- GAMS/Cplex licensed for continuous and discrete problems.
--- GMO memory 0.51 Mb (peak 0.51 Mb)
--- Dictionary memory 0.00 Mb
--- Cplex 12.10.0.0 link memory 0.00 Mb (peak 0.01 Mb)
--- Starting Cplex

Version identifier: 12.10.0.0 | 2019-11-26 | 843d4de2ae
CPXPARAM_Advance                                 0
CPXPARAM_Threads                                 1
CPXPARAM_MIP_Display                             4
CPXPARAM_MIP_Tolerances_AbsMIPGap                0
Tried aggregator 1 time.
LP Presolve eliminated 85 rows and 21 columns.
Aggregator did 2 substitutions.
Reduced LP has 9 rows, 4 columns, and 20 nonzeros.
Presolve time = 0.00 sec. (0.05 ticks)

Iteration log . . .
Iteration:     1   Dual objective     =      25852575.215036

--- LP status (1): optimal.
--- Cplex Time: 0.00sec (det. 0.09 ticks)


Optimal solution found
Objective:     24089583.325455

--- Reading solution for model Model1
--- Executing after solve: elapsed 0:00:04.929
--- June18_Saturday_Partial_con.gms(240) 4 Mb
--- Generating LP model Model1
--- June18_Saturday_Partial_con.gms(253) 4 Mb
--- LOOPS tot_vol = V4
---       Nu_SteadyDays = case2
---   104 rows  27 columns  195 non-zeroes
--- Executing CPLEX (Solvelink=2): elapsed 0:00:04.980

IBM ILOG CPLEX   33.2.0 r4f23b21 Released Dec 01, 2020 WEI x86 64bit/MS Window

--- GAMS/Cplex licensed for continuous and discrete problems.
--- GMO memory 0.51 Mb (peak 0.51 Mb)
--- Dictionary memory 0.00 Mb
--- Cplex 12.10.0.0 link memory 0.00 Mb (peak 0.01 Mb)
--- Starting Cplex

Version identifier: 12.10.0.0 | 2019-11-26 | 843d4de2ae
CPXPARAM_Advance                                 0
CPXPARAM_Threads                                 1
CPXPARAM_MIP_Display                             4
CPXPARAM_MIP_Tolerances_AbsMIPGap                0
Tried aggregator 1 time.
LP Presolve eliminated 90 rows and 19 columns.
Aggregator did 4 substitutions.
Reduced LP has 9 rows, 4 columns, and 20 nonzeros.
Presolve time = 0.00 sec. (0.05 ticks)

Iteration log . . .
Iteration:     1   Dual objective     =      25852575.215036

--- LP status (1): optimal.
--- Cplex Time: 0.00sec (det. 0.09 ticks)


Optimal solution found
Objective:     24138695.031055

--- Reading solution for model Model1
--- Executing after solve: elapsed 0:00:05.049
--- June18_Saturday_Partial_con.gms(240) 4 Mb
--- Generating LP model Model1
--- June18_Saturday_Partial_con.gms(253) 4 Mb
--- LOOPS tot_vol = V4
---       Nu_SteadyDays = case3
---   104 rows  27 columns  195 non-zeroes
--- Executing CPLEX (Solvelink=2): elapsed 0:00:05.109

IBM ILOG CPLEX   33.2.0 r4f23b21 Released Dec 01, 2020 WEI x86 64bit/MS Window

--- GAMS/Cplex licensed for continuous and discrete problems.
--- GMO memory 0.51 Mb (peak 0.51 Mb)
--- Dictionary memory 0.00 Mb
--- Cplex 12.10.0.0 link memory 0.00 Mb (peak 0.01 Mb)
--- Starting Cplex

Version identifier: 12.10.0.0 | 2019-11-26 | 843d4de2ae
CPXPARAM_Advance                                 0
CPXPARAM_Threads                                 1
CPXPARAM_MIP_Display                             4
CPXPARAM_MIP_Tolerances_AbsMIPGap                0
Tried aggregator 1 time.
LP Presolve eliminated 90 rows and 19 columns.
Aggregator did 4 substitutions.
Reduced LP has 9 rows, 4 columns, and 20 nonzeros.
Presolve time = 0.00 sec. (0.05 ticks)

Iteration log . . .
Iteration:     1   Dual objective     =      25852575.215036

--- LP status (1): optimal.
--- Cplex Time: 0.00sec (det. 0.09 ticks)


Optimal solution found
Objective:     24187806.736655

--- Reading solution for model Model1
--- Executing after solve: elapsed 0:00:05.178
--- June18_Saturday_Partial_con.gms(240) 4 Mb
--- Generating LP model Model1
--- June18_Saturday_Partial_con.gms(253) 4 Mb
--- LOOPS tot_vol = V4
---       Nu_SteadyDays = case4
---   79 rows  27 columns  147 non-zeroes
--- Executing CPLEX (Solvelink=2): elapsed 0:00:05.242

IBM ILOG CPLEX   33.2.0 r4f23b21 Released Dec 01, 2020 WEI x86 64bit/MS Window

--- GAMS/Cplex licensed for continuous and discrete problems.
--- GMO memory 0.51 Mb (peak 0.51 Mb)
--- Dictionary memory 0.00 Mb
--- Cplex 12.10.0.0 link memory 0.00 Mb (peak 0.01 Mb)
--- Starting Cplex

Version identifier: 12.10.0.0 | 2019-11-26 | 843d4de2ae
CPXPARAM_Advance                                 0
CPXPARAM_Threads                                 1
CPXPARAM_MIP_Display                             4
CPXPARAM_MIP_Tolerances_AbsMIPGap                0
Tried aggregator 1 time.
LP Presolve eliminated 69 rows and 21 columns.
Aggregator did 3 substitutions.
Reduced LP has 6 rows, 3 columns, and 13 nonzeros.
Presolve time = 0.00 sec. (0.04 ticks)

Iteration log . . .
Iteration:     1   Dual objective     =      25852575.215036

--- LP status (1): optimal.
--- Cplex Time: 0.00sec (det. 0.07 ticks)


Optimal solution found
Objective:     24286030.147855

--- Reading solution for model Model1
--- Executing after solve: elapsed 0:00:05.326
--- June18_Saturday_Partial_con.gms(240) 4 Mb
--- Generating LP model Model1
--- June18_Saturday_Partial_con.gms(253) 4 Mb
--- LOOPS tot_vol = V4
---       Nu_SteadyDays = case5
---   102 rows  27 columns  191 non-zeroes
--- Executing CPLEX (Solvelink=2): elapsed 0:00:05.382

IBM ILOG CPLEX   33.2.0 r4f23b21 Released Dec 01, 2020 WEI x86 64bit/MS Window

--- GAMS/Cplex licensed for continuous and discrete problems.
--- GMO memory 0.51 Mb (peak 0.51 Mb)
--- Dictionary memory 0.00 Mb
--- Cplex 12.10.0.0 link memory 0.00 Mb (peak 0.01 Mb)
--- Starting Cplex

Version identifier: 12.10.0.0 | 2019-11-26 | 843d4de2ae
CPXPARAM_Advance                                 0
CPXPARAM_Threads                                 1
CPXPARAM_MIP_Display                             4
CPXPARAM_MIP_Tolerances_AbsMIPGap                0
Tried aggregator 1 time.
LP Presolve eliminated 90 rows and 19 columns.
Aggregator did 5 substitutions.
Reduced LP has 6 rows, 3 columns, and 13 nonzeros.
Presolve time = 0.00 sec. (0.05 ticks)

Iteration log . . .
Iteration:     1   Dual objective     =      25852575.215036

--- LP status (1): optimal.
--- Cplex Time: 0.00sec (det. 0.09 ticks)


Optimal solution found
Objective:     24292169.111055

--- Reading solution for model Model1
--- Executing after solve: elapsed 0:00:05.460
--- June18_Saturday_Partial_con.gms(240) 4 Mb
--- Generating LP model Model1
--- June18_Saturday_Partial_con.gms(253) 4 Mb
--- LOOPS tot_vol = V4
---       Nu_SteadyDays = case6
---   77 rows  27 columns  143 non-zeroes
--- Executing CPLEX (Solvelink=2): elapsed 0:00:05.518

IBM ILOG CPLEX   33.2.0 r4f23b21 Released Dec 01, 2020 WEI x86 64bit/MS Window

--- GAMS/Cplex licensed for continuous and discrete problems.
--- GMO memory 0.51 Mb (peak 0.51 Mb)
--- Dictionary memory 0.00 Mb
--- Cplex 12.10.0.0 link memory 0.00 Mb (peak 0.01 Mb)
--- Starting Cplex

Version identifier: 12.10.0.0 | 2019-11-26 | 843d4de2ae
CPXPARAM_Advance                                 0
CPXPARAM_Threads                                 1
CPXPARAM_MIP_Display                             4
CPXPARAM_MIP_Tolerances_AbsMIPGap                0
Tried aggregator 1 time.
LP Presolve eliminated 71 rows and 22 columns.
Aggregator did 5 substitutions.
All rows and columns eliminated.
Presolve time = 0.00 sec. (0.03 ticks)

--- LP status (1): optimal.
--- Cplex Time: 0.00sec (det. 0.06 ticks)


Optimal solution found
Objective:     24298308.074255

--- Reading solution for model Model1
--- Executing after solve: elapsed 0:00:05.610
--- June18_Saturday_Partial_con.gms(240) 4 Mb
--- Generating LP model Model1
--- June18_Saturday_Partial_con.gms(253) 4 Mb
--- LOOPS tot_vol = V4
---       Nu_SteadyDays = case7
---   94 rows  27 columns  175 non-zeroes
--- Executing CPLEX (Solvelink=2): elapsed 0:00:05.654

IBM ILOG CPLEX   33.2.0 r4f23b21 Released Dec 01, 2020 WEI x86 64bit/MS Window

--- GAMS/Cplex licensed for continuous and discrete problems.
--- GMO memory 0.51 Mb (peak 0.51 Mb)
--- Dictionary memory 0.00 Mb
--- Cplex 12.10.0.0 link memory 0.00 Mb (peak 0.01 Mb)
--- Starting Cplex

Version identifier: 12.10.0.0 | 2019-11-26 | 843d4de2ae
CPXPARAM_Advance                                 0
CPXPARAM_Threads                                 1
CPXPARAM_MIP_Display                             4
CPXPARAM_MIP_Tolerances_AbsMIPGap                0
Tried aggregator 1 time.
LP Presolve eliminated 86 rows and 20 columns.
Aggregator did 7 substitutions.
All rows and columns eliminated.
Presolve time = 0.00 sec. (0.04 ticks)

--- LP status (1): optimal.
--- Cplex Time: 0.00sec (det. 0.07 ticks)


Optimal solution found
Objective:     24241011.084389

--- Reading solution for model Model1
--- Executing after solve: elapsed 0:00:05.723
--- June18_Saturday_Partial_con.gms(240) 4 Mb
--- Generating LP model Model1
--- June18_Saturday_Partial_con.gms(253) 4 Mb
--- LOOPS tot_vol = V4
---       Nu_SteadyDays = case8
---   94 rows  27 columns  175 non-zeroes
--- Executing CPLEX (Solvelink=2): elapsed 0:00:05.782

IBM ILOG CPLEX   33.2.0 r4f23b21 Released Dec 01, 2020 WEI x86 64bit/MS Window

--- GAMS/Cplex licensed for continuous and discrete problems.
--- GMO memory 0.51 Mb (peak 0.51 Mb)
--- Dictionary memory 0.00 Mb
--- Cplex 12.10.0.0 link memory 0.00 Mb (peak 0.01 Mb)
--- Starting Cplex

Version identifier: 12.10.0.0 | 2019-11-26 | 843d4de2ae
CPXPARAM_Advance                                 0
CPXPARAM_Threads                                 1
CPXPARAM_MIP_Display                             4
CPXPARAM_MIP_Tolerances_AbsMIPGap                0
Tried aggregator 1 time.
LP Presolve eliminated 86 rows and 20 columns.
Aggregator did 7 substitutions.
All rows and columns eliminated.
Presolve time = 0.00 sec. (0.04 ticks)

--- LP status (1): optimal.
--- Cplex Time: 0.00sec (det. 0.07 ticks)


Optimal solution found
Objective:     24183714.094522

--- Reading solution for model Model1
--- Executing after solve: elapsed 0:00:05.915
--- June18_Saturday_Partial_con.gms(240) 4 Mb
--- Generating LP model Model1
--- June18_Saturday_Partial_con.gms(253) 4 Mb
--- LOOPS tot_vol = V4
---       Nu_SteadyDays = case9
---   94 rows  27 columns  175 non-zeroes
--- Executing CPLEX (Solvelink=2): elapsed 0:00:05.918

IBM ILOG CPLEX   33.2.0 r4f23b21 Released Dec 01, 2020 WEI x86 64bit/MS Window

--- GAMS/Cplex licensed for continuous and discrete problems.
--- GMO memory 0.51 Mb (peak 0.51 Mb)
--- Dictionary memory 0.00 Mb
--- Cplex 12.10.0.0 link memory 0.00 Mb (peak 0.01 Mb)
--- Starting Cplex

Version identifier: 12.10.0.0 | 2019-11-26 | 843d4de2ae
CPXPARAM_Advance                                 0
CPXPARAM_Threads                                 1
CPXPARAM_MIP_Display                             4
CPXPARAM_MIP_Tolerances_AbsMIPGap                0
Tried aggregator 1 time.
LP Presolve eliminated 86 rows and 20 columns.
Aggregator did 7 substitutions.
All rows and columns eliminated.
Presolve time = 0.00 sec. (0.04 ticks)

--- LP status (1): optimal.
--- Cplex Time: 0.00sec (det. 0.07 ticks)


Optimal solution found
Objective:     23897229.145189

--- Reading solution for model Model1
--- Executing after solve: elapsed 0:00:05.990
--- June18_Saturday_Partial_con.gms(240) 4 Mb
--- Generating LP model Model1
--- June18_Saturday_Partial_con.gms(253) 4 Mb
--- LOOPS tot_vol = V4
---       Nu_SteadyDays = case10
---   94 rows  27 columns  175 non-zeroes
--- Executing CPLEX (Solvelink=2): elapsed 0:00:06.041

IBM ILOG CPLEX   33.2.0 r4f23b21 Released Dec 01, 2020 WEI x86 64bit/MS Window

--- GAMS/Cplex licensed for continuous and discrete problems.
--- GMO memory 0.51 Mb (peak 0.51 Mb)
--- Dictionary memory 0.00 Mb
--- Cplex 12.10.0.0 link memory 0.00 Mb (peak 0.01 Mb)
--- Starting Cplex

Version identifier: 12.10.0.0 | 2019-11-26 | 843d4de2ae
CPXPARAM_Advance                                 0
CPXPARAM_Threads                                 1
CPXPARAM_MIP_Display                             4
CPXPARAM_MIP_Tolerances_AbsMIPGap                0
Tried aggregator 1 time.
LP Presolve eliminated 86 rows and 20 columns.
Aggregator did 7 substitutions.
All rows and columns eliminated.
Presolve time = 0.00 sec. (0.04 ticks)

--- LP status (1): optimal.
--- Cplex Time: 0.00sec (det. 0.07 ticks)


Optimal solution found
Objective:     23610744.195855

--- Reading solution for model Model1
--- Executing after solve: elapsed 0:00:06.148
--- June18_Saturday_Partial_con.gms(240) 4 Mb
--- Generating LP model Model1
--- June18_Saturday_Partial_con.gms(253) 4 Mb
--- LOOPS tot_vol = V4
---       Nu_SteadyDays = case11
---   94 rows  27 columns  175 non-zeroes
--- Executing CPLEX (Solvelink=2): elapsed 0:00:06.169

IBM ILOG CPLEX   33.2.0 r4f23b21 Released Dec 01, 2020 WEI x86 64bit/MS Window

--- GAMS/Cplex licensed for continuous and discrete problems.
--- GMO memory 0.51 Mb (peak 0.51 Mb)
--- Dictionary memory 0.00 Mb
--- Cplex 12.10.0.0 link memory 0.00 Mb (peak 0.01 Mb)
--- Starting Cplex

Version identifier: 12.10.0.0 | 2019-11-26 | 843d4de2ae
CPXPARAM_Advance                                 0
CPXPARAM_Threads                                 1
CPXPARAM_MIP_Display                             4
CPXPARAM_MIP_Tolerances_AbsMIPGap                0
Tried aggregator 1 time.
LP Presolve eliminated 86 rows and 20 columns.
Aggregator did 7 substitutions.
All rows and columns eliminated.
Presolve time = 0.00 sec. (0.04 ticks)

--- LP status (1): optimal.
--- Cplex Time: 0.00sec (det. 0.07 ticks)


Optimal solution found
Objective:     23324259.246522

--- Reading solution for model Model1
--- Executing after solve: elapsed 0:00:06.225
--- June18_Saturday_Partial_con.gms(240) 4 Mb
--- Generating LP model Model1
--- June18_Saturday_Partial_con.gms(253) 4 Mb
--- LOOPS tot_vol = V4
---       Nu_SteadyDays = case12
---   81 rows  27 columns  151 non-zeroes
--- Executing CPLEX (Solvelink=2): elapsed 0:00:06.296

IBM ILOG CPLEX   33.2.0 r4f23b21 Released Dec 01, 2020 WEI x86 64bit/MS Window

--- GAMS/Cplex licensed for continuous and discrete problems.
--- GMO memory 0.51 Mb (peak 0.51 Mb)
--- Dictionary memory 0.00 Mb
--- Cplex 12.10.0.0 link memory 0.00 Mb (peak 0.01 Mb)
--- Starting Cplex

Version identifier: 12.10.0.0 | 2019-11-26 | 843d4de2ae
CPXPARAM_Advance                                 0
CPXPARAM_Threads                                 1
CPXPARAM_MIP_Display                             4
CPXPARAM_MIP_Tolerances_AbsMIPGap                0
Tried aggregator 1 time.
LP Presolve eliminated 75 rows and 22 columns.
Aggregator did 5 substitutions.
All rows and columns eliminated.
Presolve time = 0.00 sec. (0.03 ticks)

--- LP status (1): optimal.
--- Cplex Time: 0.00sec (det. 0.06 ticks)


Optimal solution found
Objective:     23037774.297189

--- Reading solution for model Model1
--- Executing after solve: elapsed 0:00:06.393
--- June18_Saturday_Partial_con.gms(240) 4 Mb
--- Generating LP model Model1
--- June18_Saturday_Partial_con.gms(253) 4 Mb
--- LOOPS tot_vol = V5
---       Nu_SteadyDays = case1
---   97 rows  27 columns  183 non-zeroes
--- Executing CPLEX (Solvelink=2): elapsed 0:00:06.431

IBM ILOG CPLEX   33.2.0 r4f23b21 Released Dec 01, 2020 WEI x86 64bit/MS Window

--- GAMS/Cplex licensed for continuous and discrete problems.
--- GMO memory 0.51 Mb (peak 0.51 Mb)
--- Dictionary memory 0.00 Mb
--- Cplex 12.10.0.0 link memory 0.00 Mb (peak 0.01 Mb)
--- Starting Cplex

Version identifier: 12.10.0.0 | 2019-11-26 | 843d4de2ae
CPXPARAM_Advance                                 0
CPXPARAM_Threads                                 1
CPXPARAM_MIP_Display                             4
CPXPARAM_MIP_Tolerances_AbsMIPGap                0
Tried aggregator 1 time.
LP Presolve eliminated 85 rows and 21 columns.
Aggregator did 2 substitutions.
Reduced LP has 9 rows, 4 columns, and 20 nonzeros.
Presolve time = 0.00 sec. (0.05 ticks)

Iteration log . . .
Iteration:     1   Dual objective     =      28695669.190940

--- LP status (1): optimal.
--- Cplex Time: 0.01sec (det. 0.09 ticks)


Optimal solution found
Objective:     26393360.755174

--- Reading solution for model Model1
--- Executing after solve: elapsed 0:00:06.494
--- June18_Saturday_Partial_con.gms(240) 4 Mb
--- Generating LP model Model1
--- June18_Saturday_Partial_con.gms(253) 4 Mb
--- LOOPS tot_vol = V5
---       Nu_SteadyDays = case2
---   104 rows  27 columns  195 non-zeroes
--- Executing CPLEX (Solvelink=2): elapsed 0:00:06.561

IBM ILOG CPLEX   33.2.0 r4f23b21 Released Dec 01, 2020 WEI x86 64bit/MS Window

--- GAMS/Cplex licensed for continuous and discrete problems.
--- GMO memory 0.51 Mb (peak 0.51 Mb)
--- Dictionary memory 0.00 Mb
--- Cplex 12.10.0.0 link memory 0.00 Mb (peak 0.01 Mb)
--- Starting Cplex

Version identifier: 12.10.0.0 | 2019-11-26 | 843d4de2ae
CPXPARAM_Advance                                 0
CPXPARAM_Threads                                 1
CPXPARAM_MIP_Display                             4
CPXPARAM_MIP_Tolerances_AbsMIPGap                0
Tried aggregator 1 time.
LP Presolve eliminated 90 rows and 19 columns.
Aggregator did 4 substitutions.
Reduced LP has 9 rows, 4 columns, and 20 nonzeros.
Presolve time = 0.00 sec. (0.05 ticks)

Iteration log . . .
Iteration:     1   Dual objective     =      28695669.190940

--- LP status (1): optimal.
--- Cplex Time: 0.00sec (det. 0.09 ticks)


Optimal solution found
Objective:     26442472.460774

--- Reading solution for model Model1
--- Executing after solve: elapsed 0:00:06.645
--- June18_Saturday_Partial_con.gms(240) 4 Mb
--- Generating LP model Model1
--- June18_Saturday_Partial_con.gms(253) 4 Mb
--- LOOPS tot_vol = V5
---       Nu_SteadyDays = case3
---   104 rows  27 columns  195 non-zeroes
--- Executing CPLEX (Solvelink=2): elapsed 0:00:06.690

IBM ILOG CPLEX   33.2.0 r4f23b21 Released Dec 01, 2020 WEI x86 64bit/MS Window

--- GAMS/Cplex licensed for continuous and discrete problems.
--- GMO memory 0.51 Mb (peak 0.51 Mb)
--- Dictionary memory 0.00 Mb
--- Cplex 12.10.0.0 link memory 0.00 Mb (peak 0.01 Mb)
--- Starting Cplex

Version identifier: 12.10.0.0 | 2019-11-26 | 843d4de2ae
CPXPARAM_Advance                                 0
CPXPARAM_Threads                                 1
CPXPARAM_MIP_Display                             4
CPXPARAM_MIP_Tolerances_AbsMIPGap                0
Tried aggregator 1 time.
LP Presolve eliminated 90 rows and 19 columns.
Aggregator did 4 substitutions.
Reduced LP has 9 rows, 4 columns, and 20 nonzeros.
Presolve time = 0.00 sec. (0.05 ticks)

Iteration log . . .
Iteration:     1   Dual objective     =      28695669.190940

--- LP status (1): optimal.
--- Cplex Time: 0.00sec (det. 0.09 ticks)


Optimal solution found
Objective:     26491584.166374

--- Reading solution for model Model1
--- Executing after solve: elapsed 0:00:06.741
--- June18_Saturday_Partial_con.gms(240) 4 Mb
--- Generating LP model Model1
--- June18_Saturday_Partial_con.gms(253) 4 Mb
--- LOOPS tot_vol = V5
---       Nu_SteadyDays = case4
---   79 rows  27 columns  147 non-zeroes
--- Executing CPLEX (Solvelink=2): elapsed 0:00:06.820

IBM ILOG CPLEX   33.2.0 r4f23b21 Released Dec 01, 2020 WEI x86 64bit/MS Window

--- GAMS/Cplex licensed for continuous and discrete problems.
--- GMO memory 0.51 Mb (peak 0.51 Mb)
--- Dictionary memory 0.00 Mb
--- Cplex 12.10.0.0 link memory 0.00 Mb (peak 0.01 Mb)
--- Starting Cplex

Version identifier: 12.10.0.0 | 2019-11-26 | 843d4de2ae
CPXPARAM_Advance                                 0
CPXPARAM_Threads                                 1
CPXPARAM_MIP_Display                             4
CPXPARAM_MIP_Tolerances_AbsMIPGap                0
Tried aggregator 1 time.
LP Presolve eliminated 69 rows and 21 columns.
Aggregator did 3 substitutions.
Reduced LP has 6 rows, 3 columns, and 13 nonzeros.
Presolve time = 0.00 sec. (0.04 ticks)

Iteration log . . .
Iteration:     1   Dual objective     =      28695669.190940

--- LP status (1): optimal.
--- Cplex Time: 0.00sec (det. 0.07 ticks)


Optimal solution found
Objective:     26589807.577574

--- Reading solution for model Model1
--- Executing after solve: elapsed 0:00:06.899
--- June18_Saturday_Partial_con.gms(240) 4 Mb
--- Generating LP model Model1
--- June18_Saturday_Partial_con.gms(253) 4 Mb
--- LOOPS tot_vol = V5
---       Nu_SteadyDays = case5
---   102 rows  27 columns  191 non-zeroes
--- Executing CPLEX (Solvelink=2): elapsed 0:00:06.955

IBM ILOG CPLEX   33.2.0 r4f23b21 Released Dec 01, 2020 WEI x86 64bit/MS Window

--- GAMS/Cplex licensed for continuous and discrete problems.
--- GMO memory 0.51 Mb (peak 0.51 Mb)
--- Dictionary memory 0.00 Mb
--- Cplex 12.10.0.0 link memory 0.00 Mb (peak 0.01 Mb)
--- Starting Cplex

Version identifier: 12.10.0.0 | 2019-11-26 | 843d4de2ae
CPXPARAM_Advance                                 0
CPXPARAM_Threads                                 1
CPXPARAM_MIP_Display                             4
CPXPARAM_MIP_Tolerances_AbsMIPGap                0
Tried aggregator 1 time.
LP Presolve eliminated 90 rows and 19 columns.
Aggregator did 5 substitutions.
Reduced LP has 6 rows, 3 columns, and 13 nonzeros.
Presolve time = 0.00 sec. (0.05 ticks)

Iteration log . . .
Iteration:     1   Dual objective     =      28695669.190940

--- LP status (1): optimal.
--- Cplex Time: 0.00sec (det. 0.09 ticks)


Optimal solution found
Objective:     26595946.540774

--- Reading solution for model Model1
--- Executing after solve: elapsed 0:00:07.022
--- June18_Saturday_Partial_con.gms(240) 4 Mb
--- Generating LP model Model1
--- June18_Saturday_Partial_con.gms(253) 4 Mb
--- LOOPS tot_vol = V5
---       Nu_SteadyDays = case6
---   77 rows  27 columns  143 non-zeroes
--- Executing CPLEX (Solvelink=2): elapsed 0:00:07.084

IBM ILOG CPLEX   33.2.0 r4f23b21 Released Dec 01, 2020 WEI x86 64bit/MS Window

--- GAMS/Cplex licensed for continuous and discrete problems.
--- GMO memory 0.51 Mb (peak 0.51 Mb)
--- Dictionary memory 0.00 Mb
--- Cplex 12.10.0.0 link memory 0.00 Mb (peak 0.01 Mb)
--- Starting Cplex

Version identifier: 12.10.0.0 | 2019-11-26 | 843d4de2ae
CPXPARAM_Advance                                 0
CPXPARAM_Threads                                 1
CPXPARAM_MIP_Display                             4
CPXPARAM_MIP_Tolerances_AbsMIPGap                0
Tried aggregator 1 time.
LP Presolve eliminated 71 rows and 22 columns.
Aggregator did 5 substitutions.
All rows and columns eliminated.
Presolve time = 0.00 sec. (0.03 ticks)

--- LP status (1): optimal.
--- Cplex Time: 0.00sec (det. 0.06 ticks)


Optimal solution found
Objective:     26602085.503974

--- Reading solution for model Model1
--- Executing after solve: elapsed 0:00:07.172
--- June18_Saturday_Partial_con.gms(240) 4 Mb
--- Generating LP model Model1
--- June18_Saturday_Partial_con.gms(253) 4 Mb
--- LOOPS tot_vol = V5
---       Nu_SteadyDays = case7
---   94 rows  27 columns  175 non-zeroes
--- Executing CPLEX (Solvelink=2): elapsed 0:00:07.217

IBM ILOG CPLEX   33.2.0 r4f23b21 Released Dec 01, 2020 WEI x86 64bit/MS Window

--- GAMS/Cplex licensed for continuous and discrete problems.
--- GMO memory 0.51 Mb (peak 0.51 Mb)
--- Dictionary memory 0.00 Mb
--- Cplex 12.10.0.0 link memory 0.00 Mb (peak 0.01 Mb)
--- Starting Cplex

Version identifier: 12.10.0.0 | 2019-11-26 | 843d4de2ae
CPXPARAM_Advance                                 0
CPXPARAM_Threads                                 1
CPXPARAM_MIP_Display                             4
CPXPARAM_MIP_Tolerances_AbsMIPGap                0
Tried aggregator 1 time.
LP Presolve eliminated 86 rows and 20 columns.
Aggregator did 7 substitutions.
All rows and columns eliminated.
Presolve time = 0.00 sec. (0.04 ticks)

--- LP status (1): optimal.
--- Cplex Time: 0.00sec (det. 0.07 ticks)


Optimal solution found
Objective:     26544788.514108

--- Reading solution for model Model1
--- Executing after solve: elapsed 0:00:07.301
--- June18_Saturday_Partial_con.gms(240) 4 Mb
--- Generating LP model Model1
--- June18_Saturday_Partial_con.gms(253) 4 Mb
--- LOOPS tot_vol = V5
---       Nu_SteadyDays = case8
---   94 rows  27 columns  175 non-zeroes
--- Executing CPLEX (Solvelink=2): elapsed 0:00:07.347

IBM ILOG CPLEX   33.2.0 r4f23b21 Released Dec 01, 2020 WEI x86 64bit/MS Window

--- GAMS/Cplex licensed for continuous and discrete problems.
--- GMO memory 0.51 Mb (peak 0.51 Mb)
--- Dictionary memory 0.00 Mb
--- Cplex 12.10.0.0 link memory 0.00 Mb (peak 0.01 Mb)
--- Starting Cplex

Version identifier: 12.10.0.0 | 2019-11-26 | 843d4de2ae
CPXPARAM_Advance                                 0
CPXPARAM_Threads                                 1
CPXPARAM_MIP_Display                             4
CPXPARAM_MIP_Tolerances_AbsMIPGap                0
Tried aggregator 1 time.
LP Presolve eliminated 86 rows and 20 columns.
Aggregator did 7 substitutions.
All rows and columns eliminated.
Presolve time = 0.00 sec. (0.04 ticks)

--- LP status (1): optimal.
--- Cplex Time: 0.00sec (det. 0.07 ticks)


Optimal solution found
Objective:     26487491.524241

--- Reading solution for model Model1
--- Executing after solve: elapsed 0:00:07.419
--- June18_Saturday_Partial_con.gms(240) 4 Mb
--- Generating LP model Model1
--- June18_Saturday_Partial_con.gms(253) 4 Mb
--- LOOPS tot_vol = V5
---       Nu_SteadyDays = case9
---   94 rows  27 columns  175 non-zeroes
--- Executing CPLEX (Solvelink=2): elapsed 0:00:07.479

IBM ILOG CPLEX   33.2.0 r4f23b21 Released Dec 01, 2020 WEI x86 64bit/MS Window

--- GAMS/Cplex licensed for continuous and discrete problems.
--- GMO memory 0.51 Mb (peak 0.51 Mb)
--- Dictionary memory 0.00 Mb
--- Cplex 12.10.0.0 link memory 0.00 Mb (peak 0.01 Mb)
--- Starting Cplex

Version identifier: 12.10.0.0 | 2019-11-26 | 843d4de2ae
CPXPARAM_Advance                                 0
CPXPARAM_Threads                                 1
CPXPARAM_MIP_Display                             4
CPXPARAM_MIP_Tolerances_AbsMIPGap                0
Tried aggregator 1 time.
LP Presolve eliminated 86 rows and 20 columns.
Aggregator did 7 substitutions.
All rows and columns eliminated.
Presolve time = 0.00 sec. (0.04 ticks)

--- LP status (1): optimal.
--- Cplex Time: 0.00sec (det. 0.07 ticks)


Optimal solution found
Objective:     26201006.574908

--- Reading solution for model Model1
--- Executing after solve: elapsed 0:00:07.566
--- June18_Saturday_Partial_con.gms(240) 4 Mb
--- Generating LP model Model1
--- June18_Saturday_Partial_con.gms(253) 4 Mb
--- LOOPS tot_vol = V5
---       Nu_SteadyDays = case10
---   94 rows  27 columns  175 non-zeroes
--- Executing CPLEX (Solvelink=2): elapsed 0:00:07.613

IBM ILOG CPLEX   33.2.0 r4f23b21 Released Dec 01, 2020 WEI x86 64bit/MS Window

--- GAMS/Cplex licensed for continuous and discrete problems.
--- GMO memory 0.51 Mb (peak 0.51 Mb)
--- Dictionary memory 0.00 Mb
--- Cplex 12.10.0.0 link memory 0.00 Mb (peak 0.01 Mb)
--- Starting Cplex

Version identifier: 12.10.0.0 | 2019-11-26 | 843d4de2ae
CPXPARAM_Advance                                 0
CPXPARAM_Threads                                 1
CPXPARAM_MIP_Display                             4
CPXPARAM_MIP_Tolerances_AbsMIPGap                0
Tried aggregator 1 time.
LP Presolve eliminated 86 rows and 20 columns.
Aggregator did 7 substitutions.
All rows and columns eliminated.
Presolve time = 0.00 sec. (0.04 ticks)

--- LP status (1): optimal.
--- Cplex Time: 0.00sec (det. 0.07 ticks)


Optimal solution found
Objective:     25914521.625574

--- Reading solution for model Model1
--- Executing after solve: elapsed 0:00:07.684
--- June18_Saturday_Partial_con.gms(240) 4 Mb
--- Generating LP model Model1
--- June18_Saturday_Partial_con.gms(253) 4 Mb
--- LOOPS tot_vol = V5
---       Nu_SteadyDays = case11
---   94 rows  27 columns  175 non-zeroes
--- Executing CPLEX (Solvelink=2): elapsed 0:00:07.741

IBM ILOG CPLEX   33.2.0 r4f23b21 Released Dec 01, 2020 WEI x86 64bit/MS Window

--- GAMS/Cplex licensed for continuous and discrete problems.
--- GMO memory 0.51 Mb (peak 0.51 Mb)
--- Dictionary memory 0.00 Mb
--- Cplex 12.10.0.0 link memory 0.00 Mb (peak 0.01 Mb)
--- Starting Cplex

Version identifier: 12.10.0.0 | 2019-11-26 | 843d4de2ae
CPXPARAM_Advance                                 0
CPXPARAM_Threads                                 1
CPXPARAM_MIP_Display                             4
CPXPARAM_MIP_Tolerances_AbsMIPGap                0
Tried aggregator 1 time.
LP Presolve eliminated 86 rows and 20 columns.
Aggregator did 7 substitutions.
All rows and columns eliminated.
Presolve time = 0.00 sec. (0.04 ticks)

--- LP status (1): optimal.
--- Cplex Time: 0.00sec (det. 0.07 ticks)


Optimal solution found
Objective:     25628036.676241

--- Reading solution for model Model1
--- Executing after solve: elapsed 0:00:07.832
--- June18_Saturday_Partial_con.gms(240) 4 Mb
--- Generating LP model Model1
--- June18_Saturday_Partial_con.gms(253) 4 Mb
--- LOOPS tot_vol = V5
---       Nu_SteadyDays = case12
---   81 rows  27 columns  151 non-zeroes
--- Executing CPLEX (Solvelink=2): elapsed 0:00:07.878

IBM ILOG CPLEX   33.2.0 r4f23b21 Released Dec 01, 2020 WEI x86 64bit/MS Window

--- GAMS/Cplex licensed for continuous and discrete problems.
--- GMO memory 0.51 Mb (peak 0.51 Mb)
--- Dictionary memory 0.00 Mb
--- Cplex 12.10.0.0 link memory 0.00 Mb (peak 0.01 Mb)
--- Starting Cplex

Version identifier: 12.10.0.0 | 2019-11-26 | 843d4de2ae
CPXPARAM_Advance                                 0
CPXPARAM_Threads                                 1
CPXPARAM_MIP_Display                             4
CPXPARAM_MIP_Tolerances_AbsMIPGap                0
Tried aggregator 1 time.
LP Presolve eliminated 75 rows and 22 columns.
Aggregator did 5 substitutions.
All rows and columns eliminated.
Presolve time = 0.00 sec. (0.03 ticks)

--- LP status (1): optimal.
--- Cplex Time: 0.02sec (det. 0.06 ticks)


Optimal solution found
Objective:     25341551.726908

--- Reading solution for model Model1
--- Executing after solve: elapsed 0:00:07.963
--- June18_Saturday_Partial_con.gms(287) 4 Mb
--- GDX File (execute_unload) E:\Class project\GCD_BugFlowExperiment\June 2018\Saturday Model\partialcons_H4.gdx
--- June18_Saturday_Partial_con.gms(289) 4 Mb
GDX2XLS          33.2.0 r4f23b21 Released Dec 01, 2020 WEI x86 64bit/MS Window
Output file: E:\Class project\GCD_BugFlowExperiment\June 2018\Saturday Model\partialcons_H4.xlsx
(Created backup file)
*** Status: Normal completion
--- Job June18_Saturday_Partial_con.gms Stop 05/27/21 10:23:17 elapsed 0:00:25.248
